Calling target program-options parser
[04:26:23.134] [bmv2] [D] [thread 7303] Set default default entry for table 'tbl_receive_proposal': MyIngress.receive_proposal - 
[04:26:23.134] [bmv2] [D] [thread 7303] Set default default entry for table 'tbl_act': act_0 - 
[04:26:23.134] [bmv2] [D] [thread 7303] Set default default entry for table 'tbl_act_0': act - 
[04:26:23.134] [bmv2] [D] [thread 7303] Set default default entry for table 'tbl_act_1': act_1 - 
[04:26:23.134] [bmv2] [D] [thread 7303] Set default default entry for table 'MyIngress.send_to_gvt_c': NoAction - 
[04:26:23.134] [bmv2] [D] [thread 7303] Set default default entry for table 'tbl_start_round': MyIngress.start_round - 
[04:26:23.134] [bmv2] [D] [thread 7303] Set default default entry for table 'MyIngress.ipv4_lpm': NoAction - 
[04:26:23.134] [bmv2] [D] [thread 7303] Set default default entry for table 'MyEgress.map_ethernet': NoAction - 
Adding interface s1-eth1 as port 1
[04:26:23.135] [bmv2] [D] [thread 7303] Adding interface s1-eth1 as port 1
Adding interface s1-eth2 as port 2
[04:26:23.169] [bmv2] [D] [thread 7303] Adding interface s1-eth2 as port 2
Adding interface s1-eth3 as port 3
[04:26:23.194] [bmv2] [D] [thread 7303] Adding interface s1-eth3 as port 3
I0517 04:26:23.218337062    7303 server_builder.cc:247]      Synchronous server. Num CQs: 1, Min pollers: 1, Max Pollers: 2147483647, CQ timeout (msec): 1000
Server listening on 0.0.0.0:50051
[04:26:23.224] [bmv2] [I] [thread 7303] Starting Thrift server on port 9090
[04:26:23.225] [bmv2] [I] [thread 7303] Thrift server was started
[04:26:23.286] [bmv2] [D] [thread 7310] [0.0] [cxt 0] Processing packet received on port 1
[04:26:23.286] [bmv2] [D] [thread 7310] [0.0] [cxt 0] Parser 'parser': start
[04:26:23.286] [bmv2] [D] [thread 7310] [0.0] [cxt 0] Parser 'parser' entering state 'start'
[04:26:23.286] [bmv2] [D] [thread 7310] [0.0] [cxt 0] Extracting header 'ethernet'
[04:26:23.287] [bmv2] [D] [thread 7310] [0.0] [cxt 0] Parser state 'start': key is 86dd
[04:26:23.287] [bmv2] [T] [thread 7310] [0.0] [cxt 0] Bytes parsed: 14
[04:26:23.287] [bmv2] [D] [thread 7310] [0.0] [cxt 0] Parser 'parser': end
[04:26:23.287] [bmv2] [D] [thread 7310] [0.0] [cxt 0] Pipeline 'ingress': start
[04:26:23.287] [bmv2] [T] [thread 7310] [0.0] [cxt 0] basic.p4(188) Condition "hdr.gvt.type == TYPE_PROP" (node_2) is false
[04:26:23.287] [bmv2] [T] [thread 7310] [0.0] [cxt 0] basic.p4(204) Condition "hdr.gvt.type == TYPE_REQ" (node_10) is false
[04:26:23.287] [bmv2] [T] [thread 7310] [0.0] [cxt 0] basic.p4(211) Condition "hdr.ipv4.isValid()" (node_12) is false
[04:26:23.287] [bmv2] [D] [thread 7310] [0.0] [cxt 0] Pipeline 'ingress': end
[04:26:23.287] [bmv2] [D] [thread 7310] [0.0] [cxt 0] Egress port is 0
[04:26:23.287] [bmv2] [D] [thread 7311] [0.0] [cxt 0] Pipeline 'egress': start
[04:26:23.287] [bmv2] [T] [thread 7311] [0.0] [cxt 0] basic.p4(249) Condition "hdr.gvt.type == TYPE_DEL" (node_16) is false
[04:26:23.287] [bmv2] [D] [thread 7311] [0.0] [cxt 0] Pipeline 'egress': end
[04:26:23.287] [bmv2] [D] [thread 7311] [0.0] [cxt 0] Deparser 'deparser': start
[04:26:23.287] [bmv2] [T] [thread 7311] [0.0] [cxt 0] Skipping checksum 'cksum' update because condition not met
[04:26:23.287] [bmv2] [D] [thread 7311] [0.0] [cxt 0] Deparsing header 'ethernet'
[04:26:23.287] [bmv2] [D] [thread 7311] [0.0] [cxt 0] Deparser 'deparser': end
[04:26:23.287] [bmv2] [D] [thread 7315] [0.0] [cxt 0] Transmitting packet of size 90 out of port 0
[04:26:23.294] [bmv2] [D] [thread 7310] [1.0] [cxt 0] Processing packet received on port 3
[04:26:23.294] [bmv2] [D] [thread 7310] [1.0] [cxt 0] Parser 'parser': start
[04:26:23.294] [bmv2] [D] [thread 7310] [1.0] [cxt 0] Parser 'parser' entering state 'start'
[04:26:23.294] [bmv2] [D] [thread 7310] [1.0] [cxt 0] Extracting header 'ethernet'
[04:26:23.294] [bmv2] [D] [thread 7310] [1.0] [cxt 0] Parser state 'start': key is 86dd
[04:26:23.294] [bmv2] [T] [thread 7310] [1.0] [cxt 0] Bytes parsed: 14
[04:26:23.294] [bmv2] [D] [thread 7310] [1.0] [cxt 0] Parser 'parser': end
[04:26:23.294] [bmv2] [D] [thread 7310] [1.0] [cxt 0] Pipeline 'ingress': start
[04:26:23.294] [bmv2] [T] [thread 7310] [1.0] [cxt 0] basic.p4(188) Condition "hdr.gvt.type == TYPE_PROP" (node_2) is false
[04:26:23.294] [bmv2] [T] [thread 7310] [1.0] [cxt 0] basic.p4(204) Condition "hdr.gvt.type == TYPE_REQ" (node_10) is false
[04:26:23.294] [bmv2] [T] [thread 7310] [1.0] [cxt 0] basic.p4(211) Condition "hdr.ipv4.isValid()" (node_12) is false
[04:26:23.294] [bmv2] [D] [thread 7310] [1.0] [cxt 0] Pipeline 'ingress': end
[04:26:23.294] [bmv2] [D] [thread 7310] [1.0] [cxt 0] Egress port is 0
[04:26:23.294] [bmv2] [D] [thread 7311] [1.0] [cxt 0] Pipeline 'egress': start
[04:26:23.294] [bmv2] [T] [thread 7311] [1.0] [cxt 0] basic.p4(249) Condition "hdr.gvt.type == TYPE_DEL" (node_16) is false
[04:26:23.294] [bmv2] [D] [thread 7311] [1.0] [cxt 0] Pipeline 'egress': end
[04:26:23.294] [bmv2] [D] [thread 7311] [1.0] [cxt 0] Deparser 'deparser': start
[04:26:23.294] [bmv2] [T] [thread 7311] [1.0] [cxt 0] Skipping checksum 'cksum' update because condition not met
[04:26:23.294] [bmv2] [D] [thread 7311] [1.0] [cxt 0] Deparsing header 'ethernet'
[04:26:23.294] [bmv2] [D] [thread 7311] [1.0] [cxt 0] Deparser 'deparser': end
[04:26:23.294] [bmv2] [D] [thread 7315] [1.0] [cxt 0] Transmitting packet of size 90 out of port 0
[04:26:23.346] [bmv2] [D] [thread 7310] [2.0] [cxt 0] Processing packet received on port 1
[04:26:23.346] [bmv2] [D] [thread 7310] [2.0] [cxt 0] Parser 'parser': start
[04:26:23.346] [bmv2] [D] [thread 7310] [2.0] [cxt 0] Parser 'parser' entering state 'start'
[04:26:23.346] [bmv2] [D] [thread 7310] [2.0] [cxt 0] Extracting header 'ethernet'
[04:26:23.346] [bmv2] [D] [thread 7310] [2.0] [cxt 0] Parser state 'start': key is 86dd
[04:26:23.346] [bmv2] [T] [thread 7310] [2.0] [cxt 0] Bytes parsed: 14
[04:26:23.346] [bmv2] [D] [thread 7310] [2.0] [cxt 0] Parser 'parser': end
[04:26:23.346] [bmv2] [D] [thread 7310] [2.0] [cxt 0] Pipeline 'ingress': start
[04:26:23.346] [bmv2] [T] [thread 7310] [2.0] [cxt 0] basic.p4(188) Condition "hdr.gvt.type == TYPE_PROP" (node_2) is false
[04:26:23.346] [bmv2] [T] [thread 7310] [2.0] [cxt 0] basic.p4(204) Condition "hdr.gvt.type == TYPE_REQ" (node_10) is false
[04:26:23.346] [bmv2] [T] [thread 7310] [2.0] [cxt 0] basic.p4(211) Condition "hdr.ipv4.isValid()" (node_12) is false
[04:26:23.346] [bmv2] [D] [thread 7310] [2.0] [cxt 0] Pipeline 'ingress': end
[04:26:23.346] [bmv2] [D] [thread 7310] [2.0] [cxt 0] Egress port is 0
[04:26:23.346] [bmv2] [D] [thread 7311] [2.0] [cxt 0] Pipeline 'egress': start
[04:26:23.346] [bmv2] [T] [thread 7311] [2.0] [cxt 0] basic.p4(249) Condition "hdr.gvt.type == TYPE_DEL" (node_16) is false
[04:26:23.346] [bmv2] [D] [thread 7311] [2.0] [cxt 0] Pipeline 'egress': end
[04:26:23.346] [bmv2] [D] [thread 7311] [2.0] [cxt 0] Deparser 'deparser': start
[04:26:23.346] [bmv2] [T] [thread 7311] [2.0] [cxt 0] Skipping checksum 'cksum' update because condition not met
[04:26:23.346] [bmv2] [D] [thread 7311] [2.0] [cxt 0] Deparsing header 'ethernet'
[04:26:23.346] [bmv2] [D] [thread 7311] [2.0] [cxt 0] Deparser 'deparser': end
[04:26:23.346] [bmv2] [D] [thread 7315] [2.0] [cxt 0] Transmitting packet of size 78 out of port 0
[04:26:23.385] [bmv2] [D] [thread 7310] [3.0] [cxt 0] Processing packet received on port 3
[04:26:23.385] [bmv2] [D] [thread 7310] [3.0] [cxt 0] Parser 'parser': start
[04:26:23.386] [bmv2] [D] [thread 7310] [3.0] [cxt 0] Parser 'parser' entering state 'start'
[04:26:23.386] [bmv2] [D] [thread 7310] [3.0] [cxt 0] Extracting header 'ethernet'
[04:26:23.386] [bmv2] [D] [thread 7310] [3.0] [cxt 0] Parser state 'start': key is 86dd
[04:26:23.386] [bmv2] [T] [thread 7310] [3.0] [cxt 0] Bytes parsed: 14
[04:26:23.386] [bmv2] [D] [thread 7310] [3.0] [cxt 0] Parser 'parser': end
[04:26:23.386] [bmv2] [D] [thread 7310] [3.0] [cxt 0] Pipeline 'ingress': start
[04:26:23.386] [bmv2] [T] [thread 7310] [3.0] [cxt 0] basic.p4(188) Condition "hdr.gvt.type == TYPE_PROP" (node_2) is false
[04:26:23.386] [bmv2] [T] [thread 7310] [3.0] [cxt 0] basic.p4(204) Condition "hdr.gvt.type == TYPE_REQ" (node_10) is false
[04:26:23.386] [bmv2] [T] [thread 7310] [3.0] [cxt 0] basic.p4(211) Condition "hdr.ipv4.isValid()" (node_12) is false
[04:26:23.386] [bmv2] [D] [thread 7310] [3.0] [cxt 0] Pipeline 'ingress': end
[04:26:23.386] [bmv2] [D] [thread 7310] [3.0] [cxt 0] Egress port is 0
[04:26:23.386] [bmv2] [D] [thread 7311] [3.0] [cxt 0] Pipeline 'egress': start
[04:26:23.386] [bmv2] [T] [thread 7311] [3.0] [cxt 0] basic.p4(249) Condition "hdr.gvt.type == TYPE_DEL" (node_16) is false
[04:26:23.386] [bmv2] [D] [thread 7311] [3.0] [cxt 0] Pipeline 'egress': end
[04:26:23.386] [bmv2] [D] [thread 7311] [3.0] [cxt 0] Deparser 'deparser': start
[04:26:23.386] [bmv2] [T] [thread 7311] [3.0] [cxt 0] Skipping checksum 'cksum' update because condition not met
[04:26:23.386] [bmv2] [D] [thread 7311] [3.0] [cxt 0] Deparsing header 'ethernet'
[04:26:23.386] [bmv2] [D] [thread 7311] [3.0] [cxt 0] Deparser 'deparser': end
[04:26:23.386] [bmv2] [D] [thread 7315] [3.0] [cxt 0] Transmitting packet of size 78 out of port 0
[04:26:23.426] [bmv2] [D] [thread 7310] [4.0] [cxt 0] Processing packet received on port 2
[04:26:23.426] [bmv2] [D] [thread 7310] [4.0] [cxt 0] Parser 'parser': start
[04:26:23.426] [bmv2] [D] [thread 7310] [4.0] [cxt 0] Parser 'parser' entering state 'start'
[04:26:23.426] [bmv2] [D] [thread 7310] [4.0] [cxt 0] Extracting header 'ethernet'
[04:26:23.426] [bmv2] [D] [thread 7310] [4.0] [cxt 0] Parser state 'start': key is 86dd
[04:26:23.426] [bmv2] [T] [thread 7310] [4.0] [cxt 0] Bytes parsed: 14
[04:26:23.426] [bmv2] [D] [thread 7310] [4.0] [cxt 0] Parser 'parser': end
[04:26:23.426] [bmv2] [D] [thread 7310] [4.0] [cxt 0] Pipeline 'ingress': start
[04:26:23.426] [bmv2] [T] [thread 7310] [4.0] [cxt 0] basic.p4(188) Condition "hdr.gvt.type == TYPE_PROP" (node_2) is false
[04:26:23.426] [bmv2] [T] [thread 7310] [4.0] [cxt 0] basic.p4(204) Condition "hdr.gvt.type == TYPE_REQ" (node_10) is false
[04:26:23.426] [bmv2] [T] [thread 7310] [4.0] [cxt 0] basic.p4(211) Condition "hdr.ipv4.isValid()" (node_12) is false
[04:26:23.426] [bmv2] [D] [thread 7310] [4.0] [cxt 0] Pipeline 'ingress': end
[04:26:23.426] [bmv2] [D] [thread 7310] [4.0] [cxt 0] Egress port is 0
[04:26:23.426] [bmv2] [D] [thread 7311] [4.0] [cxt 0] Pipeline 'egress': start
[04:26:23.426] [bmv2] [T] [thread 7311] [4.0] [cxt 0] basic.p4(249) Condition "hdr.gvt.type == TYPE_DEL" (node_16) is false
[04:26:23.426] [bmv2] [D] [thread 7311] [4.0] [cxt 0] Pipeline 'egress': end
[04:26:23.426] [bmv2] [D] [thread 7311] [4.0] [cxt 0] Deparser 'deparser': start
[04:26:23.426] [bmv2] [T] [thread 7311] [4.0] [cxt 0] Skipping checksum 'cksum' update because condition not met
[04:26:23.426] [bmv2] [D] [thread 7311] [4.0] [cxt 0] Deparsing header 'ethernet'
[04:26:23.426] [bmv2] [D] [thread 7311] [4.0] [cxt 0] Deparser 'deparser': end
[04:26:23.426] [bmv2] [D] [thread 7315] [4.0] [cxt 0] Transmitting packet of size 78 out of port 0
[04:26:24.074] [bmv2] [D] [thread 7310] [5.0] [cxt 0] Processing packet received on port 2
[04:26:24.074] [bmv2] [D] [thread 7310] [5.0] [cxt 0] Parser 'parser': start
[04:26:24.074] [bmv2] [D] [thread 7310] [5.0] [cxt 0] Parser 'parser' entering state 'start'
[04:26:24.074] [bmv2] [D] [thread 7310] [5.0] [cxt 0] Extracting header 'ethernet'
[04:26:24.074] [bmv2] [D] [thread 7310] [5.0] [cxt 0] Parser state 'start': key is 86dd
[04:26:24.074] [bmv2] [T] [thread 7310] [5.0] [cxt 0] Bytes parsed: 14
[04:26:24.074] [bmv2] [D] [thread 7310] [5.0] [cxt 0] Parser 'parser': end
[04:26:24.074] [bmv2] [D] [thread 7310] [5.0] [cxt 0] Pipeline 'ingress': start
[04:26:24.074] [bmv2] [T] [thread 7310] [5.0] [cxt 0] basic.p4(188) Condition "hdr.gvt.type == TYPE_PROP" (node_2) is false
[04:26:24.074] [bmv2] [T] [thread 7310] [5.0] [cxt 0] basic.p4(204) Condition "hdr.gvt.type == TYPE_REQ" (node_10) is false
[04:26:24.074] [bmv2] [T] [thread 7310] [5.0] [cxt 0] basic.p4(211) Condition "hdr.ipv4.isValid()" (node_12) is false
[04:26:24.074] [bmv2] [D] [thread 7310] [5.0] [cxt 0] Pipeline 'ingress': end
[04:26:24.074] [bmv2] [D] [thread 7310] [5.0] [cxt 0] Egress port is 0
[04:26:24.074] [bmv2] [D] [thread 7311] [5.0] [cxt 0] Pipeline 'egress': start
[04:26:24.074] [bmv2] [T] [thread 7311] [5.0] [cxt 0] basic.p4(249) Condition "hdr.gvt.type == TYPE_DEL" (node_16) is false
[04:26:24.074] [bmv2] [D] [thread 7311] [5.0] [cxt 0] Pipeline 'egress': end
[04:26:24.074] [bmv2] [D] [thread 7311] [5.0] [cxt 0] Deparser 'deparser': start
[04:26:24.074] [bmv2] [T] [thread 7311] [5.0] [cxt 0] Skipping checksum 'cksum' update because condition not met
[04:26:24.074] [bmv2] [D] [thread 7311] [5.0] [cxt 0] Deparsing header 'ethernet'
[04:26:24.074] [bmv2] [D] [thread 7311] [5.0] [cxt 0] Deparser 'deparser': end
[04:26:24.074] [bmv2] [D] [thread 7315] [5.0] [cxt 0] Transmitting packet of size 90 out of port 0
[04:26:24.348] [bmv2] [D] [thread 7310] [6.0] [cxt 0] Processing packet received on port 1
[04:26:24.348] [bmv2] [D] [thread 7310] [6.0] [cxt 0] Parser 'parser': start
[04:26:24.348] [bmv2] [D] [thread 7310] [6.0] [cxt 0] Parser 'parser' entering state 'start'
[04:26:24.348] [bmv2] [D] [thread 7310] [6.0] [cxt 0] Extracting header 'ethernet'
[04:26:24.348] [bmv2] [D] [thread 7310] [6.0] [cxt 0] Parser state 'start': key is 86dd
[04:26:24.348] [bmv2] [T] [thread 7310] [6.0] [cxt 0] Bytes parsed: 14
[04:26:24.348] [bmv2] [D] [thread 7310] [6.0] [cxt 0] Parser 'parser': end
[04:26:24.348] [bmv2] [D] [thread 7310] [6.0] [cxt 0] Pipeline 'ingress': start
[04:26:24.348] [bmv2] [T] [thread 7310] [6.0] [cxt 0] basic.p4(188) Condition "hdr.gvt.type == TYPE_PROP" (node_2) is false
[04:26:24.348] [bmv2] [T] [thread 7310] [6.0] [cxt 0] basic.p4(204) Condition "hdr.gvt.type == TYPE_REQ" (node_10) is false
[04:26:24.348] [bmv2] [T] [thread 7310] [6.0] [cxt 0] basic.p4(211) Condition "hdr.ipv4.isValid()" (node_12) is false
[04:26:24.348] [bmv2] [D] [thread 7310] [6.0] [cxt 0] Pipeline 'ingress': end
[04:26:24.348] [bmv2] [D] [thread 7310] [6.0] [cxt 0] Egress port is 0
[04:26:24.348] [bmv2] [D] [thread 7311] [6.0] [cxt 0] Pipeline 'egress': start
[04:26:24.348] [bmv2] [T] [thread 7311] [6.0] [cxt 0] basic.p4(249) Condition "hdr.gvt.type == TYPE_DEL" (node_16) is false
[04:26:24.348] [bmv2] [D] [thread 7311] [6.0] [cxt 0] Pipeline 'egress': end
[04:26:24.348] [bmv2] [D] [thread 7311] [6.0] [cxt 0] Deparser 'deparser': start
[04:26:24.348] [bmv2] [T] [thread 7311] [6.0] [cxt 0] Skipping checksum 'cksum' update because condition not met
[04:26:24.348] [bmv2] [D] [thread 7311] [6.0] [cxt 0] Deparsing header 'ethernet'
[04:26:24.348] [bmv2] [D] [thread 7311] [6.0] [cxt 0] Deparser 'deparser': end
[04:26:24.348] [bmv2] [D] [thread 7315] [6.0] [cxt 0] Transmitting packet of size 90 out of port 0
[04:26:24.349] [bmv2] [D] [thread 7310] [7.0] [cxt 0] Processing packet received on port 1
[04:26:24.349] [bmv2] [D] [thread 7310] [7.0] [cxt 0] Parser 'parser': start
[04:26:24.349] [bmv2] [D] [thread 7310] [7.0] [cxt 0] Parser 'parser' entering state 'start'
[04:26:24.349] [bmv2] [D] [thread 7310] [7.0] [cxt 0] Extracting header 'ethernet'
[04:26:24.349] [bmv2] [D] [thread 7310] [7.0] [cxt 0] Parser state 'start': key is 86dd
[04:26:24.349] [bmv2] [T] [thread 7310] [7.0] [cxt 0] Bytes parsed: 14
[04:26:24.349] [bmv2] [D] [thread 7310] [7.0] [cxt 0] Parser 'parser': end
[04:26:24.349] [bmv2] [D] [thread 7310] [7.0] [cxt 0] Pipeline 'ingress': start
[04:26:24.349] [bmv2] [T] [thread 7310] [7.0] [cxt 0] basic.p4(188) Condition "hdr.gvt.type == TYPE_PROP" (node_2) is false
[04:26:24.349] [bmv2] [T] [thread 7310] [7.0] [cxt 0] basic.p4(204) Condition "hdr.gvt.type == TYPE_REQ" (node_10) is false
[04:26:24.349] [bmv2] [T] [thread 7310] [7.0] [cxt 0] basic.p4(211) Condition "hdr.ipv4.isValid()" (node_12) is false
[04:26:24.349] [bmv2] [D] [thread 7310] [7.0] [cxt 0] Pipeline 'ingress': end
[04:26:24.349] [bmv2] [D] [thread 7310] [7.0] [cxt 0] Egress port is 0
[04:26:24.349] [bmv2] [D] [thread 7311] [7.0] [cxt 0] Pipeline 'egress': start
[04:26:24.349] [bmv2] [T] [thread 7311] [7.0] [cxt 0] basic.p4(249) Condition "hdr.gvt.type == TYPE_DEL" (node_16) is false
[04:26:24.349] [bmv2] [D] [thread 7311] [7.0] [cxt 0] Pipeline 'egress': end
[04:26:24.349] [bmv2] [D] [thread 7311] [7.0] [cxt 0] Deparser 'deparser': start
[04:26:24.349] [bmv2] [T] [thread 7311] [7.0] [cxt 0] Skipping checksum 'cksum' update because condition not met
[04:26:24.349] [bmv2] [D] [thread 7311] [7.0] [cxt 0] Deparsing header 'ethernet'
[04:26:24.349] [bmv2] [D] [thread 7311] [7.0] [cxt 0] Deparser 'deparser': end
[04:26:24.349] [bmv2] [D] [thread 7315] [7.0] [cxt 0] Transmitting packet of size 70 out of port 0
[04:26:24.388] [bmv2] [D] [thread 7310] [8.0] [cxt 0] Processing packet received on port 3
[04:26:24.389] [bmv2] [D] [thread 7310] [8.0] [cxt 0] Parser 'parser': start
[04:26:24.389] [bmv2] [D] [thread 7310] [8.0] [cxt 0] Parser 'parser' entering state 'start'
[04:26:24.389] [bmv2] [D] [thread 7310] [8.0] [cxt 0] Extracting header 'ethernet'
[04:26:24.389] [bmv2] [D] [thread 7310] [8.0] [cxt 0] Parser state 'start': key is 86dd
[04:26:24.390] [bmv2] [T] [thread 7310] [8.0] [cxt 0] Bytes parsed: 14
[04:26:24.390] [bmv2] [D] [thread 7310] [8.0] [cxt 0] Parser 'parser': end
[04:26:24.390] [bmv2] [D] [thread 7310] [8.0] [cxt 0] Pipeline 'ingress': start
[04:26:24.390] [bmv2] [T] [thread 7310] [8.0] [cxt 0] basic.p4(188) Condition "hdr.gvt.type == TYPE_PROP" (node_2) is false
[04:26:24.390] [bmv2] [T] [thread 7310] [8.0] [cxt 0] basic.p4(204) Condition "hdr.gvt.type == TYPE_REQ" (node_10) is false
[04:26:24.390] [bmv2] [T] [thread 7310] [8.0] [cxt 0] basic.p4(211) Condition "hdr.ipv4.isValid()" (node_12) is false
[04:26:24.390] [bmv2] [D] [thread 7310] [8.0] [cxt 0] Pipeline 'ingress': end
[04:26:24.390] [bmv2] [D] [thread 7310] [8.0] [cxt 0] Egress port is 0
[04:26:24.390] [bmv2] [D] [thread 7311] [8.0] [cxt 0] Pipeline 'egress': start
[04:26:24.390] [bmv2] [T] [thread 7311] [8.0] [cxt 0] basic.p4(249) Condition "hdr.gvt.type == TYPE_DEL" (node_16) is false
[04:26:24.390] [bmv2] [D] [thread 7311] [8.0] [cxt 0] Pipeline 'egress': end
[04:26:24.390] [bmv2] [D] [thread 7311] [8.0] [cxt 0] Deparser 'deparser': start
[04:26:24.390] [bmv2] [T] [thread 7311] [8.0] [cxt 0] Skipping checksum 'cksum' update because condition not met
[04:26:24.390] [bmv2] [D] [thread 7311] [8.0] [cxt 0] Deparsing header 'ethernet'
[04:26:24.390] [bmv2] [D] [thread 7311] [8.0] [cxt 0] Deparser 'deparser': end
[04:26:24.391] [bmv2] [D] [thread 7315] [8.0] [cxt 0] Transmitting packet of size 90 out of port 0
[04:26:24.391] [bmv2] [D] [thread 7310] [9.0] [cxt 0] Processing packet received on port 3
[04:26:24.391] [bmv2] [D] [thread 7310] [9.0] [cxt 0] Parser 'parser': start
[04:26:24.391] [bmv2] [D] [thread 7310] [9.0] [cxt 0] Parser 'parser' entering state 'start'
[04:26:24.391] [bmv2] [D] [thread 7310] [9.0] [cxt 0] Extracting header 'ethernet'
[04:26:24.391] [bmv2] [D] [thread 7310] [9.0] [cxt 0] Parser state 'start': key is 86dd
[04:26:24.391] [bmv2] [T] [thread 7310] [9.0] [cxt 0] Bytes parsed: 14
[04:26:24.391] [bmv2] [D] [thread 7310] [9.0] [cxt 0] Parser 'parser': end
[04:26:24.391] [bmv2] [D] [thread 7310] [9.0] [cxt 0] Pipeline 'ingress': start
[04:26:24.391] [bmv2] [T] [thread 7310] [9.0] [cxt 0] basic.p4(188) Condition "hdr.gvt.type == TYPE_PROP" (node_2) is false
[04:26:24.391] [bmv2] [T] [thread 7310] [9.0] [cxt 0] basic.p4(204) Condition "hdr.gvt.type == TYPE_REQ" (node_10) is false
[04:26:24.391] [bmv2] [T] [thread 7310] [9.0] [cxt 0] basic.p4(211) Condition "hdr.ipv4.isValid()" (node_12) is false
[04:26:24.391] [bmv2] [D] [thread 7310] [9.0] [cxt 0] Pipeline 'ingress': end
[04:26:24.391] [bmv2] [D] [thread 7310] [9.0] [cxt 0] Egress port is 0
[04:26:24.391] [bmv2] [D] [thread 7311] [9.0] [cxt 0] Pipeline 'egress': start
[04:26:24.391] [bmv2] [T] [thread 7311] [9.0] [cxt 0] basic.p4(249) Condition "hdr.gvt.type == TYPE_DEL" (node_16) is false
[04:26:24.391] [bmv2] [D] [thread 7311] [9.0] [cxt 0] Pipeline 'egress': end
[04:26:24.391] [bmv2] [D] [thread 7311] [9.0] [cxt 0] Deparser 'deparser': start
[04:26:24.391] [bmv2] [T] [thread 7311] [9.0] [cxt 0] Skipping checksum 'cksum' update because condition not met
[04:26:24.391] [bmv2] [D] [thread 7311] [9.0] [cxt 0] Deparsing header 'ethernet'
[04:26:24.391] [bmv2] [D] [thread 7311] [9.0] [cxt 0] Deparser 'deparser': end
[04:26:24.392] [bmv2] [D] [thread 7315] [9.0] [cxt 0] Transmitting packet of size 70 out of port 0
[04:26:24.427] [bmv2] [D] [thread 7310] [10.0] [cxt 0] Processing packet received on port 2
[04:26:24.427] [bmv2] [D] [thread 7310] [10.0] [cxt 0] Parser 'parser': start
[04:26:24.427] [bmv2] [D] [thread 7310] [10.0] [cxt 0] Parser 'parser' entering state 'start'
[04:26:24.427] [bmv2] [D] [thread 7310] [10.0] [cxt 0] Extracting header 'ethernet'
[04:26:24.427] [bmv2] [D] [thread 7310] [10.0] [cxt 0] Parser state 'start': key is 86dd
[04:26:24.427] [bmv2] [T] [thread 7310] [10.0] [cxt 0] Bytes parsed: 14
[04:26:24.427] [bmv2] [D] [thread 7310] [10.0] [cxt 0] Parser 'parser': end
[04:26:24.427] [bmv2] [D] [thread 7310] [10.0] [cxt 0] Pipeline 'ingress': start
[04:26:24.427] [bmv2] [T] [thread 7310] [10.0] [cxt 0] basic.p4(188) Condition "hdr.gvt.type == TYPE_PROP" (node_2) is false
[04:26:24.427] [bmv2] [T] [thread 7310] [10.0] [cxt 0] basic.p4(204) Condition "hdr.gvt.type == TYPE_REQ" (node_10) is false
[04:26:24.427] [bmv2] [T] [thread 7310] [10.0] [cxt 0] basic.p4(211) Condition "hdr.ipv4.isValid()" (node_12) is false
[04:26:24.427] [bmv2] [D] [thread 7310] [10.0] [cxt 0] Pipeline 'ingress': end
[04:26:24.427] [bmv2] [D] [thread 7310] [10.0] [cxt 0] Egress port is 0
[04:26:24.428] [bmv2] [D] [thread 7310] [11.0] [cxt 0] Processing packet received on port 2
[04:26:24.428] [bmv2] [D] [thread 7310] [11.0] [cxt 0] Parser 'parser': start
[04:26:24.428] [bmv2] [D] [thread 7310] [11.0] [cxt 0] Parser 'parser' entering state 'start'
[04:26:24.428] [bmv2] [D] [thread 7310] [11.0] [cxt 0] Extracting header 'ethernet'
[04:26:24.428] [bmv2] [D] [thread 7311] [10.0] [cxt 0] Pipeline 'egress': start
[04:26:24.428] [bmv2] [T] [thread 7311] [10.0] [cxt 0] basic.p4(249) Condition "hdr.gvt.type == TYPE_DEL" (node_16) is false
[04:26:24.428] [bmv2] [D] [thread 7310] [11.0] [cxt 0] Parser state 'start': key is 86dd
[04:26:24.428] [bmv2] [T] [thread 7310] [11.0] [cxt 0] Bytes parsed: 14
[04:26:24.428] [bmv2] [D] [thread 7310] [11.0] [cxt 0] Parser 'parser': end
[04:26:24.428] [bmv2] [D] [thread 7311] [10.0] [cxt 0] Pipeline 'egress': end
[04:26:24.429] [bmv2] [D] [thread 7311] [10.0] [cxt 0] Deparser 'deparser': start
[04:26:24.429] [bmv2] [D] [thread 7310] [11.0] [cxt 0] Pipeline 'ingress': start
[04:26:24.429] [bmv2] [T] [thread 7310] [11.0] [cxt 0] basic.p4(188) Condition "hdr.gvt.type == TYPE_PROP" (node_2) is false
[04:26:24.429] [bmv2] [T] [thread 7311] [10.0] [cxt 0] Skipping checksum 'cksum' update because condition not met
[04:26:24.429] [bmv2] [T] [thread 7310] [11.0] [cxt 0] basic.p4(204) Condition "hdr.gvt.type == TYPE_REQ" (node_10) is false
[04:26:24.429] [bmv2] [D] [thread 7311] [10.0] [cxt 0] Deparsing header 'ethernet'
[04:26:24.429] [bmv2] [D] [thread 7311] [10.0] [cxt 0] Deparser 'deparser': end
[04:26:24.429] [bmv2] [T] [thread 7310] [11.0] [cxt 0] basic.p4(211) Condition "hdr.ipv4.isValid()" (node_12) is false
[04:26:24.429] [bmv2] [D] [thread 7310] [11.0] [cxt 0] Pipeline 'ingress': end
[04:26:24.429] [bmv2] [D] [thread 7310] [11.0] [cxt 0] Egress port is 0
[04:26:24.429] [bmv2] [D] [thread 7311] [11.0] [cxt 0] Pipeline 'egress': start
[04:26:24.429] [bmv2] [T] [thread 7311] [11.0] [cxt 0] basic.p4(249) Condition "hdr.gvt.type == TYPE_DEL" (node_16) is false
[04:26:24.429] [bmv2] [D] [thread 7311] [11.0] [cxt 0] Pipeline 'egress': end
[04:26:24.429] [bmv2] [D] [thread 7311] [11.0] [cxt 0] Deparser 'deparser': start
[04:26:24.429] [bmv2] [T] [thread 7311] [11.0] [cxt 0] Skipping checksum 'cksum' update because condition not met
[04:26:24.429] [bmv2] [D] [thread 7311] [11.0] [cxt 0] Deparsing header 'ethernet'
[04:26:24.429] [bmv2] [D] [thread 7311] [11.0] [cxt 0] Deparser 'deparser': end
[04:26:24.429] [bmv2] [D] [thread 7315] [10.0] [cxt 0] Transmitting packet of size 90 out of port 0
[04:26:24.429] [bmv2] [D] [thread 7315] [11.0] [cxt 0] Transmitting packet of size 70 out of port 0
New connection
P4Runtime SetForwardingPipelineConfig
[04:26:24.725] [bmv2] [W] [thread 7330] [P4Runtime] p4::tmp::P4DeviceConfig is deprecated
[04:26:24.727] [bmv2] [D] [thread 7330] Set default default entry for table 'tbl_receive_proposal': MyIngress.receive_proposal - 
[04:26:24.727] [bmv2] [D] [thread 7330] Set default default entry for table 'tbl_act': act_0 - 
[04:26:24.727] [bmv2] [D] [thread 7330] Set default default entry for table 'tbl_act_0': act - 
[04:26:24.727] [bmv2] [D] [thread 7330] Set default default entry for table 'tbl_act_1': act_1 - 
[04:26:24.727] [bmv2] [D] [thread 7330] Set default default entry for table 'MyIngress.send_to_gvt_c': NoAction - 
[04:26:24.727] [bmv2] [D] [thread 7330] Set default default entry for table 'tbl_start_round': MyIngress.start_round - 
[04:26:24.727] [bmv2] [D] [thread 7330] Set default default entry for table 'MyIngress.ipv4_lpm': NoAction - 
[04:26:24.727] [bmv2] [D] [thread 7330] Set default default entry for table 'MyEgress.map_ethernet': NoAction - 
P4Runtime Write
election_id {
  low: 1
}
updates {
  type: MODIFY
  entity {
    table_entry {
      table_id: 33574068
      action {
        action {
          action_id: 16805608
        }
      }
      is_default_action: true
    }
  }
}
[04:26:24.733] [bmv2] [D] [thread 7330] Set default entry for table 'MyIngress.ipv4_lpm': MyIngress.drop - 
P4Runtime Write
election_id {
  low: 1
}
updates {
  type: INSERT
  entity {
    table_entry {
      table_id: 33574068
      match {
        field_id: 1
        lpm {
          value: "\n\000\001\001"
          prefix_len: 32
        }
      }
      action {
        action {
          action_id: 16799317
          params {
            param_id: 1
            value: "\010\000\000\000\001\021"
          }
          params {
            param_id: 2
            value: "\000\001"
          }
        }
      }
    }
  }
}
[04:26:24.735] [bmv2] [D] [thread 7330] Entry 0 added to table 'MyIngress.ipv4_lpm'
[04:26:24.735] [bmv2] [D] [thread 7330] Dumping entry 0
Match key:
* hdr.ipv4.dstAddr    : LPM       0a000101/32
Action entry: MyIngress.ipv4_forward - 80000000111,1,

P4Runtime Write
election_id {
  low: 1
}
updates {
  type: INSERT
  entity {
    table_entry {
      table_id: 33574068
      match {
        field_id: 1
        lpm {
          value: "\n\000\002\002"
          prefix_len: 32
        }
      }
      action {
        action {
          action_id: 16799317
          params {
            param_id: 1
            value: "\010\000\000\000\002\000"
          }
          params {
            param_id: 2
            value: "\000\002"
          }
        }
      }
    }
  }
}
[04:26:24.737] [bmv2] [D] [thread 7330] Entry 1 added to table 'MyIngress.ipv4_lpm'
[04:26:24.737] [bmv2] [D] [thread 7330] Dumping entry 1
Match key:
* hdr.ipv4.dstAddr    : LPM       0a000202/32
Action entry: MyIngress.ipv4_forward - 80000000200,2,

P4Runtime Write
election_id {
  low: 1
}
updates {
  type: INSERT
  entity {
    table_entry {
      table_id: 33574068
      match {
        field_id: 1
        lpm {
          value: "\n\000\003\003"
          prefix_len: 32
        }
      }
      action {
        action {
          action_id: 16799317
          params {
            param_id: 1
            value: "\010\000\000\000\003\000"
          }
          params {
            param_id: 2
            value: "\000\003"
          }
        }
      }
    }
  }
}
[04:26:24.739] [bmv2] [D] [thread 7331] Entry 2 added to table 'MyIngress.ipv4_lpm'
[04:26:24.739] [bmv2] [D] [thread 7331] Dumping entry 2
Match key:
* hdr.ipv4.dstAddr    : LPM       0a000303/32
Action entry: MyIngress.ipv4_forward - 80000000300,3,

P4Runtime Write
election_id {
  low: 1
}
updates {
  type: INSERT
  entity {
    table_entry {
      table_id: 33587170
      match {
        field_id: 1
        exact {
          value: "\000\000\000\002"
        }
      }
      action {
        action {
          action_id: 16798543
          params {
            param_id: 1
            value: "\000\003"
          }
        }
      }
    }
  }
}
[04:26:24.741] [bmv2] [D] [thread 7331] Entry 0 added to table 'MyIngress.send_to_gvt_c'
[04:26:24.741] [bmv2] [D] [thread 7331] Dumping entry 0
Match key:
* meta.numProposals   : EXACT     00000002
Action entry: MyIngress.send_to_gvt_controller - 3,

Connection removed
[04:26:24.882] [bmv2] [D] [thread 7310] [12.0] [cxt 0] Processing packet received on port 2
[04:26:24.882] [bmv2] [D] [thread 7310] [12.0] [cxt 0] Parser 'parser': start
[04:26:24.882] [bmv2] [D] [thread 7310] [12.0] [cxt 0] Parser 'parser' entering state 'start'
[04:26:24.882] [bmv2] [D] [thread 7310] [12.0] [cxt 0] Extracting header 'ethernet'
[04:26:24.882] [bmv2] [D] [thread 7310] [12.0] [cxt 0] Parser state 'start': key is 86dd
[04:26:24.882] [bmv2] [T] [thread 7310] [12.0] [cxt 0] Bytes parsed: 14
[04:26:24.882] [bmv2] [D] [thread 7310] [12.0] [cxt 0] Parser 'parser': end
[04:26:24.882] [bmv2] [D] [thread 7310] [12.0] [cxt 0] Pipeline 'ingress': start
[04:26:24.882] [bmv2] [T] [thread 7310] [12.0] [cxt 0] basic.p4(188) Condition "hdr.gvt.type == TYPE_PROP" (node_2) is false
[04:26:24.882] [bmv2] [T] [thread 7310] [12.0] [cxt 0] basic.p4(204) Condition "hdr.gvt.type == TYPE_REQ" (node_10) is false
[04:26:24.882] [bmv2] [T] [thread 7310] [12.0] [cxt 0] basic.p4(211) Condition "hdr.ipv4.isValid()" (node_12) is false
[04:26:24.882] [bmv2] [D] [thread 7310] [12.0] [cxt 0] Pipeline 'ingress': end
[04:26:24.882] [bmv2] [D] [thread 7310] [12.0] [cxt 0] Egress port is 0
[04:26:24.882] [bmv2] [D] [thread 7311] [12.0] [cxt 0] Pipeline 'egress': start
[04:26:24.882] [bmv2] [T] [thread 7311] [12.0] [cxt 0] basic.p4(249) Condition "hdr.gvt.type == TYPE_DEL" (node_16) is false
[04:26:24.882] [bmv2] [D] [thread 7311] [12.0] [cxt 0] Pipeline 'egress': end
[04:26:24.882] [bmv2] [D] [thread 7311] [12.0] [cxt 0] Deparser 'deparser': start
[04:26:24.882] [bmv2] [T] [thread 7311] [12.0] [cxt 0] Skipping checksum 'cksum' update because condition not met
[04:26:24.882] [bmv2] [D] [thread 7311] [12.0] [cxt 0] Deparsing header 'ethernet'
[04:26:24.882] [bmv2] [D] [thread 7311] [12.0] [cxt 0] Deparser 'deparser': end
[04:26:24.882] [bmv2] [D] [thread 7315] [12.0] [cxt 0] Transmitting packet of size 90 out of port 0
[04:26:24.973] [bmv2] [D] [thread 7310] [13.0] [cxt 0] Processing packet received on port 1
[04:26:24.973] [bmv2] [D] [thread 7310] [13.0] [cxt 0] Parser 'parser': start
[04:26:24.973] [bmv2] [D] [thread 7310] [13.0] [cxt 0] Parser 'parser' entering state 'start'
[04:26:24.973] [bmv2] [D] [thread 7310] [13.0] [cxt 0] Extracting header 'ethernet'
[04:26:24.974] [bmv2] [D] [thread 7310] [13.0] [cxt 0] Parser state 'start': key is 86dd
[04:26:24.974] [bmv2] [T] [thread 7310] [13.0] [cxt 0] Bytes parsed: 14
[04:26:24.974] [bmv2] [D] [thread 7310] [13.0] [cxt 0] Parser 'parser': end
[04:26:24.974] [bmv2] [D] [thread 7310] [13.0] [cxt 0] Pipeline 'ingress': start
[04:26:24.974] [bmv2] [T] [thread 7310] [13.0] [cxt 0] basic.p4(188) Condition "hdr.gvt.type == TYPE_PROP" (node_2) is false
[04:26:24.974] [bmv2] [T] [thread 7310] [13.0] [cxt 0] basic.p4(204) Condition "hdr.gvt.type == TYPE_REQ" (node_10) is false
[04:26:24.974] [bmv2] [T] [thread 7310] [13.0] [cxt 0] basic.p4(211) Condition "hdr.ipv4.isValid()" (node_12) is false
[04:26:24.974] [bmv2] [D] [thread 7310] [13.0] [cxt 0] Pipeline 'ingress': end
[04:26:24.974] [bmv2] [D] [thread 7310] [13.0] [cxt 0] Egress port is 0
[04:26:24.974] [bmv2] [D] [thread 7311] [13.0] [cxt 0] Pipeline 'egress': start
[04:26:24.974] [bmv2] [T] [thread 7311] [13.0] [cxt 0] basic.p4(249) Condition "hdr.gvt.type == TYPE_DEL" (node_16) is false
[04:26:24.974] [bmv2] [D] [thread 7311] [13.0] [cxt 0] Pipeline 'egress': end
[04:26:24.974] [bmv2] [D] [thread 7311] [13.0] [cxt 0] Deparser 'deparser': start
[04:26:24.974] [bmv2] [T] [thread 7311] [13.0] [cxt 0] Skipping checksum 'cksum' update because condition not met
[04:26:24.974] [bmv2] [D] [thread 7311] [13.0] [cxt 0] Deparsing header 'ethernet'
[04:26:24.974] [bmv2] [D] [thread 7311] [13.0] [cxt 0] Deparser 'deparser': end
[04:26:24.974] [bmv2] [D] [thread 7315] [13.0] [cxt 0] Transmitting packet of size 90 out of port 0
[04:26:25.114] [bmv2] [D] [thread 7310] [14.0] [cxt 0] Processing packet received on port 3
[04:26:25.114] [bmv2] [D] [thread 7310] [14.0] [cxt 0] Parser 'parser': start
[04:26:25.114] [bmv2] [D] [thread 7310] [14.0] [cxt 0] Parser 'parser' entering state 'start'
[04:26:25.114] [bmv2] [D] [thread 7310] [14.0] [cxt 0] Extracting header 'ethernet'
[04:26:25.114] [bmv2] [D] [thread 7310] [14.0] [cxt 0] Parser state 'start': key is 86dd
[04:26:25.114] [bmv2] [T] [thread 7310] [14.0] [cxt 0] Bytes parsed: 14
[04:26:25.114] [bmv2] [D] [thread 7310] [14.0] [cxt 0] Parser 'parser': end
[04:26:25.114] [bmv2] [D] [thread 7310] [14.0] [cxt 0] Pipeline 'ingress': start
[04:26:25.114] [bmv2] [T] [thread 7310] [14.0] [cxt 0] basic.p4(188) Condition "hdr.gvt.type == TYPE_PROP" (node_2) is false
[04:26:25.114] [bmv2] [T] [thread 7310] [14.0] [cxt 0] basic.p4(204) Condition "hdr.gvt.type == TYPE_REQ" (node_10) is false
[04:26:25.114] [bmv2] [T] [thread 7310] [14.0] [cxt 0] basic.p4(211) Condition "hdr.ipv4.isValid()" (node_12) is false
[04:26:25.114] [bmv2] [D] [thread 7310] [14.0] [cxt 0] Pipeline 'ingress': end
[04:26:25.114] [bmv2] [D] [thread 7310] [14.0] [cxt 0] Egress port is 0
[04:26:25.115] [bmv2] [D] [thread 7311] [14.0] [cxt 0] Pipeline 'egress': start
[04:26:25.115] [bmv2] [T] [thread 7311] [14.0] [cxt 0] basic.p4(249) Condition "hdr.gvt.type == TYPE_DEL" (node_16) is false
[04:26:25.115] [bmv2] [D] [thread 7311] [14.0] [cxt 0] Pipeline 'egress': end
[04:26:25.115] [bmv2] [D] [thread 7311] [14.0] [cxt 0] Deparser 'deparser': start
[04:26:25.115] [bmv2] [T] [thread 7311] [14.0] [cxt 0] Skipping checksum 'cksum' update because condition not met
[04:26:25.115] [bmv2] [D] [thread 7311] [14.0] [cxt 0] Deparsing header 'ethernet'
[04:26:25.115] [bmv2] [D] [thread 7311] [14.0] [cxt 0] Deparser 'deparser': end
[04:26:25.115] [bmv2] [D] [thread 7315] [14.0] [cxt 0] Transmitting packet of size 90 out of port 0
[04:26:28.357] [bmv2] [D] [thread 7310] [15.0] [cxt 0] Processing packet received on port 1
[04:26:28.357] [bmv2] [D] [thread 7310] [15.0] [cxt 0] Parser 'parser': start
[04:26:28.357] [bmv2] [D] [thread 7310] [15.0] [cxt 0] Parser 'parser' entering state 'start'
[04:26:28.357] [bmv2] [D] [thread 7310] [15.0] [cxt 0] Extracting header 'ethernet'
[04:26:28.358] [bmv2] [D] [thread 7310] [15.0] [cxt 0] Parser state 'start': key is 86dd
[04:26:28.358] [bmv2] [T] [thread 7310] [15.0] [cxt 0] Bytes parsed: 14
[04:26:28.358] [bmv2] [D] [thread 7310] [15.0] [cxt 0] Parser 'parser': end
[04:26:28.358] [bmv2] [D] [thread 7310] [15.0] [cxt 0] Pipeline 'ingress': start
[04:26:28.358] [bmv2] [T] [thread 7310] [15.0] [cxt 0] basic.p4(188) Condition "hdr.gvt.type == TYPE_PROP" (node_2) is false
[04:26:28.358] [bmv2] [T] [thread 7310] [15.0] [cxt 0] basic.p4(204) Condition "hdr.gvt.type == TYPE_REQ" (node_10) is false
[04:26:28.358] [bmv2] [T] [thread 7310] [15.0] [cxt 0] basic.p4(211) Condition "hdr.ipv4.isValid()" (node_12) is false
[04:26:28.358] [bmv2] [D] [thread 7310] [15.0] [cxt 0] Pipeline 'ingress': end
[04:26:28.358] [bmv2] [D] [thread 7310] [15.0] [cxt 0] Egress port is 0
[04:26:28.358] [bmv2] [D] [thread 7311] [15.0] [cxt 0] Pipeline 'egress': start
[04:26:28.358] [bmv2] [T] [thread 7311] [15.0] [cxt 0] basic.p4(249) Condition "hdr.gvt.type == TYPE_DEL" (node_16) is false
[04:26:28.358] [bmv2] [D] [thread 7311] [15.0] [cxt 0] Pipeline 'egress': end
[04:26:28.358] [bmv2] [D] [thread 7311] [15.0] [cxt 0] Deparser 'deparser': start
[04:26:28.358] [bmv2] [T] [thread 7311] [15.0] [cxt 0] Skipping checksum 'cksum' update because condition not met
[04:26:28.358] [bmv2] [D] [thread 7311] [15.0] [cxt 0] Deparsing header 'ethernet'
[04:26:28.358] [bmv2] [D] [thread 7311] [15.0] [cxt 0] Deparser 'deparser': end
[04:26:28.358] [bmv2] [D] [thread 7315] [15.0] [cxt 0] Transmitting packet of size 70 out of port 0
[04:26:28.389] [bmv2] [D] [thread 7310] [16.0] [cxt 0] Processing packet received on port 3
[04:26:28.389] [bmv2] [D] [thread 7310] [16.0] [cxt 0] Parser 'parser': start
[04:26:28.389] [bmv2] [D] [thread 7310] [16.0] [cxt 0] Parser 'parser' entering state 'start'
[04:26:28.389] [bmv2] [D] [thread 7310] [16.0] [cxt 0] Extracting header 'ethernet'
[04:26:28.390] [bmv2] [D] [thread 7310] [16.0] [cxt 0] Parser state 'start': key is 86dd
[04:26:28.390] [bmv2] [T] [thread 7310] [16.0] [cxt 0] Bytes parsed: 14
[04:26:28.390] [bmv2] [D] [thread 7310] [16.0] [cxt 0] Parser 'parser': end
[04:26:28.390] [bmv2] [D] [thread 7310] [16.0] [cxt 0] Pipeline 'ingress': start
[04:26:28.390] [bmv2] [T] [thread 7310] [16.0] [cxt 0] basic.p4(188) Condition "hdr.gvt.type == TYPE_PROP" (node_2) is false
[04:26:28.390] [bmv2] [T] [thread 7310] [16.0] [cxt 0] basic.p4(204) Condition "hdr.gvt.type == TYPE_REQ" (node_10) is false
[04:26:28.390] [bmv2] [T] [thread 7310] [16.0] [cxt 0] basic.p4(211) Condition "hdr.ipv4.isValid()" (node_12) is false
[04:26:28.390] [bmv2] [D] [thread 7310] [16.0] [cxt 0] Pipeline 'ingress': end
[04:26:28.390] [bmv2] [D] [thread 7310] [16.0] [cxt 0] Egress port is 0
[04:26:28.390] [bmv2] [D] [thread 7311] [16.0] [cxt 0] Pipeline 'egress': start
[04:26:28.390] [bmv2] [T] [thread 7311] [16.0] [cxt 0] basic.p4(249) Condition "hdr.gvt.type == TYPE_DEL" (node_16) is false
[04:26:28.390] [bmv2] [D] [thread 7311] [16.0] [cxt 0] Pipeline 'egress': end
[04:26:28.390] [bmv2] [D] [thread 7311] [16.0] [cxt 0] Deparser 'deparser': start
[04:26:28.390] [bmv2] [T] [thread 7311] [16.0] [cxt 0] Skipping checksum 'cksum' update because condition not met
[04:26:28.390] [bmv2] [D] [thread 7311] [16.0] [cxt 0] Deparsing header 'ethernet'
[04:26:28.390] [bmv2] [D] [thread 7311] [16.0] [cxt 0] Deparser 'deparser': end
[04:26:28.390] [bmv2] [D] [thread 7315] [16.0] [cxt 0] Transmitting packet of size 70 out of port 0
[04:26:28.437] [bmv2] [D] [thread 7310] [17.0] [cxt 0] Processing packet received on port 2
[04:26:28.437] [bmv2] [D] [thread 7310] [17.0] [cxt 0] Parser 'parser': start
[04:26:28.437] [bmv2] [D] [thread 7310] [17.0] [cxt 0] Parser 'parser' entering state 'start'
[04:26:28.437] [bmv2] [D] [thread 7310] [17.0] [cxt 0] Extracting header 'ethernet'
[04:26:28.437] [bmv2] [D] [thread 7310] [17.0] [cxt 0] Parser state 'start': key is 86dd
[04:26:28.437] [bmv2] [T] [thread 7310] [17.0] [cxt 0] Bytes parsed: 14
[04:26:28.437] [bmv2] [D] [thread 7310] [17.0] [cxt 0] Parser 'parser': end
[04:26:28.437] [bmv2] [D] [thread 7310] [17.0] [cxt 0] Pipeline 'ingress': start
[04:26:28.437] [bmv2] [T] [thread 7310] [17.0] [cxt 0] basic.p4(188) Condition "hdr.gvt.type == TYPE_PROP" (node_2) is false
[04:26:28.437] [bmv2] [T] [thread 7310] [17.0] [cxt 0] basic.p4(204) Condition "hdr.gvt.type == TYPE_REQ" (node_10) is false
[04:26:28.437] [bmv2] [T] [thread 7310] [17.0] [cxt 0] basic.p4(211) Condition "hdr.ipv4.isValid()" (node_12) is false
[04:26:28.437] [bmv2] [D] [thread 7310] [17.0] [cxt 0] Pipeline 'ingress': end
[04:26:28.437] [bmv2] [D] [thread 7310] [17.0] [cxt 0] Egress port is 0
[04:26:28.437] [bmv2] [D] [thread 7311] [17.0] [cxt 0] Pipeline 'egress': start
[04:26:28.437] [bmv2] [T] [thread 7311] [17.0] [cxt 0] basic.p4(249) Condition "hdr.gvt.type == TYPE_DEL" (node_16) is false
[04:26:28.437] [bmv2] [D] [thread 7311] [17.0] [cxt 0] Pipeline 'egress': end
[04:26:28.437] [bmv2] [D] [thread 7311] [17.0] [cxt 0] Deparser 'deparser': start
[04:26:28.437] [bmv2] [T] [thread 7311] [17.0] [cxt 0] Skipping checksum 'cksum' update because condition not met
[04:26:28.437] [bmv2] [D] [thread 7311] [17.0] [cxt 0] Deparsing header 'ethernet'
[04:26:28.437] [bmv2] [D] [thread 7311] [17.0] [cxt 0] Deparser 'deparser': end
[04:26:28.437] [bmv2] [D] [thread 7315] [17.0] [cxt 0] Transmitting packet of size 70 out of port 0
[04:26:32.365] [bmv2] [D] [thread 7310] [18.0] [cxt 0] Processing packet received on port 1
[04:26:32.366] [bmv2] [D] [thread 7310] [18.0] [cxt 0] Parser 'parser': start
[04:26:32.366] [bmv2] [D] [thread 7310] [18.0] [cxt 0] Parser 'parser' entering state 'start'
[04:26:32.366] [bmv2] [D] [thread 7310] [18.0] [cxt 0] Extracting header 'ethernet'
[04:26:32.366] [bmv2] [D] [thread 7310] [18.0] [cxt 0] Parser state 'start': key is 86dd
[04:26:32.366] [bmv2] [T] [thread 7310] [18.0] [cxt 0] Bytes parsed: 14
[04:26:32.366] [bmv2] [D] [thread 7310] [18.0] [cxt 0] Parser 'parser': end
[04:26:32.366] [bmv2] [D] [thread 7310] [18.0] [cxt 0] Pipeline 'ingress': start
[04:26:32.366] [bmv2] [T] [thread 7310] [18.0] [cxt 0] basic.p4(188) Condition "hdr.gvt.type == TYPE_PROP" (node_2) is false
[04:26:32.366] [bmv2] [T] [thread 7310] [18.0] [cxt 0] basic.p4(204) Condition "hdr.gvt.type == TYPE_REQ" (node_10) is false
[04:26:32.366] [bmv2] [T] [thread 7310] [18.0] [cxt 0] basic.p4(211) Condition "hdr.ipv4.isValid()" (node_12) is false
[04:26:32.366] [bmv2] [D] [thread 7310] [18.0] [cxt 0] Pipeline 'ingress': end
[04:26:32.366] [bmv2] [D] [thread 7310] [18.0] [cxt 0] Egress port is 0
[04:26:32.366] [bmv2] [D] [thread 7311] [18.0] [cxt 0] Pipeline 'egress': start
[04:26:32.366] [bmv2] [T] [thread 7311] [18.0] [cxt 0] basic.p4(249) Condition "hdr.gvt.type == TYPE_DEL" (node_16) is false
[04:26:32.366] [bmv2] [D] [thread 7311] [18.0] [cxt 0] Pipeline 'egress': end
[04:26:32.366] [bmv2] [D] [thread 7311] [18.0] [cxt 0] Deparser 'deparser': start
[04:26:32.366] [bmv2] [T] [thread 7311] [18.0] [cxt 0] Skipping checksum 'cksum' update because condition not met
[04:26:32.366] [bmv2] [D] [thread 7311] [18.0] [cxt 0] Deparsing header 'ethernet'
[04:26:32.366] [bmv2] [D] [thread 7311] [18.0] [cxt 0] Deparser 'deparser': end
[04:26:32.366] [bmv2] [D] [thread 7315] [18.0] [cxt 0] Transmitting packet of size 70 out of port 0
[04:26:32.398] [bmv2] [D] [thread 7310] [19.0] [cxt 0] Processing packet received on port 3
[04:26:32.398] [bmv2] [D] [thread 7310] [19.0] [cxt 0] Parser 'parser': start
[04:26:32.398] [bmv2] [D] [thread 7310] [19.0] [cxt 0] Parser 'parser' entering state 'start'
[04:26:32.398] [bmv2] [D] [thread 7310] [19.0] [cxt 0] Extracting header 'ethernet'
[04:26:32.398] [bmv2] [D] [thread 7310] [19.0] [cxt 0] Parser state 'start': key is 86dd
[04:26:32.398] [bmv2] [T] [thread 7310] [19.0] [cxt 0] Bytes parsed: 14
[04:26:32.398] [bmv2] [D] [thread 7310] [19.0] [cxt 0] Parser 'parser': end
[04:26:32.398] [bmv2] [D] [thread 7310] [19.0] [cxt 0] Pipeline 'ingress': start
[04:26:32.398] [bmv2] [T] [thread 7310] [19.0] [cxt 0] basic.p4(188) Condition "hdr.gvt.type == TYPE_PROP" (node_2) is false
[04:26:32.398] [bmv2] [T] [thread 7310] [19.0] [cxt 0] basic.p4(204) Condition "hdr.gvt.type == TYPE_REQ" (node_10) is false
[04:26:32.398] [bmv2] [T] [thread 7310] [19.0] [cxt 0] basic.p4(211) Condition "hdr.ipv4.isValid()" (node_12) is false
[04:26:32.398] [bmv2] [D] [thread 7310] [19.0] [cxt 0] Pipeline 'ingress': end
[04:26:32.398] [bmv2] [D] [thread 7310] [19.0] [cxt 0] Egress port is 0
[04:26:32.399] [bmv2] [D] [thread 7311] [19.0] [cxt 0] Pipeline 'egress': start
[04:26:32.399] [bmv2] [T] [thread 7311] [19.0] [cxt 0] basic.p4(249) Condition "hdr.gvt.type == TYPE_DEL" (node_16) is false
[04:26:32.399] [bmv2] [D] [thread 7311] [19.0] [cxt 0] Pipeline 'egress': end
[04:26:32.399] [bmv2] [D] [thread 7311] [19.0] [cxt 0] Deparser 'deparser': start
[04:26:32.399] [bmv2] [T] [thread 7311] [19.0] [cxt 0] Skipping checksum 'cksum' update because condition not met
[04:26:32.399] [bmv2] [D] [thread 7311] [19.0] [cxt 0] Deparsing header 'ethernet'
[04:26:32.399] [bmv2] [D] [thread 7311] [19.0] [cxt 0] Deparser 'deparser': end
[04:26:32.399] [bmv2] [D] [thread 7315] [19.0] [cxt 0] Transmitting packet of size 70 out of port 0
[04:26:32.445] [bmv2] [D] [thread 7310] [20.0] [cxt 0] Processing packet received on port 2
[04:26:32.445] [bmv2] [D] [thread 7310] [20.0] [cxt 0] Parser 'parser': start
[04:26:32.445] [bmv2] [D] [thread 7310] [20.0] [cxt 0] Parser 'parser' entering state 'start'
[04:26:32.445] [bmv2] [D] [thread 7310] [20.0] [cxt 0] Extracting header 'ethernet'
[04:26:32.445] [bmv2] [D] [thread 7310] [20.0] [cxt 0] Parser state 'start': key is 86dd
[04:26:32.445] [bmv2] [T] [thread 7310] [20.0] [cxt 0] Bytes parsed: 14
[04:26:32.445] [bmv2] [D] [thread 7310] [20.0] [cxt 0] Parser 'parser': end
[04:26:32.445] [bmv2] [D] [thread 7310] [20.0] [cxt 0] Pipeline 'ingress': start
[04:26:32.445] [bmv2] [T] [thread 7310] [20.0] [cxt 0] basic.p4(188) Condition "hdr.gvt.type == TYPE_PROP" (node_2) is false
[04:26:32.446] [bmv2] [T] [thread 7310] [20.0] [cxt 0] basic.p4(204) Condition "hdr.gvt.type == TYPE_REQ" (node_10) is false
[04:26:32.446] [bmv2] [T] [thread 7310] [20.0] [cxt 0] basic.p4(211) Condition "hdr.ipv4.isValid()" (node_12) is false
[04:26:32.446] [bmv2] [D] [thread 7310] [20.0] [cxt 0] Pipeline 'ingress': end
[04:26:32.446] [bmv2] [D] [thread 7310] [20.0] [cxt 0] Egress port is 0
[04:26:32.446] [bmv2] [D] [thread 7311] [20.0] [cxt 0] Pipeline 'egress': start
[04:26:32.446] [bmv2] [T] [thread 7311] [20.0] [cxt 0] basic.p4(249) Condition "hdr.gvt.type == TYPE_DEL" (node_16) is false
[04:26:32.446] [bmv2] [D] [thread 7311] [20.0] [cxt 0] Pipeline 'egress': end
[04:26:32.446] [bmv2] [D] [thread 7311] [20.0] [cxt 0] Deparser 'deparser': start
[04:26:32.446] [bmv2] [T] [thread 7311] [20.0] [cxt 0] Skipping checksum 'cksum' update because condition not met
[04:26:32.446] [bmv2] [D] [thread 7311] [20.0] [cxt 0] Deparsing header 'ethernet'
[04:26:32.446] [bmv2] [D] [thread 7311] [20.0] [cxt 0] Deparser 'deparser': end
[04:26:32.446] [bmv2] [D] [thread 7315] [20.0] [cxt 0] Transmitting packet of size 70 out of port 0
[04:26:39.562] [bmv2] [T] [thread 7370] bm_get_config
[04:26:44.891] [bmv2] [T] [thread 7370] bm_register_read_all
open: No such file or directory
open: No such file or directory
open: No such file or directory
