Calling target program-options parser
[16:58:07.680] [bmv2] [D] [thread 28082] Set default default entry for table 'tbl_act': act - 
[16:58:07.680] [bmv2] [D] [thread 28082] Set default default entry for table 'MyIngress.send_probe_server': NoAction - 
[16:58:07.680] [bmv2] [D] [thread 28082] Set default default entry for table 'tbl_act_0': act_1 - 
[16:58:07.680] [bmv2] [D] [thread 28082] Set default default entry for table 'tbl_act_1': act_0 - 
[16:58:07.680] [bmv2] [D] [thread 28082] Set default default entry for table 'tbl_drop': MyIngress.drop - 
[16:58:07.680] [bmv2] [D] [thread 28082] Set default default entry for table 'tbl_start_execution': MyIngress.start_execution - 
[16:58:07.680] [bmv2] [D] [thread 28082] Set default default entry for table 'tbl_act_2': act_3 - 
[16:58:07.680] [bmv2] [D] [thread 28082] Set default default entry for table 'tbl_act_3': act_2 - 
[16:58:07.680] [bmv2] [D] [thread 28082] Set default default entry for table 'tbl_multicast': MyIngress.multicast - 
[16:58:07.680] [bmv2] [D] [thread 28082] Set default default entry for table 'tbl_act_4': act_4 - 
[16:58:07.680] [bmv2] [D] [thread 28082] Set default default entry for table 'tbl_multicast_0': MyIngress.multicast - 
[16:58:07.680] [bmv2] [D] [thread 28082] Set default default entry for table 'tbl_act_5': act_6 - 
[16:58:07.680] [bmv2] [D] [thread 28082] Set default default entry for table 'tbl_multicast_1': MyIngress.multicast - 
[16:58:07.680] [bmv2] [D] [thread 28082] Set default default entry for table 'tbl_act_6': act_5 - 
[16:58:07.680] [bmv2] [D] [thread 28082] Set default default entry for table 'tbl_act_7': act_7 - 
[16:58:07.680] [bmv2] [D] [thread 28082] Set default default entry for table 'tbl_act_8': act_9 - 
[16:58:07.680] [bmv2] [D] [thread 28082] Set default default entry for table 'tbl_act_9': act_8 - 
[16:58:07.680] [bmv2] [D] [thread 28082] Set default default entry for table 'tbl_act_10': act_14 - 
[16:58:07.680] [bmv2] [D] [thread 28082] Set default default entry for table 'tbl_act_11': act_12 - 
[16:58:07.680] [bmv2] [D] [thread 28082] Set default default entry for table 'tbl_act_12': act_10 - 
[16:58:07.680] [bmv2] [D] [thread 28082] Set default default entry for table 'MyIngress.set_primary': NoAction - 
[16:58:07.680] [bmv2] [D] [thread 28082] Set default default entry for table 'tbl_act_13': act_11 - 
[16:58:07.680] [bmv2] [D] [thread 28082] Set default default entry for table 'tbl_multicast_2': MyIngress.multicast - 
[16:58:07.680] [bmv2] [D] [thread 28082] Set default default entry for table 'tbl_act_14': act_13 - 
Adding interface s2-eth1 as port 1
[16:58:07.681] [bmv2] [D] [thread 28082] Adding interface s2-eth1 as port 1
Adding interface s2-eth2 as port 2
[16:58:07.711] [bmv2] [D] [thread 28082] Adding interface s2-eth2 as port 2
Adding interface s2-eth4 as port 4
[16:58:07.739] [bmv2] [D] [thread 28082] Adding interface s2-eth4 as port 4
Adding interface s2-eth5 as port 5
[16:58:07.767] [bmv2] [D] [thread 28082] Adding interface s2-eth5 as port 5
I0927 16:58:07.792370768   28082 server_builder.cc:247]      Synchronous server. Num CQs: 1, Min pollers: 1, Max Pollers: 2147483647, CQ timeout (msec): 1000
Server listening on 0.0.0.0:50052
[16:58:07.799] [bmv2] [I] [thread 28082] Starting Thrift server on port 9091
[16:58:07.799] [bmv2] [I] [thread 28082] Thrift server was started
[16:58:07.808] [bmv2] [D] [thread 28090] [0.0] [cxt 0] Processing packet received on port 4
[16:58:07.808] [bmv2] [D] [thread 28090] [0.0] [cxt 0] Parser 'parser': start
[16:58:07.808] [bmv2] [D] [thread 28090] [0.0] [cxt 0] Parser 'parser' entering state 'start'
[16:58:07.808] [bmv2] [D] [thread 28090] [0.0] [cxt 0] Extracting header 'ethernet'
[16:58:07.808] [bmv2] [D] [thread 28090] [0.0] [cxt 0] Parser state 'start': key is 86dd
[16:58:07.808] [bmv2] [T] [thread 28090] [0.0] [cxt 0] Bytes parsed: 14
[16:58:07.808] [bmv2] [D] [thread 28090] [0.0] [cxt 0] Parser 'parser': end
[16:58:07.808] [bmv2] [D] [thread 28090] [0.0] [cxt 0] Pipeline 'ingress': start
[16:58:07.808] [bmv2] [T] [thread 28090] [0.0] [cxt 0] basic.p4(87) Condition "hdr.gvt.isValid()" (node_2) is false
[16:58:07.808] [bmv2] [D] [thread 28090] [0.0] [cxt 0] Pipeline 'ingress': end
[16:58:07.808] [bmv2] [D] [thread 28090] [0.0] [cxt 0] Egress port is 0
[16:58:07.808] [bmv2] [D] [thread 28091] [0.0] [cxt 0] Pipeline 'egress': start
[16:58:07.809] [bmv2] [D] [thread 28091] [0.0] [cxt 0] Pipeline 'egress': end
[16:58:07.809] [bmv2] [D] [thread 28091] [0.0] [cxt 0] Deparser 'deparser': start
[16:58:07.809] [bmv2] [T] [thread 28091] [0.0] [cxt 0] Skipping checksum 'cksum' update because condition not met
[16:58:07.809] [bmv2] [D] [thread 28091] [0.0] [cxt 0] Deparsing header 'ethernet'
[16:58:07.809] [bmv2] [D] [thread 28091] [0.0] [cxt 0] Deparser 'deparser': end
[16:58:07.810] [bmv2] [D] [thread 28095] [0.0] [cxt 0] Transmitting packet of size 78 out of port 0
[16:58:07.836] [bmv2] [D] [thread 28090] [1.0] [cxt 0] Processing packet received on port 5
[16:58:07.836] [bmv2] [D] [thread 28090] [1.0] [cxt 0] Parser 'parser': start
[16:58:07.836] [bmv2] [D] [thread 28090] [1.0] [cxt 0] Parser 'parser' entering state 'start'
[16:58:07.836] [bmv2] [D] [thread 28090] [1.0] [cxt 0] Extracting header 'ethernet'
[16:58:07.836] [bmv2] [D] [thread 28090] [1.0] [cxt 0] Parser state 'start': key is 86dd
[16:58:07.836] [bmv2] [T] [thread 28090] [1.0] [cxt 0] Bytes parsed: 14
[16:58:07.836] [bmv2] [D] [thread 28090] [1.0] [cxt 0] Parser 'parser': end
[16:58:07.836] [bmv2] [D] [thread 28090] [1.0] [cxt 0] Pipeline 'ingress': start
[16:58:07.836] [bmv2] [T] [thread 28090] [1.0] [cxt 0] basic.p4(87) Condition "hdr.gvt.isValid()" (node_2) is false
[16:58:07.836] [bmv2] [D] [thread 28090] [1.0] [cxt 0] Pipeline 'ingress': end
[16:58:07.836] [bmv2] [D] [thread 28090] [1.0] [cxt 0] Egress port is 0
[16:58:07.836] [bmv2] [D] [thread 28091] [1.0] [cxt 0] Pipeline 'egress': start
[16:58:07.836] [bmv2] [D] [thread 28091] [1.0] [cxt 0] Pipeline 'egress': end
[16:58:07.836] [bmv2] [D] [thread 28091] [1.0] [cxt 0] Deparser 'deparser': start
[16:58:07.836] [bmv2] [T] [thread 28091] [1.0] [cxt 0] Skipping checksum 'cksum' update because condition not met
[16:58:07.836] [bmv2] [D] [thread 28091] [1.0] [cxt 0] Deparsing header 'ethernet'
[16:58:07.836] [bmv2] [D] [thread 28091] [1.0] [cxt 0] Deparser 'deparser': end
[16:58:07.836] [bmv2] [D] [thread 28095] [1.0] [cxt 0] Transmitting packet of size 90 out of port 0
[16:58:07.847] [bmv2] [D] [thread 28090] [2.0] [cxt 0] Processing packet received on port 4
[16:58:07.847] [bmv2] [D] [thread 28090] [2.0] [cxt 0] Parser 'parser': start
[16:58:07.847] [bmv2] [D] [thread 28090] [2.0] [cxt 0] Parser 'parser' entering state 'start'
[16:58:07.847] [bmv2] [D] [thread 28090] [2.0] [cxt 0] Extracting header 'ethernet'
[16:58:07.847] [bmv2] [D] [thread 28090] [2.0] [cxt 0] Parser state 'start': key is 86dd
[16:58:07.847] [bmv2] [T] [thread 28090] [2.0] [cxt 0] Bytes parsed: 14
[16:58:07.847] [bmv2] [D] [thread 28090] [2.0] [cxt 0] Parser 'parser': end
[16:58:07.847] [bmv2] [D] [thread 28090] [2.0] [cxt 0] Pipeline 'ingress': start
[16:58:07.847] [bmv2] [T] [thread 28090] [2.0] [cxt 0] basic.p4(87) Condition "hdr.gvt.isValid()" (node_2) is false
[16:58:07.847] [bmv2] [D] [thread 28090] [2.0] [cxt 0] Pipeline 'ingress': end
[16:58:07.847] [bmv2] [D] [thread 28090] [2.0] [cxt 0] Egress port is 0
[16:58:07.847] [bmv2] [D] [thread 28091] [2.0] [cxt 0] Pipeline 'egress': start
[16:58:07.847] [bmv2] [D] [thread 28091] [2.0] [cxt 0] Pipeline 'egress': end
[16:58:07.847] [bmv2] [D] [thread 28091] [2.0] [cxt 0] Deparser 'deparser': start
[16:58:07.847] [bmv2] [T] [thread 28091] [2.0] [cxt 0] Skipping checksum 'cksum' update because condition not met
[16:58:07.847] [bmv2] [D] [thread 28091] [2.0] [cxt 0] Deparsing header 'ethernet'
[16:58:07.847] [bmv2] [D] [thread 28091] [2.0] [cxt 0] Deparser 'deparser': end
[16:58:07.848] [bmv2] [D] [thread 28095] [2.0] [cxt 0] Transmitting packet of size 90 out of port 0
[16:58:08.045] [bmv2] [D] [thread 28090] [3.0] [cxt 0] Processing packet received on port 1
[16:58:08.045] [bmv2] [D] [thread 28090] [3.0] [cxt 0] Parser 'parser': start
[16:58:08.045] [bmv2] [D] [thread 28090] [3.0] [cxt 0] Parser 'parser' entering state 'start'
[16:58:08.045] [bmv2] [D] [thread 28090] [3.0] [cxt 0] Extracting header 'ethernet'
[16:58:08.045] [bmv2] [D] [thread 28090] [3.0] [cxt 0] Parser state 'start': key is 86dd
[16:58:08.045] [bmv2] [T] [thread 28090] [3.0] [cxt 0] Bytes parsed: 14
[16:58:08.045] [bmv2] [D] [thread 28090] [3.0] [cxt 0] Parser 'parser': end
[16:58:08.045] [bmv2] [D] [thread 28090] [3.0] [cxt 0] Pipeline 'ingress': start
[16:58:08.045] [bmv2] [T] [thread 28090] [3.0] [cxt 0] basic.p4(87) Condition "hdr.gvt.isValid()" (node_2) is false
[16:58:08.045] [bmv2] [D] [thread 28090] [3.0] [cxt 0] Pipeline 'ingress': end
[16:58:08.045] [bmv2] [D] [thread 28090] [3.0] [cxt 0] Egress port is 0
[16:58:08.045] [bmv2] [D] [thread 28090] [4.0] [cxt 0] Processing packet received on port 1
[16:58:08.046] [bmv2] [D] [thread 28090] [4.0] [cxt 0] Parser 'parser': start
[16:58:08.046] [bmv2] [D] [thread 28090] [4.0] [cxt 0] Parser 'parser' entering state 'start'
[16:58:08.046] [bmv2] [D] [thread 28090] [4.0] [cxt 0] Extracting header 'ethernet'
[16:58:08.046] [bmv2] [D] [thread 28090] [4.0] [cxt 0] Parser state 'start': key is 86dd
[16:58:08.046] [bmv2] [T] [thread 28090] [4.0] [cxt 0] Bytes parsed: 14
[16:58:08.046] [bmv2] [D] [thread 28090] [4.0] [cxt 0] Parser 'parser': end
[16:58:08.046] [bmv2] [D] [thread 28090] [4.0] [cxt 0] Pipeline 'ingress': start
[16:58:08.046] [bmv2] [T] [thread 28090] [4.0] [cxt 0] basic.p4(87) Condition "hdr.gvt.isValid()" (node_2) is false
[16:58:08.046] [bmv2] [D] [thread 28090] [4.0] [cxt 0] Pipeline 'ingress': end
[16:58:08.046] [bmv2] [D] [thread 28090] [4.0] [cxt 0] Egress port is 0
[16:58:08.046] [bmv2] [D] [thread 28091] [3.0] [cxt 0] Pipeline 'egress': start
[16:58:08.046] [bmv2] [D] [thread 28091] [3.0] [cxt 0] Pipeline 'egress': end
[16:58:08.046] [bmv2] [D] [thread 28091] [3.0] [cxt 0] Deparser 'deparser': start
[16:58:08.046] [bmv2] [T] [thread 28091] [3.0] [cxt 0] Skipping checksum 'cksum' update because condition not met
[16:58:08.046] [bmv2] [D] [thread 28091] [3.0] [cxt 0] Deparsing header 'ethernet'
[16:58:08.046] [bmv2] [D] [thread 28091] [3.0] [cxt 0] Deparser 'deparser': end
[16:58:08.046] [bmv2] [D] [thread 28091] [4.0] [cxt 0] Pipeline 'egress': start
[16:58:08.046] [bmv2] [D] [thread 28091] [4.0] [cxt 0] Pipeline 'egress': end
[16:58:08.046] [bmv2] [D] [thread 28091] [4.0] [cxt 0] Deparser 'deparser': start
[16:58:08.046] [bmv2] [T] [thread 28091] [4.0] [cxt 0] Skipping checksum 'cksum' update because condition not met
[16:58:08.046] [bmv2] [D] [thread 28091] [4.0] [cxt 0] Deparsing header 'ethernet'
[16:58:08.046] [bmv2] [D] [thread 28091] [4.0] [cxt 0] Deparser 'deparser': end
[16:58:08.046] [bmv2] [D] [thread 28095] [3.0] [cxt 0] Transmitting packet of size 90 out of port 0
[16:58:08.046] [bmv2] [D] [thread 28095] [4.0] [cxt 0] Transmitting packet of size 70 out of port 0
[16:58:08.065] [bmv2] [D] [thread 28090] [5.0] [cxt 0] Processing packet received on port 2
[16:58:08.065] [bmv2] [D] [thread 28090] [5.0] [cxt 0] Parser 'parser': start
[16:58:08.065] [bmv2] [D] [thread 28090] [5.0] [cxt 0] Parser 'parser' entering state 'start'
[16:58:08.065] [bmv2] [D] [thread 28090] [5.0] [cxt 0] Extracting header 'ethernet'
[16:58:08.065] [bmv2] [D] [thread 28090] [5.0] [cxt 0] Parser state 'start': key is 86dd
[16:58:08.065] [bmv2] [T] [thread 28090] [5.0] [cxt 0] Bytes parsed: 14
[16:58:08.065] [bmv2] [D] [thread 28090] [5.0] [cxt 0] Parser 'parser': end
[16:58:08.066] [bmv2] [D] [thread 28090] [5.0] [cxt 0] Pipeline 'ingress': start
[16:58:08.066] [bmv2] [T] [thread 28090] [5.0] [cxt 0] basic.p4(87) Condition "hdr.gvt.isValid()" (node_2) is false
[16:58:08.066] [bmv2] [D] [thread 28090] [5.0] [cxt 0] Pipeline 'ingress': end
[16:58:08.066] [bmv2] [D] [thread 28090] [5.0] [cxt 0] Egress port is 0
[16:58:08.066] [bmv2] [D] [thread 28090] [6.0] [cxt 0] Processing packet received on port 2
[16:58:08.066] [bmv2] [D] [thread 28090] [6.0] [cxt 0] Parser 'parser': start
[16:58:08.066] [bmv2] [D] [thread 28090] [6.0] [cxt 0] Parser 'parser' entering state 'start'
[16:58:08.066] [bmv2] [D] [thread 28090] [6.0] [cxt 0] Extracting header 'ethernet'
[16:58:08.066] [bmv2] [D] [thread 28090] [6.0] [cxt 0] Parser state 'start': key is 86dd
[16:58:08.066] [bmv2] [T] [thread 28090] [6.0] [cxt 0] Bytes parsed: 14
[16:58:08.066] [bmv2] [D] [thread 28090] [6.0] [cxt 0] Parser 'parser': end
[16:58:08.066] [bmv2] [D] [thread 28090] [6.0] [cxt 0] Pipeline 'ingress': start
[16:58:08.066] [bmv2] [T] [thread 28090] [6.0] [cxt 0] basic.p4(87) Condition "hdr.gvt.isValid()" (node_2) is false
[16:58:08.066] [bmv2] [D] [thread 28090] [6.0] [cxt 0] Pipeline 'ingress': end
[16:58:08.066] [bmv2] [D] [thread 28090] [6.0] [cxt 0] Egress port is 0
[16:58:08.066] [bmv2] [D] [thread 28091] [5.0] [cxt 0] Pipeline 'egress': start
[16:58:08.067] [bmv2] [D] [thread 28091] [5.0] [cxt 0] Pipeline 'egress': end
[16:58:08.067] [bmv2] [D] [thread 28091] [5.0] [cxt 0] Deparser 'deparser': start
[16:58:08.067] [bmv2] [T] [thread 28091] [5.0] [cxt 0] Skipping checksum 'cksum' update because condition not met
[16:58:08.067] [bmv2] [D] [thread 28091] [5.0] [cxt 0] Deparsing header 'ethernet'
[16:58:08.067] [bmv2] [D] [thread 28091] [5.0] [cxt 0] Deparser 'deparser': end
[16:58:08.067] [bmv2] [D] [thread 28091] [6.0] [cxt 0] Pipeline 'egress': start
[16:58:08.067] [bmv2] [D] [thread 28091] [6.0] [cxt 0] Pipeline 'egress': end
[16:58:08.067] [bmv2] [D] [thread 28091] [6.0] [cxt 0] Deparser 'deparser': start
[16:58:08.067] [bmv2] [T] [thread 28091] [6.0] [cxt 0] Skipping checksum 'cksum' update because condition not met
[16:58:08.067] [bmv2] [D] [thread 28095] [5.0] [cxt 0] Transmitting packet of size 90 out of port 0
[16:58:08.067] [bmv2] [D] [thread 28091] [6.0] [cxt 0] Deparsing header 'ethernet'
[16:58:08.067] [bmv2] [D] [thread 28091] [6.0] [cxt 0] Deparser 'deparser': end
[16:58:08.068] [bmv2] [D] [thread 28095] [6.0] [cxt 0] Transmitting packet of size 70 out of port 0
[16:58:08.207] [bmv2] [D] [thread 28090] [7.0] [cxt 0] Processing packet received on port 5
[16:58:08.207] [bmv2] [D] [thread 28090] [7.0] [cxt 0] Parser 'parser': start
[16:58:08.207] [bmv2] [D] [thread 28090] [7.0] [cxt 0] Parser 'parser' entering state 'start'
[16:58:08.207] [bmv2] [D] [thread 28090] [7.0] [cxt 0] Extracting header 'ethernet'
[16:58:08.207] [bmv2] [D] [thread 28090] [7.0] [cxt 0] Parser state 'start': key is 86dd
[16:58:08.207] [bmv2] [T] [thread 28090] [7.0] [cxt 0] Bytes parsed: 14
[16:58:08.207] [bmv2] [D] [thread 28090] [7.0] [cxt 0] Parser 'parser': end
[16:58:08.207] [bmv2] [D] [thread 28090] [7.0] [cxt 0] Pipeline 'ingress': start
[16:58:08.207] [bmv2] [T] [thread 28090] [7.0] [cxt 0] basic.p4(87) Condition "hdr.gvt.isValid()" (node_2) is false
[16:58:08.207] [bmv2] [D] [thread 28090] [7.0] [cxt 0] Pipeline 'ingress': end
[16:58:08.207] [bmv2] [D] [thread 28090] [7.0] [cxt 0] Egress port is 0
[16:58:08.207] [bmv2] [D] [thread 28090] [8.0] [cxt 0] Processing packet received on port 5
[16:58:08.207] [bmv2] [D] [thread 28090] [8.0] [cxt 0] Parser 'parser': start
[16:58:08.207] [bmv2] [D] [thread 28090] [8.0] [cxt 0] Parser 'parser' entering state 'start'
[16:58:08.207] [bmv2] [D] [thread 28090] [8.0] [cxt 0] Extracting header 'ethernet'
[16:58:08.207] [bmv2] [D] [thread 28090] [8.0] [cxt 0] Parser state 'start': key is 86dd
[16:58:08.207] [bmv2] [T] [thread 28090] [8.0] [cxt 0] Bytes parsed: 14
[16:58:08.207] [bmv2] [D] [thread 28090] [8.0] [cxt 0] Parser 'parser': end
[16:58:08.207] [bmv2] [D] [thread 28090] [8.0] [cxt 0] Pipeline 'ingress': start
[16:58:08.207] [bmv2] [T] [thread 28090] [8.0] [cxt 0] basic.p4(87) Condition "hdr.gvt.isValid()" (node_2) is false
[16:58:08.207] [bmv2] [D] [thread 28090] [8.0] [cxt 0] Pipeline 'ingress': end
[16:58:08.207] [bmv2] [D] [thread 28090] [8.0] [cxt 0] Egress port is 0
[16:58:08.207] [bmv2] [D] [thread 28091] [7.0] [cxt 0] Pipeline 'egress': start
[16:58:08.207] [bmv2] [D] [thread 28091] [7.0] [cxt 0] Pipeline 'egress': end
[16:58:08.207] [bmv2] [D] [thread 28091] [7.0] [cxt 0] Deparser 'deparser': start
[16:58:08.207] [bmv2] [T] [thread 28091] [7.0] [cxt 0] Skipping checksum 'cksum' update because condition not met
[16:58:08.207] [bmv2] [D] [thread 28091] [7.0] [cxt 0] Deparsing header 'ethernet'
[16:58:08.207] [bmv2] [D] [thread 28091] [7.0] [cxt 0] Deparser 'deparser': end
[16:58:08.207] [bmv2] [D] [thread 28091] [8.0] [cxt 0] Pipeline 'egress': start
[16:58:08.207] [bmv2] [D] [thread 28091] [8.0] [cxt 0] Pipeline 'egress': end
[16:58:08.207] [bmv2] [D] [thread 28091] [8.0] [cxt 0] Deparser 'deparser': start
[16:58:08.207] [bmv2] [T] [thread 28091] [8.0] [cxt 0] Skipping checksum 'cksum' update because condition not met
[16:58:08.207] [bmv2] [D] [thread 28091] [8.0] [cxt 0] Deparsing header 'ethernet'
[16:58:08.207] [bmv2] [D] [thread 28091] [8.0] [cxt 0] Deparser 'deparser': end
[16:58:08.207] [bmv2] [D] [thread 28095] [7.0] [cxt 0] Transmitting packet of size 90 out of port 0
[16:58:08.207] [bmv2] [D] [thread 28095] [8.0] [cxt 0] Transmitting packet of size 70 out of port 0
[16:58:08.226] [bmv2] [D] [thread 28090] [9.0] [cxt 0] Processing packet received on port 1
[16:58:08.227] [bmv2] [D] [thread 28090] [9.0] [cxt 0] Parser 'parser': start
[16:58:08.227] [bmv2] [D] [thread 28090] [9.0] [cxt 0] Parser 'parser' entering state 'start'
[16:58:08.227] [bmv2] [D] [thread 28090] [9.0] [cxt 0] Extracting header 'ethernet'
[16:58:08.227] [bmv2] [D] [thread 28090] [9.0] [cxt 0] Parser state 'start': key is 86dd
[16:58:08.227] [bmv2] [T] [thread 28090] [9.0] [cxt 0] Bytes parsed: 14
[16:58:08.227] [bmv2] [D] [thread 28090] [9.0] [cxt 0] Parser 'parser': end
[16:58:08.227] [bmv2] [D] [thread 28090] [9.0] [cxt 0] Pipeline 'ingress': start
[16:58:08.227] [bmv2] [T] [thread 28090] [9.0] [cxt 0] basic.p4(87) Condition "hdr.gvt.isValid()" (node_2) is false
[16:58:08.227] [bmv2] [D] [thread 28090] [9.0] [cxt 0] Pipeline 'ingress': end
[16:58:08.227] [bmv2] [D] [thread 28090] [9.0] [cxt 0] Egress port is 0
[16:58:08.227] [bmv2] [D] [thread 28091] [9.0] [cxt 0] Pipeline 'egress': start
[16:58:08.227] [bmv2] [D] [thread 28091] [9.0] [cxt 0] Pipeline 'egress': end
[16:58:08.227] [bmv2] [D] [thread 28091] [9.0] [cxt 0] Deparser 'deparser': start
[16:58:08.227] [bmv2] [T] [thread 28091] [9.0] [cxt 0] Skipping checksum 'cksum' update because condition not met
[16:58:08.227] [bmv2] [D] [thread 28091] [9.0] [cxt 0] Deparsing header 'ethernet'
[16:58:08.227] [bmv2] [D] [thread 28091] [9.0] [cxt 0] Deparser 'deparser': end
[16:58:08.227] [bmv2] [D] [thread 28095] [9.0] [cxt 0] Transmitting packet of size 90 out of port 0
[16:58:08.300] [bmv2] [D] [thread 28090] [10.0] [cxt 0] Processing packet received on port 4
[16:58:08.300] [bmv2] [D] [thread 28090] [10.0] [cxt 0] Parser 'parser': start
[16:58:08.300] [bmv2] [D] [thread 28090] [10.0] [cxt 0] Parser 'parser' entering state 'start'
[16:58:08.300] [bmv2] [D] [thread 28090] [10.0] [cxt 0] Extracting header 'ethernet'
[16:58:08.301] [bmv2] [D] [thread 28090] [10.0] [cxt 0] Parser state 'start': key is 86dd
[16:58:08.301] [bmv2] [T] [thread 28090] [10.0] [cxt 0] Bytes parsed: 14
[16:58:08.301] [bmv2] [D] [thread 28090] [10.0] [cxt 0] Parser 'parser': end
[16:58:08.301] [bmv2] [D] [thread 28090] [10.0] [cxt 0] Pipeline 'ingress': start
[16:58:08.301] [bmv2] [T] [thread 28090] [10.0] [cxt 0] basic.p4(87) Condition "hdr.gvt.isValid()" (node_2) is false
[16:58:08.301] [bmv2] [D] [thread 28090] [10.0] [cxt 0] Pipeline 'ingress': end
[16:58:08.301] [bmv2] [D] [thread 28090] [10.0] [cxt 0] Egress port is 0
[16:58:08.301] [bmv2] [D] [thread 28090] [11.0] [cxt 0] Processing packet received on port 4
[16:58:08.301] [bmv2] [D] [thread 28090] [11.0] [cxt 0] Parser 'parser': start
[16:58:08.301] [bmv2] [D] [thread 28090] [11.0] [cxt 0] Parser 'parser' entering state 'start'
[16:58:08.301] [bmv2] [D] [thread 28090] [11.0] [cxt 0] Extracting header 'ethernet'
[16:58:08.301] [bmv2] [D] [thread 28090] [11.0] [cxt 0] Parser state 'start': key is 86dd
[16:58:08.301] [bmv2] [T] [thread 28090] [11.0] [cxt 0] Bytes parsed: 14
[16:58:08.301] [bmv2] [D] [thread 28090] [11.0] [cxt 0] Parser 'parser': end
[16:58:08.301] [bmv2] [D] [thread 28090] [11.0] [cxt 0] Pipeline 'ingress': start
[16:58:08.301] [bmv2] [T] [thread 28090] [11.0] [cxt 0] basic.p4(87) Condition "hdr.gvt.isValid()" (node_2) is false
[16:58:08.301] [bmv2] [D] [thread 28090] [11.0] [cxt 0] Pipeline 'ingress': end
[16:58:08.301] [bmv2] [D] [thread 28090] [11.0] [cxt 0] Egress port is 0
[16:58:08.301] [bmv2] [D] [thread 28091] [10.0] [cxt 0] Pipeline 'egress': start
[16:58:08.301] [bmv2] [D] [thread 28091] [10.0] [cxt 0] Pipeline 'egress': end
[16:58:08.301] [bmv2] [D] [thread 28091] [10.0] [cxt 0] Deparser 'deparser': start
[16:58:08.301] [bmv2] [T] [thread 28091] [10.0] [cxt 0] Skipping checksum 'cksum' update because condition not met
[16:58:08.301] [bmv2] [D] [thread 28091] [10.0] [cxt 0] Deparsing header 'ethernet'
[16:58:08.301] [bmv2] [D] [thread 28091] [10.0] [cxt 0] Deparser 'deparser': end
[16:58:08.301] [bmv2] [D] [thread 28091] [11.0] [cxt 0] Pipeline 'egress': start
[16:58:08.301] [bmv2] [D] [thread 28091] [11.0] [cxt 0] Pipeline 'egress': end
[16:58:08.301] [bmv2] [D] [thread 28091] [11.0] [cxt 0] Deparser 'deparser': start
[16:58:08.301] [bmv2] [T] [thread 28091] [11.0] [cxt 0] Skipping checksum 'cksum' update because condition not met
[16:58:08.301] [bmv2] [D] [thread 28091] [11.0] [cxt 0] Deparsing header 'ethernet'
[16:58:08.301] [bmv2] [D] [thread 28091] [11.0] [cxt 0] Deparser 'deparser': end
[16:58:08.301] [bmv2] [D] [thread 28095] [10.0] [cxt 0] Transmitting packet of size 90 out of port 0
[16:58:08.301] [bmv2] [D] [thread 28095] [11.0] [cxt 0] Transmitting packet of size 70 out of port 0
[16:58:08.532] [bmv2] [D] [thread 28090] [12.0] [cxt 0] Processing packet received on port 4
[16:58:08.532] [bmv2] [D] [thread 28090] [12.0] [cxt 0] Parser 'parser': start
[16:58:08.532] [bmv2] [D] [thread 28090] [12.0] [cxt 0] Parser 'parser' entering state 'start'
[16:58:08.532] [bmv2] [D] [thread 28090] [12.0] [cxt 0] Extracting header 'ethernet'
[16:58:08.532] [bmv2] [D] [thread 28090] [12.0] [cxt 0] Parser state 'start': key is 86dd
[16:58:08.532] [bmv2] [T] [thread 28090] [12.0] [cxt 0] Bytes parsed: 14
[16:58:08.532] [bmv2] [D] [thread 28090] [12.0] [cxt 0] Parser 'parser': end
[16:58:08.532] [bmv2] [D] [thread 28090] [12.0] [cxt 0] Pipeline 'ingress': start
[16:58:08.532] [bmv2] [T] [thread 28090] [12.0] [cxt 0] basic.p4(87) Condition "hdr.gvt.isValid()" (node_2) is false
[16:58:08.532] [bmv2] [D] [thread 28090] [12.0] [cxt 0] Pipeline 'ingress': end
[16:58:08.532] [bmv2] [D] [thread 28090] [12.0] [cxt 0] Egress port is 0
[16:58:08.532] [bmv2] [D] [thread 28091] [12.0] [cxt 0] Pipeline 'egress': start
[16:58:08.532] [bmv2] [D] [thread 28091] [12.0] [cxt 0] Pipeline 'egress': end
[16:58:08.532] [bmv2] [D] [thread 28091] [12.0] [cxt 0] Deparser 'deparser': start
[16:58:08.532] [bmv2] [T] [thread 28091] [12.0] [cxt 0] Skipping checksum 'cksum' update because condition not met
[16:58:08.532] [bmv2] [D] [thread 28091] [12.0] [cxt 0] Deparsing header 'ethernet'
[16:58:08.532] [bmv2] [D] [thread 28091] [12.0] [cxt 0] Deparser 'deparser': end
[16:58:08.533] [bmv2] [D] [thread 28095] [12.0] [cxt 0] Transmitting packet of size 90 out of port 0
[16:58:08.553] [bmv2] [D] [thread 28090] [13.0] [cxt 0] Processing packet received on port 5
[16:58:08.553] [bmv2] [D] [thread 28090] [13.0] [cxt 0] Parser 'parser': start
[16:58:08.553] [bmv2] [D] [thread 28090] [13.0] [cxt 0] Parser 'parser' entering state 'start'
[16:58:08.553] [bmv2] [D] [thread 28090] [13.0] [cxt 0] Extracting header 'ethernet'
[16:58:08.553] [bmv2] [D] [thread 28090] [13.0] [cxt 0] Parser state 'start': key is 86dd
[16:58:08.553] [bmv2] [T] [thread 28090] [13.0] [cxt 0] Bytes parsed: 14
[16:58:08.553] [bmv2] [D] [thread 28090] [13.0] [cxt 0] Parser 'parser': end
[16:58:08.553] [bmv2] [D] [thread 28090] [13.0] [cxt 0] Pipeline 'ingress': start
[16:58:08.553] [bmv2] [T] [thread 28090] [13.0] [cxt 0] basic.p4(87) Condition "hdr.gvt.isValid()" (node_2) is false
[16:58:08.553] [bmv2] [D] [thread 28090] [13.0] [cxt 0] Pipeline 'ingress': end
[16:58:08.553] [bmv2] [D] [thread 28090] [13.0] [cxt 0] Egress port is 0
[16:58:08.553] [bmv2] [D] [thread 28090] [14.0] [cxt 0] Processing packet received on port 5
[16:58:08.553] [bmv2] [D] [thread 28090] [14.0] [cxt 0] Parser 'parser': start
[16:58:08.553] [bmv2] [D] [thread 28090] [14.0] [cxt 0] Parser 'parser' entering state 'start'
[16:58:08.553] [bmv2] [D] [thread 28090] [14.0] [cxt 0] Extracting header 'ethernet'
[16:58:08.553] [bmv2] [D] [thread 28090] [14.0] [cxt 0] Parser state 'start': key is 86dd
[16:58:08.553] [bmv2] [T] [thread 28090] [14.0] [cxt 0] Bytes parsed: 14
[16:58:08.553] [bmv2] [D] [thread 28090] [14.0] [cxt 0] Parser 'parser': end
[16:58:08.553] [bmv2] [D] [thread 28090] [14.0] [cxt 0] Pipeline 'ingress': start
[16:58:08.553] [bmv2] [T] [thread 28090] [14.0] [cxt 0] basic.p4(87) Condition "hdr.gvt.isValid()" (node_2) is false
[16:58:08.553] [bmv2] [D] [thread 28090] [14.0] [cxt 0] Pipeline 'ingress': end
[16:58:08.553] [bmv2] [D] [thread 28090] [14.0] [cxt 0] Egress port is 0
[16:58:08.553] [bmv2] [D] [thread 28091] [13.0] [cxt 0] Pipeline 'egress': start
[16:58:08.553] [bmv2] [D] [thread 28091] [13.0] [cxt 0] Pipeline 'egress': end
[16:58:08.553] [bmv2] [D] [thread 28091] [13.0] [cxt 0] Deparser 'deparser': start
[16:58:08.553] [bmv2] [T] [thread 28091] [13.0] [cxt 0] Skipping checksum 'cksum' update because condition not met
[16:58:08.554] [bmv2] [D] [thread 28091] [13.0] [cxt 0] Deparsing header 'ethernet'
[16:58:08.554] [bmv2] [D] [thread 28091] [13.0] [cxt 0] Deparser 'deparser': end
[16:58:08.554] [bmv2] [D] [thread 28091] [14.0] [cxt 0] Pipeline 'egress': start
[16:58:08.554] [bmv2] [D] [thread 28091] [14.0] [cxt 0] Pipeline 'egress': end
[16:58:08.554] [bmv2] [D] [thread 28091] [14.0] [cxt 0] Deparser 'deparser': start
[16:58:08.554] [bmv2] [T] [thread 28091] [14.0] [cxt 0] Skipping checksum 'cksum' update because condition not met
[16:58:08.554] [bmv2] [D] [thread 28091] [14.0] [cxt 0] Deparsing header 'ethernet'
[16:58:08.554] [bmv2] [D] [thread 28091] [14.0] [cxt 0] Deparser 'deparser': end
[16:58:08.554] [bmv2] [D] [thread 28095] [13.0] [cxt 0] Transmitting packet of size 90 out of port 0
[16:58:08.554] [bmv2] [D] [thread 28095] [14.0] [cxt 0] Transmitting packet of size 70 out of port 0
[16:58:08.694] [bmv2] [D] [thread 28090] [15.0] [cxt 0] Processing packet received on port 2
[16:58:08.694] [bmv2] [D] [thread 28090] [15.0] [cxt 0] Parser 'parser': start
[16:58:08.694] [bmv2] [D] [thread 28090] [15.0] [cxt 0] Parser 'parser' entering state 'start'
[16:58:08.694] [bmv2] [D] [thread 28090] [15.0] [cxt 0] Extracting header 'ethernet'
[16:58:08.694] [bmv2] [D] [thread 28090] [15.0] [cxt 0] Parser state 'start': key is 86dd
[16:58:08.694] [bmv2] [T] [thread 28090] [15.0] [cxt 0] Bytes parsed: 14
[16:58:08.694] [bmv2] [D] [thread 28090] [15.0] [cxt 0] Parser 'parser': end
[16:58:08.694] [bmv2] [D] [thread 28090] [15.0] [cxt 0] Pipeline 'ingress': start
[16:58:08.694] [bmv2] [T] [thread 28090] [15.0] [cxt 0] basic.p4(87) Condition "hdr.gvt.isValid()" (node_2) is false
[16:58:08.694] [bmv2] [D] [thread 28090] [15.0] [cxt 0] Pipeline 'ingress': end
[16:58:08.694] [bmv2] [D] [thread 28090] [15.0] [cxt 0] Egress port is 0
[16:58:08.694] [bmv2] [D] [thread 28091] [15.0] [cxt 0] Pipeline 'egress': start
[16:58:08.694] [bmv2] [D] [thread 28091] [15.0] [cxt 0] Pipeline 'egress': end
[16:58:08.694] [bmv2] [D] [thread 28091] [15.0] [cxt 0] Deparser 'deparser': start
[16:58:08.694] [bmv2] [T] [thread 28091] [15.0] [cxt 0] Skipping checksum 'cksum' update because condition not met
[16:58:08.694] [bmv2] [D] [thread 28091] [15.0] [cxt 0] Deparsing header 'ethernet'
[16:58:08.694] [bmv2] [D] [thread 28091] [15.0] [cxt 0] Deparser 'deparser': end
[16:58:08.694] [bmv2] [D] [thread 28095] [15.0] [cxt 0] Transmitting packet of size 90 out of port 0
[16:58:08.813] [bmv2] [D] [thread 28090] [16.0] [cxt 0] Processing packet received on port 4
[16:58:08.813] [bmv2] [D] [thread 28090] [16.0] [cxt 0] Parser 'parser': start
[16:58:08.813] [bmv2] [D] [thread 28090] [16.0] [cxt 0] Parser 'parser' entering state 'start'
[16:58:08.813] [bmv2] [D] [thread 28090] [16.0] [cxt 0] Extracting header 'ethernet'
[16:58:08.813] [bmv2] [D] [thread 28090] [16.0] [cxt 0] Parser state 'start': key is 86dd
[16:58:08.813] [bmv2] [T] [thread 28090] [16.0] [cxt 0] Bytes parsed: 14
[16:58:08.813] [bmv2] [D] [thread 28090] [16.0] [cxt 0] Parser 'parser': end
[16:58:08.813] [bmv2] [D] [thread 28090] [16.0] [cxt 0] Pipeline 'ingress': start
[16:58:08.813] [bmv2] [T] [thread 28090] [16.0] [cxt 0] basic.p4(87) Condition "hdr.gvt.isValid()" (node_2) is false
[16:58:08.813] [bmv2] [D] [thread 28090] [16.0] [cxt 0] Pipeline 'ingress': end
[16:58:08.813] [bmv2] [D] [thread 28090] [16.0] [cxt 0] Egress port is 0
[16:58:08.813] [bmv2] [D] [thread 28090] [17.0] [cxt 0] Processing packet received on port 4
[16:58:08.813] [bmv2] [D] [thread 28090] [17.0] [cxt 0] Parser 'parser': start
[16:58:08.813] [bmv2] [D] [thread 28090] [17.0] [cxt 0] Parser 'parser' entering state 'start'
[16:58:08.813] [bmv2] [D] [thread 28090] [17.0] [cxt 0] Extracting header 'ethernet'
[16:58:08.813] [bmv2] [D] [thread 28090] [17.0] [cxt 0] Parser state 'start': key is 86dd
[16:58:08.813] [bmv2] [T] [thread 28090] [17.0] [cxt 0] Bytes parsed: 14
[16:58:08.813] [bmv2] [D] [thread 28090] [17.0] [cxt 0] Parser 'parser': end
[16:58:08.813] [bmv2] [D] [thread 28090] [17.0] [cxt 0] Pipeline 'ingress': start
[16:58:08.813] [bmv2] [T] [thread 28090] [17.0] [cxt 0] basic.p4(87) Condition "hdr.gvt.isValid()" (node_2) is false
[16:58:08.813] [bmv2] [D] [thread 28090] [17.0] [cxt 0] Pipeline 'ingress': end
[16:58:08.813] [bmv2] [D] [thread 28090] [17.0] [cxt 0] Egress port is 0
[16:58:08.813] [bmv2] [D] [thread 28091] [16.0] [cxt 0] Pipeline 'egress': start
[16:58:08.813] [bmv2] [D] [thread 28091] [16.0] [cxt 0] Pipeline 'egress': end
[16:58:08.813] [bmv2] [D] [thread 28091] [16.0] [cxt 0] Deparser 'deparser': start
[16:58:08.813] [bmv2] [T] [thread 28091] [16.0] [cxt 0] Skipping checksum 'cksum' update because condition not met
[16:58:08.813] [bmv2] [D] [thread 28091] [16.0] [cxt 0] Deparsing header 'ethernet'
[16:58:08.813] [bmv2] [D] [thread 28091] [16.0] [cxt 0] Deparser 'deparser': end
[16:58:08.813] [bmv2] [D] [thread 28091] [17.0] [cxt 0] Pipeline 'egress': start
[16:58:08.813] [bmv2] [D] [thread 28091] [17.0] [cxt 0] Pipeline 'egress': end
[16:58:08.813] [bmv2] [D] [thread 28091] [17.0] [cxt 0] Deparser 'deparser': start
[16:58:08.813] [bmv2] [T] [thread 28091] [17.0] [cxt 0] Skipping checksum 'cksum' update because condition not met
[16:58:08.814] [bmv2] [D] [thread 28091] [17.0] [cxt 0] Deparsing header 'ethernet'
[16:58:08.814] [bmv2] [D] [thread 28091] [17.0] [cxt 0] Deparser 'deparser': end
[16:58:08.814] [bmv2] [D] [thread 28095] [16.0] [cxt 0] Transmitting packet of size 90 out of port 0
[16:58:08.814] [bmv2] [D] [thread 28095] [17.0] [cxt 0] Transmitting packet of size 70 out of port 0
[16:58:09.187] [bmv2] [D] [thread 28090] [18.0] [cxt 0] Processing packet received on port 5
[16:58:09.187] [bmv2] [D] [thread 28090] [18.0] [cxt 0] Parser 'parser': start
[16:58:09.187] [bmv2] [D] [thread 28090] [18.0] [cxt 0] Parser 'parser' entering state 'start'
[16:58:09.187] [bmv2] [D] [thread 28090] [18.0] [cxt 0] Extracting header 'ethernet'
[16:58:09.187] [bmv2] [D] [thread 28090] [18.0] [cxt 0] Parser state 'start': key is 86dd
[16:58:09.187] [bmv2] [T] [thread 28090] [18.0] [cxt 0] Bytes parsed: 14
[16:58:09.187] [bmv2] [D] [thread 28090] [18.0] [cxt 0] Parser 'parser': end
[16:58:09.187] [bmv2] [D] [thread 28090] [18.0] [cxt 0] Pipeline 'ingress': start
[16:58:09.187] [bmv2] [T] [thread 28090] [18.0] [cxt 0] basic.p4(87) Condition "hdr.gvt.isValid()" (node_2) is false
[16:58:09.187] [bmv2] [D] [thread 28090] [18.0] [cxt 0] Pipeline 'ingress': end
[16:58:09.187] [bmv2] [D] [thread 28090] [18.0] [cxt 0] Egress port is 0
[16:58:09.187] [bmv2] [D] [thread 28091] [18.0] [cxt 0] Pipeline 'egress': start
[16:58:09.187] [bmv2] [D] [thread 28091] [18.0] [cxt 0] Pipeline 'egress': end
[16:58:09.187] [bmv2] [D] [thread 28091] [18.0] [cxt 0] Deparser 'deparser': start
[16:58:09.187] [bmv2] [T] [thread 28091] [18.0] [cxt 0] Skipping checksum 'cksum' update because condition not met
[16:58:09.187] [bmv2] [D] [thread 28091] [18.0] [cxt 0] Deparsing header 'ethernet'
[16:58:09.187] [bmv2] [D] [thread 28091] [18.0] [cxt 0] Deparser 'deparser': end
[16:58:09.187] [bmv2] [D] [thread 28095] [18.0] [cxt 0] Transmitting packet of size 90 out of port 0
[16:58:09.383] [bmv2] [D] [thread 28090] [19.0] [cxt 0] Processing packet received on port 4
[16:58:09.383] [bmv2] [D] [thread 28090] [19.0] [cxt 0] Parser 'parser': start
[16:58:09.383] [bmv2] [D] [thread 28090] [19.0] [cxt 0] Parser 'parser' entering state 'start'
[16:58:09.383] [bmv2] [D] [thread 28090] [19.0] [cxt 0] Extracting header 'ethernet'
[16:58:09.383] [bmv2] [D] [thread 28090] [19.0] [cxt 0] Parser state 'start': key is 86dd
[16:58:09.383] [bmv2] [T] [thread 28090] [19.0] [cxt 0] Bytes parsed: 14
[16:58:09.383] [bmv2] [D] [thread 28090] [19.0] [cxt 0] Parser 'parser': end
[16:58:09.383] [bmv2] [D] [thread 28090] [19.0] [cxt 0] Pipeline 'ingress': start
[16:58:09.383] [bmv2] [T] [thread 28090] [19.0] [cxt 0] basic.p4(87) Condition "hdr.gvt.isValid()" (node_2) is false
[16:58:09.383] [bmv2] [D] [thread 28090] [19.0] [cxt 0] Pipeline 'ingress': end
[16:58:09.383] [bmv2] [D] [thread 28090] [19.0] [cxt 0] Egress port is 0
[16:58:09.383] [bmv2] [D] [thread 28091] [19.0] [cxt 0] Pipeline 'egress': start
[16:58:09.383] [bmv2] [D] [thread 28091] [19.0] [cxt 0] Pipeline 'egress': end
[16:58:09.384] [bmv2] [D] [thread 28091] [19.0] [cxt 0] Deparser 'deparser': start
[16:58:09.384] [bmv2] [T] [thread 28091] [19.0] [cxt 0] Skipping checksum 'cksum' update because condition not met
[16:58:09.384] [bmv2] [D] [thread 28091] [19.0] [cxt 0] Deparsing header 'ethernet'
[16:58:09.384] [bmv2] [D] [thread 28091] [19.0] [cxt 0] Deparser 'deparser': end
[16:58:09.384] [bmv2] [D] [thread 28095] [19.0] [cxt 0] Transmitting packet of size 90 out of port 0
[16:58:09.451] [bmv2] [D] [thread 28090] [20.0] [cxt 0] Processing packet received on port 5
[16:58:09.451] [bmv2] [D] [thread 28090] [20.0] [cxt 0] Parser 'parser': start
[16:58:09.451] [bmv2] [D] [thread 28090] [20.0] [cxt 0] Parser 'parser' entering state 'start'
[16:58:09.451] [bmv2] [D] [thread 28090] [20.0] [cxt 0] Extracting header 'ethernet'
[16:58:09.451] [bmv2] [D] [thread 28090] [20.0] [cxt 0] Parser state 'start': key is 86dd
[16:58:09.451] [bmv2] [T] [thread 28090] [20.0] [cxt 0] Bytes parsed: 14
[16:58:09.451] [bmv2] [D] [thread 28090] [20.0] [cxt 0] Parser 'parser': end
[16:58:09.451] [bmv2] [D] [thread 28090] [20.0] [cxt 0] Pipeline 'ingress': start
[16:58:09.451] [bmv2] [T] [thread 28090] [20.0] [cxt 0] basic.p4(87) Condition "hdr.gvt.isValid()" (node_2) is false
[16:58:09.451] [bmv2] [D] [thread 28090] [20.0] [cxt 0] Pipeline 'ingress': end
[16:58:09.451] [bmv2] [D] [thread 28090] [20.0] [cxt 0] Egress port is 0
[16:58:09.451] [bmv2] [D] [thread 28091] [20.0] [cxt 0] Pipeline 'egress': start
[16:58:09.451] [bmv2] [D] [thread 28091] [20.0] [cxt 0] Pipeline 'egress': end
[16:58:09.452] [bmv2] [D] [thread 28091] [20.0] [cxt 0] Deparser 'deparser': start
[16:58:09.452] [bmv2] [T] [thread 28091] [20.0] [cxt 0] Skipping checksum 'cksum' update because condition not met
[16:58:09.452] [bmv2] [D] [thread 28091] [20.0] [cxt 0] Deparsing header 'ethernet'
[16:58:09.452] [bmv2] [D] [thread 28091] [20.0] [cxt 0] Deparser 'deparser': end
[16:58:09.452] [bmv2] [D] [thread 28095] [20.0] [cxt 0] Transmitting packet of size 90 out of port 0
New connection
P4Runtime SetForwardingPipelineConfig
[16:58:09.817] [bmv2] [W] [thread 28156] [P4Runtime] p4::tmp::P4DeviceConfig is deprecated
[16:58:09.822] [bmv2] [D] [thread 28156] Set default default entry for table 'tbl_act': act - 
[16:58:09.822] [bmv2] [D] [thread 28156] Set default default entry for table 'MyIngress.send_probe_server': NoAction - 
[16:58:09.822] [bmv2] [D] [thread 28156] Set default default entry for table 'tbl_act_0': act_1 - 
[16:58:09.822] [bmv2] [D] [thread 28156] Set default default entry for table 'tbl_act_1': act_0 - 
[16:58:09.822] [bmv2] [D] [thread 28156] Set default default entry for table 'tbl_drop': MyIngress.drop - 
[16:58:09.822] [bmv2] [D] [thread 28156] Set default default entry for table 'tbl_start_execution': MyIngress.start_execution - 
[16:58:09.822] [bmv2] [D] [thread 28156] Set default default entry for table 'tbl_act_2': act_3 - 
[16:58:09.822] [bmv2] [D] [thread 28156] Set default default entry for table 'tbl_act_3': act_2 - 
[16:58:09.822] [bmv2] [D] [thread 28156] Set default default entry for table 'tbl_multicast': MyIngress.multicast - 
[16:58:09.822] [bmv2] [D] [thread 28156] Set default default entry for table 'tbl_act_4': act_4 - 
[16:58:09.822] [bmv2] [D] [thread 28156] Set default default entry for table 'tbl_multicast_0': MyIngress.multicast - 
[16:58:09.822] [bmv2] [D] [thread 28156] Set default default entry for table 'tbl_act_5': act_6 - 
[16:58:09.822] [bmv2] [D] [thread 28156] Set default default entry for table 'tbl_multicast_1': MyIngress.multicast - 
[16:58:09.822] [bmv2] [D] [thread 28156] Set default default entry for table 'tbl_act_6': act_5 - 
[16:58:09.822] [bmv2] [D] [thread 28156] Set default default entry for table 'tbl_act_7': act_7 - 
[16:58:09.822] [bmv2] [D] [thread 28156] Set default default entry for table 'tbl_act_8': act_9 - 
[16:58:09.822] [bmv2] [D] [thread 28156] Set default default entry for table 'tbl_act_9': act_8 - 
[16:58:09.822] [bmv2] [D] [thread 28156] Set default default entry for table 'tbl_act_10': act_14 - 
[16:58:09.822] [bmv2] [D] [thread 28156] Set default default entry for table 'tbl_act_11': act_12 - 
[16:58:09.823] [bmv2] [D] [thread 28156] Set default default entry for table 'tbl_act_12': act_10 - 
[16:58:09.823] [bmv2] [D] [thread 28156] Set default default entry for table 'MyIngress.set_primary': NoAction - 
[16:58:09.823] [bmv2] [D] [thread 28156] Set default default entry for table 'tbl_act_13': act_11 - 
[16:58:09.823] [bmv2] [D] [thread 28156] Set default default entry for table 'tbl_multicast_2': MyIngress.multicast - 
[16:58:09.823] [bmv2] [D] [thread 28156] Set default default entry for table 'tbl_act_14': act_13 - 
P4Runtime Write
device_id: 1
election_id {
  low: 1
}
updates {
  type: INSERT
  entity {
    table_entry {
      table_id: 33611871
      match {
        field_id: 1
        exact {
          value: "\000\000\000\002"
        }
      }
      action {
        action {
          action_id: 16822165
          params {
            param_id: 1
            value: "\000\004"
          }
        }
      }
    }
  }
}
[16:58:09.831] [bmv2] [D] [thread 28156] Entry 0 added to table 'MyIngress.set_primary'
[16:58:09.831] [bmv2] [D] [thread 28156] Dumping entry 0
Match key:
* meta.iterator       : EXACT     00000002
Action entry: MyIngress.answer_replica - 4,

P4Runtime Write
device_id: 1
election_id {
  low: 1
}
updates {
  type: INSERT
  entity {
    table_entry {
      table_id: 33561363
      match {
        field_id: 1
        exact {
          value: "\000\000\000\001"
        }
      }
      action {
        action {
          action_id: 16819453
          params {
            param_id: 1
            value: "\000\001"
          }
        }
      }
    }
  }
}
[16:58:09.834] [bmv2] [D] [thread 28156] Entry 0 added to table 'MyIngress.send_probe_server'
[16:58:09.834] [bmv2] [D] [thread 28156] Dumping entry 0
Match key:
* hdr.gvt.pid         : EXACT     00000001
Action entry: MyIngress.send_probe - 1,

P4Runtime Write
device_id: 1
election_id {
  low: 1
}
updates {
  type: INSERT
  entity {
    table_entry {
      table_id: 33561363
      match {
        field_id: 1
        exact {
          value: "\000\000\000\002"
        }
      }
      action {
        action {
          action_id: 16819453
          params {
            param_id: 1
            value: "\000\002"
          }
        }
      }
    }
  }
}
[16:58:09.836] [bmv2] [D] [thread 28156] Entry 1 added to table 'MyIngress.send_probe_server'
[16:58:09.836] [bmv2] [D] [thread 28156] Dumping entry 1
Match key:
* hdr.gvt.pid         : EXACT     00000002
Action entry: MyIngress.send_probe - 2,

P4Runtime Write
device_id: 1
election_id {
  low: 1
}
updates {
  type: INSERT
  entity {
    packet_replication_engine_entry {
      multicast_group_entry {
        multicast_group_id: 1
        replicas {
          egress_port: 1
          instance: 1
        }
        replicas {
          egress_port: 2
          instance: 1
        }
      }
    }
  }
}
[16:58:09.838] [bmv2] [D] [thread 28156] mgrp node created for mgid 1
[16:58:09.838] [bmv2] [D] [thread 28156] node created for rid 1
[16:58:09.838] [bmv2] [D] [thread 28156] node associated with mgid 1
P4Runtime Write
device_id: 1
election_id {
  low: 1
}
updates {
  type: INSERT
  entity {
    packet_replication_engine_entry {
      multicast_group_entry {
        multicast_group_id: 2
        replicas {
          egress_port: 4
          instance: 1
        }
        replicas {
          egress_port: 5
          instance: 1
        }
      }
    }
  }
}
[16:58:09.840] [bmv2] [D] [thread 28156] mgrp node created for mgid 2
[16:58:09.840] [bmv2] [D] [thread 28156] node created for rid 1
[16:58:09.840] [bmv2] [D] [thread 28156] node associated with mgid 2
Connection removed
[16:58:12.064] [bmv2] [D] [thread 28090] [21.0] [cxt 0] Processing packet received on port 1
[16:58:12.064] [bmv2] [D] [thread 28090] [21.0] [cxt 0] Parser 'parser': start
[16:58:12.064] [bmv2] [D] [thread 28090] [21.0] [cxt 0] Parser 'parser' entering state 'start'
[16:58:12.064] [bmv2] [D] [thread 28090] [21.0] [cxt 0] Extracting header 'ethernet'
[16:58:12.064] [bmv2] [D] [thread 28090] [21.0] [cxt 0] Parser state 'start': key is 86dd
[16:58:12.064] [bmv2] [T] [thread 28090] [21.0] [cxt 0] Bytes parsed: 14
[16:58:12.064] [bmv2] [D] [thread 28090] [21.0] [cxt 0] Parser 'parser': end
[16:58:12.064] [bmv2] [D] [thread 28090] [21.0] [cxt 0] Pipeline 'ingress': start
[16:58:12.064] [bmv2] [T] [thread 28090] [21.0] [cxt 0] basic.p4(87) Condition "hdr.gvt.isValid()" (node_2) is false
[16:58:12.064] [bmv2] [D] [thread 28090] [21.0] [cxt 0] Pipeline 'ingress': end
[16:58:12.064] [bmv2] [D] [thread 28090] [21.0] [cxt 0] Egress port is 0
[16:58:12.064] [bmv2] [D] [thread 28091] [21.0] [cxt 0] Pipeline 'egress': start
[16:58:12.064] [bmv2] [D] [thread 28091] [21.0] [cxt 0] Pipeline 'egress': end
[16:58:12.064] [bmv2] [D] [thread 28091] [21.0] [cxt 0] Deparser 'deparser': start
[16:58:12.064] [bmv2] [T] [thread 28091] [21.0] [cxt 0] Skipping checksum 'cksum' update because condition not met
[16:58:12.064] [bmv2] [D] [thread 28091] [21.0] [cxt 0] Deparsing header 'ethernet'
[16:58:12.064] [bmv2] [D] [thread 28091] [21.0] [cxt 0] Deparser 'deparser': end
[16:58:12.064] [bmv2] [D] [thread 28095] [21.0] [cxt 0] Transmitting packet of size 70 out of port 0
[16:58:12.071] [bmv2] [D] [thread 28090] [22.0] [cxt 0] Processing packet received on port 2
[16:58:12.071] [bmv2] [D] [thread 28090] [22.0] [cxt 0] Parser 'parser': start
[16:58:12.071] [bmv2] [D] [thread 28090] [22.0] [cxt 0] Parser 'parser' entering state 'start'
[16:58:12.071] [bmv2] [D] [thread 28090] [22.0] [cxt 0] Extracting header 'ethernet'
[16:58:12.071] [bmv2] [D] [thread 28090] [22.0] [cxt 0] Parser state 'start': key is 86dd
[16:58:12.071] [bmv2] [T] [thread 28090] [22.0] [cxt 0] Bytes parsed: 14
[16:58:12.071] [bmv2] [D] [thread 28090] [22.0] [cxt 0] Parser 'parser': end
[16:58:12.071] [bmv2] [D] [thread 28090] [22.0] [cxt 0] Pipeline 'ingress': start
[16:58:12.071] [bmv2] [T] [thread 28090] [22.0] [cxt 0] basic.p4(87) Condition "hdr.gvt.isValid()" (node_2) is false
[16:58:12.071] [bmv2] [D] [thread 28090] [22.0] [cxt 0] Pipeline 'ingress': end
[16:58:12.071] [bmv2] [D] [thread 28090] [22.0] [cxt 0] Egress port is 0
[16:58:12.071] [bmv2] [D] [thread 28091] [22.0] [cxt 0] Pipeline 'egress': start
[16:58:12.071] [bmv2] [D] [thread 28091] [22.0] [cxt 0] Pipeline 'egress': end
[16:58:12.071] [bmv2] [D] [thread 28091] [22.0] [cxt 0] Deparser 'deparser': start
[16:58:12.071] [bmv2] [T] [thread 28091] [22.0] [cxt 0] Skipping checksum 'cksum' update because condition not met
[16:58:12.071] [bmv2] [D] [thread 28091] [22.0] [cxt 0] Deparsing header 'ethernet'
[16:58:12.071] [bmv2] [D] [thread 28091] [22.0] [cxt 0] Deparser 'deparser': end
[16:58:12.071] [bmv2] [D] [thread 28095] [22.0] [cxt 0] Transmitting packet of size 70 out of port 0
[16:58:12.215] [bmv2] [D] [thread 28090] [23.0] [cxt 0] Processing packet received on port 5
[16:58:12.215] [bmv2] [D] [thread 28090] [23.0] [cxt 0] Parser 'parser': start
[16:58:12.215] [bmv2] [D] [thread 28090] [23.0] [cxt 0] Parser 'parser' entering state 'start'
[16:58:12.215] [bmv2] [D] [thread 28090] [23.0] [cxt 0] Extracting header 'ethernet'
[16:58:12.215] [bmv2] [D] [thread 28090] [23.0] [cxt 0] Parser state 'start': key is 86dd
[16:58:12.215] [bmv2] [T] [thread 28090] [23.0] [cxt 0] Bytes parsed: 14
[16:58:12.215] [bmv2] [D] [thread 28090] [23.0] [cxt 0] Parser 'parser': end
[16:58:12.215] [bmv2] [D] [thread 28090] [23.0] [cxt 0] Pipeline 'ingress': start
[16:58:12.215] [bmv2] [T] [thread 28090] [23.0] [cxt 0] basic.p4(87) Condition "hdr.gvt.isValid()" (node_2) is false
[16:58:12.215] [bmv2] [D] [thread 28090] [23.0] [cxt 0] Pipeline 'ingress': end
[16:58:12.215] [bmv2] [D] [thread 28090] [23.0] [cxt 0] Egress port is 0
[16:58:12.215] [bmv2] [D] [thread 28091] [23.0] [cxt 0] Pipeline 'egress': start
[16:58:12.215] [bmv2] [D] [thread 28091] [23.0] [cxt 0] Pipeline 'egress': end
[16:58:12.215] [bmv2] [D] [thread 28091] [23.0] [cxt 0] Deparser 'deparser': start
[16:58:12.215] [bmv2] [T] [thread 28091] [23.0] [cxt 0] Skipping checksum 'cksum' update because condition not met
[16:58:12.215] [bmv2] [D] [thread 28091] [23.0] [cxt 0] Deparsing header 'ethernet'
[16:58:12.215] [bmv2] [D] [thread 28091] [23.0] [cxt 0] Deparser 'deparser': end
[16:58:12.216] [bmv2] [D] [thread 28095] [23.0] [cxt 0] Transmitting packet of size 70 out of port 0
[16:58:12.312] [bmv2] [D] [thread 28090] [24.0] [cxt 0] Processing packet received on port 4
[16:58:12.312] [bmv2] [D] [thread 28090] [24.0] [cxt 0] Parser 'parser': start
[16:58:12.312] [bmv2] [D] [thread 28090] [24.0] [cxt 0] Parser 'parser' entering state 'start'
[16:58:12.312] [bmv2] [D] [thread 28090] [24.0] [cxt 0] Extracting header 'ethernet'
[16:58:12.312] [bmv2] [D] [thread 28090] [24.0] [cxt 0] Parser state 'start': key is 86dd
[16:58:12.312] [bmv2] [T] [thread 28090] [24.0] [cxt 0] Bytes parsed: 14
[16:58:12.312] [bmv2] [D] [thread 28090] [24.0] [cxt 0] Parser 'parser': end
[16:58:12.312] [bmv2] [D] [thread 28090] [24.0] [cxt 0] Pipeline 'ingress': start
[16:58:12.312] [bmv2] [T] [thread 28090] [24.0] [cxt 0] basic.p4(87) Condition "hdr.gvt.isValid()" (node_2) is false
[16:58:12.312] [bmv2] [D] [thread 28090] [24.0] [cxt 0] Pipeline 'ingress': end
[16:58:12.312] [bmv2] [D] [thread 28090] [24.0] [cxt 0] Egress port is 0
[16:58:12.312] [bmv2] [D] [thread 28091] [24.0] [cxt 0] Pipeline 'egress': start
[16:58:12.312] [bmv2] [D] [thread 28091] [24.0] [cxt 0] Pipeline 'egress': end
[16:58:12.312] [bmv2] [D] [thread 28091] [24.0] [cxt 0] Deparser 'deparser': start
[16:58:12.312] [bmv2] [T] [thread 28091] [24.0] [cxt 0] Skipping checksum 'cksum' update because condition not met
[16:58:12.312] [bmv2] [D] [thread 28091] [24.0] [cxt 0] Deparsing header 'ethernet'
[16:58:12.312] [bmv2] [D] [thread 28091] [24.0] [cxt 0] Deparser 'deparser': end
[16:58:12.312] [bmv2] [D] [thread 28095] [24.0] [cxt 0] Transmitting packet of size 70 out of port 0
[16:58:12.559] [bmv2] [D] [thread 28090] [25.0] [cxt 0] Processing packet received on port 5
[16:58:12.559] [bmv2] [D] [thread 28090] [25.0] [cxt 0] Parser 'parser': start
[16:58:12.559] [bmv2] [D] [thread 28090] [25.0] [cxt 0] Parser 'parser' entering state 'start'
[16:58:12.559] [bmv2] [D] [thread 28090] [25.0] [cxt 0] Extracting header 'ethernet'
[16:58:12.559] [bmv2] [D] [thread 28090] [25.0] [cxt 0] Parser state 'start': key is 86dd
[16:58:12.559] [bmv2] [T] [thread 28090] [25.0] [cxt 0] Bytes parsed: 14
[16:58:12.559] [bmv2] [D] [thread 28090] [25.0] [cxt 0] Parser 'parser': end
[16:58:12.559] [bmv2] [D] [thread 28090] [25.0] [cxt 0] Pipeline 'ingress': start
[16:58:12.559] [bmv2] [T] [thread 28090] [25.0] [cxt 0] basic.p4(87) Condition "hdr.gvt.isValid()" (node_2) is false
[16:58:12.559] [bmv2] [D] [thread 28090] [25.0] [cxt 0] Pipeline 'ingress': end
[16:58:12.559] [bmv2] [D] [thread 28090] [25.0] [cxt 0] Egress port is 0
[16:58:12.559] [bmv2] [D] [thread 28091] [25.0] [cxt 0] Pipeline 'egress': start
[16:58:12.559] [bmv2] [D] [thread 28091] [25.0] [cxt 0] Pipeline 'egress': end
[16:58:12.559] [bmv2] [D] [thread 28091] [25.0] [cxt 0] Deparser 'deparser': start
[16:58:12.559] [bmv2] [T] [thread 28091] [25.0] [cxt 0] Skipping checksum 'cksum' update because condition not met
[16:58:12.559] [bmv2] [D] [thread 28091] [25.0] [cxt 0] Deparsing header 'ethernet'
[16:58:12.559] [bmv2] [D] [thread 28091] [25.0] [cxt 0] Deparser 'deparser': end
[16:58:12.560] [bmv2] [D] [thread 28095] [25.0] [cxt 0] Transmitting packet of size 70 out of port 0
[16:58:12.823] [bmv2] [D] [thread 28090] [26.0] [cxt 0] Processing packet received on port 4
[16:58:12.823] [bmv2] [D] [thread 28090] [26.0] [cxt 0] Parser 'parser': start
[16:58:12.823] [bmv2] [D] [thread 28090] [26.0] [cxt 0] Parser 'parser' entering state 'start'
[16:58:12.823] [bmv2] [D] [thread 28090] [26.0] [cxt 0] Extracting header 'ethernet'
[16:58:12.823] [bmv2] [D] [thread 28090] [26.0] [cxt 0] Parser state 'start': key is 86dd
[16:58:12.823] [bmv2] [T] [thread 28090] [26.0] [cxt 0] Bytes parsed: 14
[16:58:12.823] [bmv2] [D] [thread 28090] [26.0] [cxt 0] Parser 'parser': end
[16:58:12.823] [bmv2] [D] [thread 28090] [26.0] [cxt 0] Pipeline 'ingress': start
[16:58:12.823] [bmv2] [T] [thread 28090] [26.0] [cxt 0] basic.p4(87) Condition "hdr.gvt.isValid()" (node_2) is false
[16:58:12.823] [bmv2] [D] [thread 28090] [26.0] [cxt 0] Pipeline 'ingress': end
[16:58:12.823] [bmv2] [D] [thread 28090] [26.0] [cxt 0] Egress port is 0
[16:58:12.824] [bmv2] [D] [thread 28091] [26.0] [cxt 0] Pipeline 'egress': start
[16:58:12.824] [bmv2] [D] [thread 28091] [26.0] [cxt 0] Pipeline 'egress': end
[16:58:12.824] [bmv2] [D] [thread 28091] [26.0] [cxt 0] Deparser 'deparser': start
[16:58:12.824] [bmv2] [T] [thread 28091] [26.0] [cxt 0] Skipping checksum 'cksum' update because condition not met
[16:58:12.824] [bmv2] [D] [thread 28091] [26.0] [cxt 0] Deparsing header 'ethernet'
[16:58:12.824] [bmv2] [D] [thread 28091] [26.0] [cxt 0] Deparser 'deparser': end
[16:58:12.824] [bmv2] [D] [thread 28095] [26.0] [cxt 0] Transmitting packet of size 70 out of port 0
[16:58:16.075] [bmv2] [D] [thread 28090] [27.0] [cxt 0] Processing packet received on port 1
[16:58:16.075] [bmv2] [D] [thread 28090] [27.0] [cxt 0] Parser 'parser': start
[16:58:16.075] [bmv2] [D] [thread 28090] [27.0] [cxt 0] Parser 'parser' entering state 'start'
[16:58:16.075] [bmv2] [D] [thread 28090] [27.0] [cxt 0] Extracting header 'ethernet'
[16:58:16.075] [bmv2] [D] [thread 28090] [27.0] [cxt 0] Parser state 'start': key is 86dd
[16:58:16.076] [bmv2] [T] [thread 28090] [27.0] [cxt 0] Bytes parsed: 14
[16:58:16.076] [bmv2] [D] [thread 28090] [27.0] [cxt 0] Parser 'parser': end
[16:58:16.076] [bmv2] [D] [thread 28090] [27.0] [cxt 0] Pipeline 'ingress': start
[16:58:16.076] [bmv2] [T] [thread 28090] [27.0] [cxt 0] basic.p4(87) Condition "hdr.gvt.isValid()" (node_2) is false
[16:58:16.076] [bmv2] [D] [thread 28090] [27.0] [cxt 0] Pipeline 'ingress': end
[16:58:16.076] [bmv2] [D] [thread 28090] [27.0] [cxt 0] Egress port is 0
[16:58:16.076] [bmv2] [D] [thread 28091] [27.0] [cxt 0] Pipeline 'egress': start
[16:58:16.076] [bmv2] [D] [thread 28091] [27.0] [cxt 0] Pipeline 'egress': end
[16:58:16.076] [bmv2] [D] [thread 28091] [27.0] [cxt 0] Deparser 'deparser': start
[16:58:16.076] [bmv2] [T] [thread 28091] [27.0] [cxt 0] Skipping checksum 'cksum' update because condition not met
[16:58:16.076] [bmv2] [D] [thread 28091] [27.0] [cxt 0] Deparsing header 'ethernet'
[16:58:16.076] [bmv2] [D] [thread 28091] [27.0] [cxt 0] Deparser 'deparser': end
[16:58:16.076] [bmv2] [D] [thread 28095] [27.0] [cxt 0] Transmitting packet of size 70 out of port 0
[16:58:16.079] [bmv2] [D] [thread 28090] [28.0] [cxt 0] Processing packet received on port 2
[16:58:16.079] [bmv2] [D] [thread 28090] [28.0] [cxt 0] Parser 'parser': start
[16:58:16.079] [bmv2] [D] [thread 28090] [28.0] [cxt 0] Parser 'parser' entering state 'start'
[16:58:16.079] [bmv2] [D] [thread 28090] [28.0] [cxt 0] Extracting header 'ethernet'
[16:58:16.079] [bmv2] [D] [thread 28090] [28.0] [cxt 0] Parser state 'start': key is 86dd
[16:58:16.080] [bmv2] [T] [thread 28090] [28.0] [cxt 0] Bytes parsed: 14
[16:58:16.080] [bmv2] [D] [thread 28090] [28.0] [cxt 0] Parser 'parser': end
[16:58:16.080] [bmv2] [D] [thread 28090] [28.0] [cxt 0] Pipeline 'ingress': start
[16:58:16.080] [bmv2] [T] [thread 28090] [28.0] [cxt 0] basic.p4(87) Condition "hdr.gvt.isValid()" (node_2) is false
[16:58:16.080] [bmv2] [D] [thread 28090] [28.0] [cxt 0] Pipeline 'ingress': end
[16:58:16.080] [bmv2] [D] [thread 28090] [28.0] [cxt 0] Egress port is 0
[16:58:16.080] [bmv2] [D] [thread 28091] [28.0] [cxt 0] Pipeline 'egress': start
[16:58:16.080] [bmv2] [D] [thread 28091] [28.0] [cxt 0] Pipeline 'egress': end
[16:58:16.080] [bmv2] [D] [thread 28091] [28.0] [cxt 0] Deparser 'deparser': start
[16:58:16.080] [bmv2] [T] [thread 28091] [28.0] [cxt 0] Skipping checksum 'cksum' update because condition not met
[16:58:16.080] [bmv2] [D] [thread 28091] [28.0] [cxt 0] Deparsing header 'ethernet'
[16:58:16.080] [bmv2] [D] [thread 28091] [28.0] [cxt 0] Deparser 'deparser': end
[16:58:16.080] [bmv2] [D] [thread 28095] [28.0] [cxt 0] Transmitting packet of size 70 out of port 0
[16:58:16.227] [bmv2] [D] [thread 28090] [29.0] [cxt 0] Processing packet received on port 5
[16:58:16.227] [bmv2] [D] [thread 28090] [29.0] [cxt 0] Parser 'parser': start
[16:58:16.227] [bmv2] [D] [thread 28090] [29.0] [cxt 0] Parser 'parser' entering state 'start'
[16:58:16.227] [bmv2] [D] [thread 28090] [29.0] [cxt 0] Extracting header 'ethernet'
[16:58:16.227] [bmv2] [D] [thread 28090] [29.0] [cxt 0] Parser state 'start': key is 86dd
[16:58:16.227] [bmv2] [T] [thread 28090] [29.0] [cxt 0] Bytes parsed: 14
[16:58:16.227] [bmv2] [D] [thread 28090] [29.0] [cxt 0] Parser 'parser': end
[16:58:16.227] [bmv2] [D] [thread 28090] [29.0] [cxt 0] Pipeline 'ingress': start
[16:58:16.227] [bmv2] [T] [thread 28090] [29.0] [cxt 0] basic.p4(87) Condition "hdr.gvt.isValid()" (node_2) is false
[16:58:16.227] [bmv2] [D] [thread 28090] [29.0] [cxt 0] Pipeline 'ingress': end
[16:58:16.227] [bmv2] [D] [thread 28090] [29.0] [cxt 0] Egress port is 0
[16:58:16.227] [bmv2] [D] [thread 28091] [29.0] [cxt 0] Pipeline 'egress': start
[16:58:16.228] [bmv2] [D] [thread 28091] [29.0] [cxt 0] Pipeline 'egress': end
[16:58:16.228] [bmv2] [D] [thread 28091] [29.0] [cxt 0] Deparser 'deparser': start
[16:58:16.228] [bmv2] [T] [thread 28091] [29.0] [cxt 0] Skipping checksum 'cksum' update because condition not met
[16:58:16.228] [bmv2] [D] [thread 28091] [29.0] [cxt 0] Deparsing header 'ethernet'
[16:58:16.228] [bmv2] [D] [thread 28091] [29.0] [cxt 0] Deparser 'deparser': end
[16:58:16.228] [bmv2] [D] [thread 28095] [29.0] [cxt 0] Transmitting packet of size 70 out of port 0
[16:58:16.319] [bmv2] [D] [thread 28090] [30.0] [cxt 0] Processing packet received on port 4
[16:58:16.319] [bmv2] [D] [thread 28090] [30.0] [cxt 0] Parser 'parser': start
[16:58:16.319] [bmv2] [D] [thread 28090] [30.0] [cxt 0] Parser 'parser' entering state 'start'
[16:58:16.319] [bmv2] [D] [thread 28090] [30.0] [cxt 0] Extracting header 'ethernet'
[16:58:16.319] [bmv2] [D] [thread 28090] [30.0] [cxt 0] Parser state 'start': key is 86dd
[16:58:16.319] [bmv2] [T] [thread 28090] [30.0] [cxt 0] Bytes parsed: 14
[16:58:16.319] [bmv2] [D] [thread 28090] [30.0] [cxt 0] Parser 'parser': end
[16:58:16.319] [bmv2] [D] [thread 28090] [30.0] [cxt 0] Pipeline 'ingress': start
[16:58:16.319] [bmv2] [T] [thread 28090] [30.0] [cxt 0] basic.p4(87) Condition "hdr.gvt.isValid()" (node_2) is false
[16:58:16.319] [bmv2] [D] [thread 28090] [30.0] [cxt 0] Pipeline 'ingress': end
[16:58:16.319] [bmv2] [D] [thread 28090] [30.0] [cxt 0] Egress port is 0
[16:58:16.319] [bmv2] [D] [thread 28091] [30.0] [cxt 0] Pipeline 'egress': start
[16:58:16.319] [bmv2] [D] [thread 28091] [30.0] [cxt 0] Pipeline 'egress': end
[16:58:16.319] [bmv2] [D] [thread 28091] [30.0] [cxt 0] Deparser 'deparser': start
[16:58:16.319] [bmv2] [T] [thread 28091] [30.0] [cxt 0] Skipping checksum 'cksum' update because condition not met
[16:58:16.319] [bmv2] [D] [thread 28091] [30.0] [cxt 0] Deparsing header 'ethernet'
[16:58:16.319] [bmv2] [D] [thread 28091] [30.0] [cxt 0] Deparser 'deparser': end
[16:58:16.319] [bmv2] [D] [thread 28095] [30.0] [cxt 0] Transmitting packet of size 70 out of port 0
[16:58:16.567] [bmv2] [D] [thread 28090] [31.0] [cxt 0] Processing packet received on port 5
[16:58:16.567] [bmv2] [D] [thread 28090] [31.0] [cxt 0] Parser 'parser': start
[16:58:16.567] [bmv2] [D] [thread 28090] [31.0] [cxt 0] Parser 'parser' entering state 'start'
[16:58:16.567] [bmv2] [D] [thread 28090] [31.0] [cxt 0] Extracting header 'ethernet'
[16:58:16.567] [bmv2] [D] [thread 28090] [31.0] [cxt 0] Parser state 'start': key is 86dd
[16:58:16.567] [bmv2] [T] [thread 28090] [31.0] [cxt 0] Bytes parsed: 14
[16:58:16.567] [bmv2] [D] [thread 28090] [31.0] [cxt 0] Parser 'parser': end
[16:58:16.567] [bmv2] [D] [thread 28090] [31.0] [cxt 0] Pipeline 'ingress': start
[16:58:16.567] [bmv2] [T] [thread 28090] [31.0] [cxt 0] basic.p4(87) Condition "hdr.gvt.isValid()" (node_2) is false
[16:58:16.567] [bmv2] [D] [thread 28090] [31.0] [cxt 0] Pipeline 'ingress': end
[16:58:16.567] [bmv2] [D] [thread 28090] [31.0] [cxt 0] Egress port is 0
[16:58:16.567] [bmv2] [D] [thread 28091] [31.0] [cxt 0] Pipeline 'egress': start
[16:58:16.567] [bmv2] [D] [thread 28091] [31.0] [cxt 0] Pipeline 'egress': end
[16:58:16.567] [bmv2] [D] [thread 28091] [31.0] [cxt 0] Deparser 'deparser': start
[16:58:16.567] [bmv2] [T] [thread 28091] [31.0] [cxt 0] Skipping checksum 'cksum' update because condition not met
[16:58:16.567] [bmv2] [D] [thread 28091] [31.0] [cxt 0] Deparsing header 'ethernet'
[16:58:16.567] [bmv2] [D] [thread 28091] [31.0] [cxt 0] Deparser 'deparser': end
[16:58:16.568] [bmv2] [D] [thread 28095] [31.0] [cxt 0] Transmitting packet of size 70 out of port 0
[16:58:16.831] [bmv2] [D] [thread 28090] [32.0] [cxt 0] Processing packet received on port 4
[16:58:16.831] [bmv2] [D] [thread 28090] [32.0] [cxt 0] Parser 'parser': start
[16:58:16.831] [bmv2] [D] [thread 28090] [32.0] [cxt 0] Parser 'parser' entering state 'start'
[16:58:16.831] [bmv2] [D] [thread 28090] [32.0] [cxt 0] Extracting header 'ethernet'
[16:58:16.831] [bmv2] [D] [thread 28090] [32.0] [cxt 0] Parser state 'start': key is 86dd
[16:58:16.831] [bmv2] [T] [thread 28090] [32.0] [cxt 0] Bytes parsed: 14
[16:58:16.831] [bmv2] [D] [thread 28090] [32.0] [cxt 0] Parser 'parser': end
[16:58:16.831] [bmv2] [D] [thread 28090] [32.0] [cxt 0] Pipeline 'ingress': start
[16:58:16.831] [bmv2] [T] [thread 28090] [32.0] [cxt 0] basic.p4(87) Condition "hdr.gvt.isValid()" (node_2) is false
[16:58:16.831] [bmv2] [D] [thread 28090] [32.0] [cxt 0] Pipeline 'ingress': end
[16:58:16.831] [bmv2] [D] [thread 28090] [32.0] [cxt 0] Egress port is 0
[16:58:16.831] [bmv2] [D] [thread 28091] [32.0] [cxt 0] Pipeline 'egress': start
[16:58:16.831] [bmv2] [D] [thread 28091] [32.0] [cxt 0] Pipeline 'egress': end
[16:58:16.831] [bmv2] [D] [thread 28091] [32.0] [cxt 0] Deparser 'deparser': start
[16:58:16.831] [bmv2] [T] [thread 28091] [32.0] [cxt 0] Skipping checksum 'cksum' update because condition not met
[16:58:16.831] [bmv2] [D] [thread 28091] [32.0] [cxt 0] Deparsing header 'ethernet'
[16:58:16.831] [bmv2] [D] [thread 28091] [32.0] [cxt 0] Deparser 'deparser': end
[16:58:16.832] [bmv2] [D] [thread 28095] [32.0] [cxt 0] Transmitting packet of size 70 out of port 0
[17:01:53.050] [bmv2] [D] [thread 28090] [33.0] [cxt 0] Processing packet received on port 1
[17:01:53.050] [bmv2] [D] [thread 28090] [33.0] [cxt 0] Parser 'parser': start
[17:01:53.050] [bmv2] [D] [thread 28090] [33.0] [cxt 0] Parser 'parser' entering state 'start'
[17:01:53.050] [bmv2] [D] [thread 28090] [33.0] [cxt 0] Extracting header 'ethernet'
[17:01:53.050] [bmv2] [D] [thread 28090] [33.0] [cxt 0] Parser state 'start': key is 0600
[17:01:53.050] [bmv2] [T] [thread 28090] [33.0] [cxt 0] Bytes parsed: 14
[17:01:53.050] [bmv2] [D] [thread 28090] [33.0] [cxt 0] Parser 'parser' entering state 'parse_gvt'
[17:01:53.050] [bmv2] [D] [thread 28090] [33.0] [cxt 0] Extracting header 'gvt'
[17:01:53.050] [bmv2] [D] [thread 28090] [33.0] [cxt 0] Parser state 'parse_gvt' has no switch, going to default next state
[17:01:53.050] [bmv2] [T] [thread 28090] [33.0] [cxt 0] Bytes parsed: 30
[17:01:53.050] [bmv2] [D] [thread 28090] [33.0] [cxt 0] Parser 'parser': end
[17:01:53.051] [bmv2] [D] [thread 28090] [33.0] [cxt 0] Pipeline 'ingress': start
[17:01:53.051] [bmv2] [T] [thread 28090] [33.0] [cxt 0] basic.p4(87) Condition "hdr.gvt.isValid()" (node_2) is true
[17:01:53.051] [bmv2] [T] [thread 28090] [33.0] [cxt 0] basic.p4(88) Condition "hdr.gvt.type == TYPE_FAILURE" (node_3) is false
[17:01:53.051] [bmv2] [T] [thread 28090] [33.0] [cxt 0] basic.p4(93) Condition "(hdr.gvt.type == TYPE_PROP || hdr.gvt.type == TYPE_PREPARE) && meta.iterator == 0" (node_6) is false
[17:01:53.051] [bmv2] [T] [thread 28090] [33.0] [cxt 0] basic.p4(106) Condition "hdr.gvt.type == TYPE_REQ" (node_11) is false
[17:01:53.051] [bmv2] [T] [thread 28090] [33.0] [cxt 0] basic.p4(110) Condition "hdr.gvt.type == TYPE_PREPAREOK" (node_13) is false
[17:01:53.051] [bmv2] [T] [thread 28090] [33.0] [cxt 0] basic.p4(119) Condition "hdr.gvt.type == TYPE_STARTCHANGE" (node_18) is true
[17:01:53.051] [bmv2] [T] [thread 28090] [33.0] [cxt 0] Applying table 'tbl_act_4'
[17:01:53.051] [bmv2] [D] [thread 28090] [33.0] [cxt 0] Looking up key:

[17:01:53.051] [bmv2] [D] [thread 28090] [33.0] [cxt 0] Table 'tbl_act_4': miss
[17:01:53.051] [bmv2] [D] [thread 28090] [33.0] [cxt 0] Action entry is act_4 - 
[17:01:53.051] [bmv2] [T] [thread 28090] [33.0] [cxt 0] Action act_4
[17:01:53.051] [bmv2] [T] [thread 28090] [33.0] [cxt 0] basic.p4(121) Primitive DoChangeNumber.write (0, 0)
[17:01:53.051] [bmv2] [T] [thread 28090] [33.0] [cxt 0] Wrote register 'DoChangeNumber' at index 0 with value 0
[17:01:53.051] [bmv2] [T] [thread 28090] [33.0] [cxt 0] Applying table 'tbl_multicast_0'
[17:01:53.051] [bmv2] [D] [thread 28090] [33.0] [cxt 0] Looking up key:

[17:01:53.051] [bmv2] [D] [thread 28090] [33.0] [cxt 0] Table 'tbl_multicast_0': miss
[17:01:53.051] [bmv2] [D] [thread 28090] [33.0] [cxt 0] Action entry is MyIngress.multicast - 
[17:01:53.051] [bmv2] [T] [thread 28090] [33.0] [cxt 0] Action MyIngress.multicast
[17:01:53.051] [bmv2] [T] [thread 28090] [33.0] [cxt 0] basic.p4(46) Primitive standard_metadata.mcast_grp = (bit<16>) grp_id; ...
[17:01:53.051] [bmv2] [T] [thread 28090] [33.0] [cxt 0] basic.p4(137) Condition "meta.iterator > 0" (node_26) is false
[17:01:53.051] [bmv2] [D] [thread 28090] [33.0] [cxt 0] Pipeline 'ingress': end
[17:01:53.051] [bmv2] [D] [thread 28090] [33.0] [cxt 0] Multicast requested for packet
[17:01:53.051] [bmv2] [W] [thread 28090] Replication requested for mgid 3, which is not known to the PRE
[17:01:58.077] [bmv2] [D] [thread 28090] [34.0] [cxt 0] Processing packet received on port 1
[17:01:58.078] [bmv2] [D] [thread 28090] [34.0] [cxt 0] Parser 'parser': start
[17:01:58.078] [bmv2] [D] [thread 28090] [34.0] [cxt 0] Parser 'parser' entering state 'start'
[17:01:58.078] [bmv2] [D] [thread 28090] [34.0] [cxt 0] Extracting header 'ethernet'
[17:01:58.078] [bmv2] [D] [thread 28090] [34.0] [cxt 0] Parser state 'start': key is 0600
[17:01:58.078] [bmv2] [T] [thread 28090] [34.0] [cxt 0] Bytes parsed: 14
[17:01:58.078] [bmv2] [D] [thread 28090] [34.0] [cxt 0] Parser 'parser' entering state 'parse_gvt'
[17:01:58.078] [bmv2] [D] [thread 28090] [34.0] [cxt 0] Extracting header 'gvt'
[17:01:58.078] [bmv2] [D] [thread 28090] [34.0] [cxt 0] Parser state 'parse_gvt' has no switch, going to default next state
[17:01:58.078] [bmv2] [T] [thread 28090] [34.0] [cxt 0] Bytes parsed: 30
[17:01:58.078] [bmv2] [D] [thread 28090] [34.0] [cxt 0] Parser 'parser': end
[17:01:58.078] [bmv2] [D] [thread 28090] [34.0] [cxt 0] Pipeline 'ingress': start
[17:01:58.078] [bmv2] [T] [thread 28090] [34.0] [cxt 0] basic.p4(87) Condition "hdr.gvt.isValid()" (node_2) is true
[17:01:58.078] [bmv2] [T] [thread 28090] [34.0] [cxt 0] basic.p4(88) Condition "hdr.gvt.type == TYPE_FAILURE" (node_3) is true
[17:01:58.078] [bmv2] [T] [thread 28090] [34.0] [cxt 0] Applying table 'tbl_act'
[17:01:58.079] [bmv2] [D] [thread 28090] [34.0] [cxt 0] Looking up key:

[17:01:58.079] [bmv2] [D] [thread 28090] [34.0] [cxt 0] Table 'tbl_act': miss
[17:01:58.079] [bmv2] [D] [thread 28090] [34.0] [cxt 0] Action entry is act - 
[17:01:58.079] [bmv2] [T] [thread 28090] [34.0] [cxt 0] Action act
[17:01:58.079] [bmv2] [T] [thread 28090] [34.0] [cxt 0] include/headers.p4(14) Primitive 0x6666; ...
[17:01:58.079] [bmv2] [T] [thread 28090] [34.0] [cxt 0] Applying table 'MyIngress.send_probe_server'
[17:01:58.079] [bmv2] [D] [thread 28090] [34.0] [cxt 0] Looking up key:
* hdr.gvt.pid         : 00000001

[17:01:58.079] [bmv2] [D] [thread 28090] [34.0] [cxt 0] Table 'MyIngress.send_probe_server': hit with handle 0
[17:01:58.079] [bmv2] [D] [thread 28090] [34.0] [cxt 0] Dumping entry 0
Match key:
* hdr.gvt.pid         : EXACT     00000001
Action entry: MyIngress.send_probe - 1,

[17:01:58.079] [bmv2] [D] [thread 28090] [34.0] [cxt 0] Action entry is MyIngress.send_probe - 1,
[17:01:58.079] [bmv2] [T] [thread 28090] [34.0] [cxt 0] Action MyIngress.send_probe
[17:01:58.079] [bmv2] [T] [thread 28090] [34.0] [cxt 0] basic.p4(50) Primitive standard_metadata.egress_spec = port
[17:01:58.079] [bmv2] [T] [thread 28090] [34.0] [cxt 0] basic.p4(137) Condition "meta.iterator > 0" (node_26) is false
[17:01:58.079] [bmv2] [D] [thread 28090] [34.0] [cxt 0] Pipeline 'ingress': end
[17:01:58.079] [bmv2] [D] [thread 28090] [34.0] [cxt 0] Egress port is 1
[17:01:58.079] [bmv2] [D] [thread 28092] [34.0] [cxt 0] Pipeline 'egress': start
[17:01:58.080] [bmv2] [D] [thread 28092] [34.0] [cxt 0] Pipeline 'egress': end
[17:01:58.080] [bmv2] [D] [thread 28092] [34.0] [cxt 0] Deparser 'deparser': start
[17:01:58.080] [bmv2] [T] [thread 28092] [34.0] [cxt 0] Skipping checksum 'cksum' update because condition not met
[17:01:58.080] [bmv2] [D] [thread 28092] [34.0] [cxt 0] Deparsing header 'ethernet'
[17:01:58.080] [bmv2] [D] [thread 28092] [34.0] [cxt 0] Deparsing header 'gvt'
[17:01:58.080] [bmv2] [D] [thread 28092] [34.0] [cxt 0] Deparser 'deparser': end
[17:01:58.080] [bmv2] [D] [thread 28095] [34.0] [cxt 0] Transmitting packet of size 30 out of port 1
open: No such file or directory
open: No such file or directory
