Calling target program-options parser
[23:29:13.876] [bmv2] [D] [thread 28797] Set default default entry for table 'MyIngress.ipv4_lpm': MyIngress.drop - 
Adding interface s2-eth2 as port 2
[23:29:13.876] [bmv2] [D] [thread 28797] Adding interface s2-eth2 as port 2
Adding interface s2-eth3 as port 3
[23:29:13.896] [bmv2] [D] [thread 28797] Adding interface s2-eth3 as port 3
I0426 23:29:13.924671288   28797 server_builder.cc:247]      Synchronous server. Num CQs: 1, Min pollers: 1, Max Pollers: 2147483647, CQ timeout (msec): 1000
Server listening on 0.0.0.0:50052
[23:29:13.927] [bmv2] [I] [thread 28797] Starting Thrift server on port 9091
[23:29:13.927] [bmv2] [I] [thread 28797] Thrift server was started
[23:29:13.928] [bmv2] [D] [thread 28804] [0.0] [cxt 0] Processing packet received on port 2
[23:29:13.928] [bmv2] [D] [thread 28804] [0.0] [cxt 0] Parser 'parser': start
[23:29:13.928] [bmv2] [D] [thread 28804] [0.0] [cxt 0] Parser 'parser' entering state 'start'
[23:29:13.928] [bmv2] [D] [thread 28804] [0.0] [cxt 0] Extracting header 'ethernet'
[23:29:13.928] [bmv2] [D] [thread 28804] [0.0] [cxt 0] Parser state 'start': key is 86dd
[23:29:13.928] [bmv2] [T] [thread 28804] [0.0] [cxt 0] Bytes parsed: 14
[23:29:13.928] [bmv2] [D] [thread 28804] [0.0] [cxt 0] Parser 'parser': end
[23:29:13.928] [bmv2] [D] [thread 28804] [0.0] [cxt 0] Pipeline 'ingress': start
[23:29:13.928] [bmv2] [T] [thread 28804] [0.0] [cxt 0] basic.p4(114) Condition "hdr.ipv4.isValid()" (node_2) is false
[23:29:13.928] [bmv2] [D] [thread 28804] [0.0] [cxt 0] Pipeline 'ingress': end
[23:29:13.928] [bmv2] [D] [thread 28804] [0.0] [cxt 0] Egress port is 0
[23:29:13.928] [bmv2] [D] [thread 28805] [0.0] [cxt 0] Pipeline 'egress': start
[23:29:13.928] [bmv2] [D] [thread 28805] [0.0] [cxt 0] Pipeline 'egress': end
[23:29:13.928] [bmv2] [D] [thread 28805] [0.0] [cxt 0] Deparser 'deparser': start
[23:29:13.928] [bmv2] [T] [thread 28805] [0.0] [cxt 0] Skipping checksum 'cksum' update because condition not met
[23:29:13.928] [bmv2] [D] [thread 28805] [0.0] [cxt 0] Deparsing header 'ethernet'
[23:29:13.928] [bmv2] [D] [thread 28805] [0.0] [cxt 0] Deparser 'deparser': end
[23:29:13.928] [bmv2] [D] [thread 28809] [0.0] [cxt 0] Transmitting packet of size 90 out of port 0
[23:29:13.929] [bmv2] [D] [thread 28804] [1.0] [cxt 0] Processing packet received on port 2
[23:29:13.929] [bmv2] [D] [thread 28804] [1.0] [cxt 0] Parser 'parser': start
[23:29:13.929] [bmv2] [D] [thread 28804] [1.0] [cxt 0] Parser 'parser' entering state 'start'
[23:29:13.929] [bmv2] [D] [thread 28804] [1.0] [cxt 0] Extracting header 'ethernet'
[23:29:13.929] [bmv2] [D] [thread 28804] [1.0] [cxt 0] Parser state 'start': key is 86dd
[23:29:13.929] [bmv2] [T] [thread 28804] [1.0] [cxt 0] Bytes parsed: 14
[23:29:13.929] [bmv2] [D] [thread 28804] [1.0] [cxt 0] Parser 'parser': end
[23:29:13.929] [bmv2] [D] [thread 28804] [1.0] [cxt 0] Pipeline 'ingress': start
[23:29:13.929] [bmv2] [T] [thread 28804] [1.0] [cxt 0] basic.p4(114) Condition "hdr.ipv4.isValid()" (node_2) is false
[23:29:13.929] [bmv2] [D] [thread 28804] [1.0] [cxt 0] Pipeline 'ingress': end
[23:29:13.929] [bmv2] [D] [thread 28804] [1.0] [cxt 0] Egress port is 0
[23:29:13.929] [bmv2] [D] [thread 28805] [1.0] [cxt 0] Pipeline 'egress': start
[23:29:13.929] [bmv2] [D] [thread 28805] [1.0] [cxt 0] Pipeline 'egress': end
[23:29:13.929] [bmv2] [D] [thread 28805] [1.0] [cxt 0] Deparser 'deparser': start
[23:29:13.929] [bmv2] [T] [thread 28805] [1.0] [cxt 0] Skipping checksum 'cksum' update because condition not met
[23:29:13.929] [bmv2] [D] [thread 28805] [1.0] [cxt 0] Deparsing header 'ethernet'
[23:29:13.929] [bmv2] [D] [thread 28805] [1.0] [cxt 0] Deparser 'deparser': end
[23:29:13.929] [bmv2] [D] [thread 28809] [1.0] [cxt 0] Transmitting packet of size 70 out of port 0
[23:29:14.010] [bmv2] [D] [thread 28804] [2.0] [cxt 0] Processing packet received on port 3
[23:29:14.010] [bmv2] [D] [thread 28804] [2.0] [cxt 0] Parser 'parser': start
[23:29:14.010] [bmv2] [D] [thread 28804] [2.0] [cxt 0] Parser 'parser' entering state 'start'
[23:29:14.010] [bmv2] [D] [thread 28804] [2.0] [cxt 0] Extracting header 'ethernet'
[23:29:14.010] [bmv2] [D] [thread 28804] [2.0] [cxt 0] Parser state 'start': key is 86dd
[23:29:14.010] [bmv2] [T] [thread 28804] [2.0] [cxt 0] Bytes parsed: 14
[23:29:14.010] [bmv2] [D] [thread 28804] [2.0] [cxt 0] Parser 'parser': end
[23:29:14.010] [bmv2] [D] [thread 28804] [2.0] [cxt 0] Pipeline 'ingress': start
[23:29:14.010] [bmv2] [T] [thread 28804] [2.0] [cxt 0] basic.p4(114) Condition "hdr.ipv4.isValid()" (node_2) is false
[23:29:14.010] [bmv2] [D] [thread 28804] [2.0] [cxt 0] Pipeline 'ingress': end
[23:29:14.010] [bmv2] [D] [thread 28804] [2.0] [cxt 0] Egress port is 0
[23:29:14.010] [bmv2] [D] [thread 28805] [2.0] [cxt 0] Pipeline 'egress': start
[23:29:14.010] [bmv2] [D] [thread 28805] [2.0] [cxt 0] Pipeline 'egress': end
[23:29:14.010] [bmv2] [D] [thread 28805] [2.0] [cxt 0] Deparser 'deparser': start
[23:29:14.010] [bmv2] [T] [thread 28805] [2.0] [cxt 0] Skipping checksum 'cksum' update because condition not met
[23:29:14.010] [bmv2] [D] [thread 28805] [2.0] [cxt 0] Deparsing header 'ethernet'
[23:29:14.010] [bmv2] [D] [thread 28805] [2.0] [cxt 0] Deparser 'deparser': end
[23:29:14.010] [bmv2] [D] [thread 28809] [2.0] [cxt 0] Transmitting packet of size 90 out of port 0
[23:29:14.010] [bmv2] [D] [thread 28804] [3.0] [cxt 0] Processing packet received on port 3
[23:29:14.010] [bmv2] [D] [thread 28804] [3.0] [cxt 0] Parser 'parser': start
[23:29:14.010] [bmv2] [D] [thread 28804] [3.0] [cxt 0] Parser 'parser' entering state 'start'
[23:29:14.010] [bmv2] [D] [thread 28804] [3.0] [cxt 0] Extracting header 'ethernet'
[23:29:14.010] [bmv2] [D] [thread 28804] [3.0] [cxt 0] Parser state 'start': key is 86dd
[23:29:14.010] [bmv2] [T] [thread 28804] [3.0] [cxt 0] Bytes parsed: 14
[23:29:14.010] [bmv2] [D] [thread 28804] [3.0] [cxt 0] Parser 'parser': end
[23:29:14.010] [bmv2] [D] [thread 28804] [3.0] [cxt 0] Pipeline 'ingress': start
[23:29:14.010] [bmv2] [T] [thread 28804] [3.0] [cxt 0] basic.p4(114) Condition "hdr.ipv4.isValid()" (node_2) is false
[23:29:14.010] [bmv2] [D] [thread 28804] [3.0] [cxt 0] Pipeline 'ingress': end
[23:29:14.010] [bmv2] [D] [thread 28804] [3.0] [cxt 0] Egress port is 0
[23:29:14.010] [bmv2] [D] [thread 28805] [3.0] [cxt 0] Pipeline 'egress': start
[23:29:14.010] [bmv2] [D] [thread 28805] [3.0] [cxt 0] Pipeline 'egress': end
[23:29:14.010] [bmv2] [D] [thread 28805] [3.0] [cxt 0] Deparser 'deparser': start
[23:29:14.010] [bmv2] [T] [thread 28805] [3.0] [cxt 0] Skipping checksum 'cksum' update because condition not met
[23:29:14.011] [bmv2] [D] [thread 28805] [3.0] [cxt 0] Deparsing header 'ethernet'
[23:29:14.011] [bmv2] [D] [thread 28805] [3.0] [cxt 0] Deparser 'deparser': end
[23:29:14.011] [bmv2] [D] [thread 28809] [3.0] [cxt 0] Transmitting packet of size 70 out of port 0
[23:29:14.068] [bmv2] [D] [thread 28804] [4.0] [cxt 0] Processing packet received on port 3
[23:29:14.068] [bmv2] [D] [thread 28804] [4.0] [cxt 0] Parser 'parser': start
[23:29:14.068] [bmv2] [D] [thread 28804] [4.0] [cxt 0] Parser 'parser' entering state 'start'
[23:29:14.068] [bmv2] [D] [thread 28804] [4.0] [cxt 0] Extracting header 'ethernet'
[23:29:14.068] [bmv2] [D] [thread 28804] [4.0] [cxt 0] Parser state 'start': key is 86dd
[23:29:14.068] [bmv2] [T] [thread 28804] [4.0] [cxt 0] Bytes parsed: 14
[23:29:14.068] [bmv2] [D] [thread 28804] [4.0] [cxt 0] Parser 'parser': end
[23:29:14.068] [bmv2] [D] [thread 28804] [4.0] [cxt 0] Pipeline 'ingress': start
[23:29:14.068] [bmv2] [T] [thread 28804] [4.0] [cxt 0] basic.p4(114) Condition "hdr.ipv4.isValid()" (node_2) is false
[23:29:14.068] [bmv2] [D] [thread 28804] [4.0] [cxt 0] Pipeline 'ingress': end
[23:29:14.068] [bmv2] [D] [thread 28804] [4.0] [cxt 0] Egress port is 0
[23:29:14.068] [bmv2] [D] [thread 28805] [4.0] [cxt 0] Pipeline 'egress': start
[23:29:14.068] [bmv2] [D] [thread 28805] [4.0] [cxt 0] Pipeline 'egress': end
[23:29:14.068] [bmv2] [D] [thread 28805] [4.0] [cxt 0] Deparser 'deparser': start
[23:29:14.068] [bmv2] [T] [thread 28805] [4.0] [cxt 0] Skipping checksum 'cksum' update because condition not met
[23:29:14.068] [bmv2] [D] [thread 28805] [4.0] [cxt 0] Deparsing header 'ethernet'
[23:29:14.068] [bmv2] [D] [thread 28805] [4.0] [cxt 0] Deparser 'deparser': end
[23:29:14.069] [bmv2] [D] [thread 28809] [4.0] [cxt 0] Transmitting packet of size 90 out of port 0
[23:29:14.393] [bmv2] [D] [thread 28804] [5.0] [cxt 0] Processing packet received on port 2
[23:29:14.393] [bmv2] [D] [thread 28804] [5.0] [cxt 0] Parser 'parser': start
[23:29:14.393] [bmv2] [D] [thread 28804] [5.0] [cxt 0] Parser 'parser' entering state 'start'
[23:29:14.393] [bmv2] [D] [thread 28804] [5.0] [cxt 0] Extracting header 'ethernet'
[23:29:14.393] [bmv2] [D] [thread 28804] [5.0] [cxt 0] Parser state 'start': key is 86dd
[23:29:14.393] [bmv2] [T] [thread 28804] [5.0] [cxt 0] Bytes parsed: 14
[23:29:14.393] [bmv2] [D] [thread 28804] [5.0] [cxt 0] Parser 'parser': end
[23:29:14.393] [bmv2] [D] [thread 28804] [5.0] [cxt 0] Pipeline 'ingress': start
[23:29:14.393] [bmv2] [T] [thread 28804] [5.0] [cxt 0] basic.p4(114) Condition "hdr.ipv4.isValid()" (node_2) is false
[23:29:14.393] [bmv2] [D] [thread 28804] [5.0] [cxt 0] Pipeline 'ingress': end
[23:29:14.393] [bmv2] [D] [thread 28804] [5.0] [cxt 0] Egress port is 0
[23:29:14.393] [bmv2] [D] [thread 28805] [5.0] [cxt 0] Pipeline 'egress': start
[23:29:14.393] [bmv2] [D] [thread 28805] [5.0] [cxt 0] Pipeline 'egress': end
[23:29:14.393] [bmv2] [D] [thread 28805] [5.0] [cxt 0] Deparser 'deparser': start
[23:29:14.393] [bmv2] [T] [thread 28805] [5.0] [cxt 0] Skipping checksum 'cksum' update because condition not met
[23:29:14.393] [bmv2] [D] [thread 28805] [5.0] [cxt 0] Deparsing header 'ethernet'
[23:29:14.393] [bmv2] [D] [thread 28805] [5.0] [cxt 0] Deparser 'deparser': end
[23:29:14.393] [bmv2] [D] [thread 28809] [5.0] [cxt 0] Transmitting packet of size 90 out of port 0
[23:29:14.768] [bmv2] [D] [thread 28804] [6.0] [cxt 0] Processing packet received on port 2
[23:29:14.768] [bmv2] [D] [thread 28804] [6.0] [cxt 0] Parser 'parser': start
[23:29:14.768] [bmv2] [D] [thread 28804] [6.0] [cxt 0] Parser 'parser' entering state 'start'
[23:29:14.768] [bmv2] [D] [thread 28804] [6.0] [cxt 0] Extracting header 'ethernet'
[23:29:14.768] [bmv2] [D] [thread 28804] [6.0] [cxt 0] Parser state 'start': key is 86dd
[23:29:14.768] [bmv2] [T] [thread 28804] [6.0] [cxt 0] Bytes parsed: 14
[23:29:14.768] [bmv2] [D] [thread 28804] [6.0] [cxt 0] Parser 'parser': end
[23:29:14.768] [bmv2] [D] [thread 28804] [6.0] [cxt 0] Pipeline 'ingress': start
[23:29:14.768] [bmv2] [T] [thread 28804] [6.0] [cxt 0] basic.p4(114) Condition "hdr.ipv4.isValid()" (node_2) is false
[23:29:14.768] [bmv2] [D] [thread 28804] [6.0] [cxt 0] Pipeline 'ingress': end
[23:29:14.768] [bmv2] [D] [thread 28804] [6.0] [cxt 0] Egress port is 0
[23:29:14.768] [bmv2] [D] [thread 28805] [6.0] [cxt 0] Pipeline 'egress': start
[23:29:14.768] [bmv2] [D] [thread 28805] [6.0] [cxt 0] Pipeline 'egress': end
[23:29:14.768] [bmv2] [D] [thread 28805] [6.0] [cxt 0] Deparser 'deparser': start
[23:29:14.768] [bmv2] [T] [thread 28805] [6.0] [cxt 0] Skipping checksum 'cksum' update because condition not met
[23:29:14.768] [bmv2] [D] [thread 28805] [6.0] [cxt 0] Deparsing header 'ethernet'
[23:29:14.768] [bmv2] [D] [thread 28805] [6.0] [cxt 0] Deparser 'deparser': end
[23:29:14.769] [bmv2] [D] [thread 28809] [6.0] [cxt 0] Transmitting packet of size 90 out of port 0
[23:29:14.999] [bmv2] [D] [thread 28804] [7.0] [cxt 0] Processing packet received on port 3
[23:29:14.999] [bmv2] [D] [thread 28804] [7.0] [cxt 0] Parser 'parser': start
[23:29:14.999] [bmv2] [D] [thread 28804] [7.0] [cxt 0] Parser 'parser' entering state 'start'
[23:29:14.999] [bmv2] [D] [thread 28804] [7.0] [cxt 0] Extracting header 'ethernet'
[23:29:14.999] [bmv2] [D] [thread 28804] [7.0] [cxt 0] Parser state 'start': key is 86dd
[23:29:14.999] [bmv2] [T] [thread 28804] [7.0] [cxt 0] Bytes parsed: 14
[23:29:14.999] [bmv2] [D] [thread 28804] [7.0] [cxt 0] Parser 'parser': end
[23:29:14.999] [bmv2] [D] [thread 28804] [7.0] [cxt 0] Pipeline 'ingress': start
[23:29:14.999] [bmv2] [T] [thread 28804] [7.0] [cxt 0] basic.p4(114) Condition "hdr.ipv4.isValid()" (node_2) is false
[23:29:14.999] [bmv2] [D] [thread 28804] [7.0] [cxt 0] Pipeline 'ingress': end
[23:29:14.999] [bmv2] [D] [thread 28804] [7.0] [cxt 0] Egress port is 0
[23:29:14.999] [bmv2] [D] [thread 28805] [7.0] [cxt 0] Pipeline 'egress': start
[23:29:14.999] [bmv2] [D] [thread 28805] [7.0] [cxt 0] Pipeline 'egress': end
[23:29:14.999] [bmv2] [D] [thread 28805] [7.0] [cxt 0] Deparser 'deparser': start
[23:29:14.999] [bmv2] [T] [thread 28805] [7.0] [cxt 0] Skipping checksum 'cksum' update because condition not met
[23:29:14.999] [bmv2] [D] [thread 28805] [7.0] [cxt 0] Deparsing header 'ethernet'
[23:29:14.999] [bmv2] [D] [thread 28805] [7.0] [cxt 0] Deparser 'deparser': end
[23:29:15.000] [bmv2] [D] [thread 28809] [7.0] [cxt 0] Transmitting packet of size 90 out of port 0
New connection
P4Runtime SetForwardingPipelineConfig
[23:29:16.099] [bmv2] [W] [thread 28874] [P4Runtime] p4::tmp::P4DeviceConfig is deprecated
[23:29:16.099] [bmv2] [D] [thread 28874] Set default default entry for table 'MyIngress.ipv4_lpm': MyIngress.drop - 
P4Runtime Write
device_id: 1
election_id {
  low: 1
}
updates {
  type: MODIFY
  entity {
    table_entry {
      table_id: 33574068
      action {
        action {
          action_id: 16805608
        }
      }
      is_default_action: true
    }
  }
}
[23:29:16.102] [bmv2] [D] [thread 28874] Set default entry for table 'MyIngress.ipv4_lpm': MyIngress.drop - 
P4Runtime Write
device_id: 1
election_id {
  low: 1
}
updates {
  type: INSERT
  entity {
    table_entry {
      table_id: 33574068
      match {
        field_id: 1
        lpm {
          value: "\n\000\001\001"
          prefix_len: 32
        }
      }
      action {
        action {
          action_id: 16799317
          params {
            param_id: 1
            value: "\010\000\000\000\001\000"
          }
          params {
            param_id: 2
            value: "\000\002"
          }
        }
      }
    }
  }
}
[23:29:16.103] [bmv2] [D] [thread 28875] Entry 0 added to table 'MyIngress.ipv4_lpm'
[23:29:16.103] [bmv2] [D] [thread 28875] Dumping entry 0
Match key:
* hdr.ipv4.dstAddr    : LPM       0a000101/32
Action entry: MyIngress.ipv4_forward - 80000000100,2,

P4Runtime Write
device_id: 1
election_id {
  low: 1
}
updates {
  type: INSERT
  entity {
    table_entry {
      table_id: 33574068
      match {
        field_id: 1
        lpm {
          value: "\n\000\002\002"
          prefix_len: 32
        }
      }
      action {
        action {
          action_id: 16799317
          params {
            param_id: 1
            value: "\010\000\000\000\002\""
          }
          params {
            param_id: 2
            value: "\000\001"
          }
        }
      }
    }
  }
}
[23:29:16.104] [bmv2] [D] [thread 28874] Entry 1 added to table 'MyIngress.ipv4_lpm'
[23:29:16.104] [bmv2] [D] [thread 28874] Dumping entry 1
Match key:
* hdr.ipv4.dstAddr    : LPM       0a000202/32
Action entry: MyIngress.ipv4_forward - 80000000222,1,

P4Runtime Write
device_id: 1
election_id {
  low: 1
}
updates {
  type: INSERT
  entity {
    table_entry {
      table_id: 33574068
      match {
        field_id: 1
        lpm {
          value: "\n\000\003\003"
          prefix_len: 32
        }
      }
      action {
        action {
          action_id: 16799317
          params {
            param_id: 1
            value: "\010\000\000\000\003\000"
          }
          params {
            param_id: 2
            value: "\000\003"
          }
        }
      }
    }
  }
}
[23:29:16.105] [bmv2] [D] [thread 28874] Entry 2 added to table 'MyIngress.ipv4_lpm'
[23:29:16.105] [bmv2] [D] [thread 28874] Dumping entry 2
Match key:
* hdr.ipv4.dstAddr    : LPM       0a000303/32
Action entry: MyIngress.ipv4_forward - 80000000300,3,

Connection removed
[23:29:17.460] [bmv2] [D] [thread 28804] [8.0] [cxt 0] Processing packet received on port 3
[23:29:17.460] [bmv2] [D] [thread 28804] [8.0] [cxt 0] Parser 'parser': start
[23:29:17.460] [bmv2] [D] [thread 28804] [8.0] [cxt 0] Parser 'parser' entering state 'start'
[23:29:17.460] [bmv2] [D] [thread 28804] [8.0] [cxt 0] Extracting header 'ethernet'
[23:29:17.460] [bmv2] [D] [thread 28804] [8.0] [cxt 0] Parser state 'start': key is 86dd
[23:29:17.460] [bmv2] [T] [thread 28804] [8.0] [cxt 0] Bytes parsed: 14
[23:29:17.460] [bmv2] [D] [thread 28804] [8.0] [cxt 0] Parser 'parser': end
[23:29:17.460] [bmv2] [D] [thread 28804] [8.0] [cxt 0] Pipeline 'ingress': start
[23:29:17.460] [bmv2] [T] [thread 28804] [8.0] [cxt 0] basic.p4(114) Condition "hdr.ipv4.isValid()" (node_2) is false
[23:29:17.460] [bmv2] [D] [thread 28804] [8.0] [cxt 0] Pipeline 'ingress': end
[23:29:17.460] [bmv2] [D] [thread 28804] [8.0] [cxt 0] Egress port is 0
[23:29:17.460] [bmv2] [D] [thread 28805] [8.0] [cxt 0] Pipeline 'egress': start
[23:29:17.460] [bmv2] [D] [thread 28805] [8.0] [cxt 0] Pipeline 'egress': end
[23:29:17.460] [bmv2] [D] [thread 28805] [8.0] [cxt 0] Deparser 'deparser': start
[23:29:17.460] [bmv2] [T] [thread 28805] [8.0] [cxt 0] Skipping checksum 'cksum' update because condition not met
[23:29:17.460] [bmv2] [D] [thread 28805] [8.0] [cxt 0] Deparsing header 'ethernet'
[23:29:17.460] [bmv2] [D] [thread 28805] [8.0] [cxt 0] Deparser 'deparser': end
[23:29:17.461] [bmv2] [D] [thread 28809] [8.0] [cxt 0] Transmitting packet of size 70 out of port 0
[23:29:17.560] [bmv2] [D] [thread 28804] [9.0] [cxt 0] Processing packet received on port 2
[23:29:17.560] [bmv2] [D] [thread 28804] [9.0] [cxt 0] Parser 'parser': start
[23:29:17.560] [bmv2] [D] [thread 28804] [9.0] [cxt 0] Parser 'parser' entering state 'start'
[23:29:17.560] [bmv2] [D] [thread 28804] [9.0] [cxt 0] Extracting header 'ethernet'
[23:29:17.560] [bmv2] [D] [thread 28804] [9.0] [cxt 0] Parser state 'start': key is 86dd
[23:29:17.560] [bmv2] [T] [thread 28804] [9.0] [cxt 0] Bytes parsed: 14
[23:29:17.560] [bmv2] [D] [thread 28804] [9.0] [cxt 0] Parser 'parser': end
[23:29:17.561] [bmv2] [D] [thread 28804] [9.0] [cxt 0] Pipeline 'ingress': start
[23:29:17.561] [bmv2] [T] [thread 28804] [9.0] [cxt 0] basic.p4(114) Condition "hdr.ipv4.isValid()" (node_2) is false
[23:29:17.561] [bmv2] [D] [thread 28804] [9.0] [cxt 0] Pipeline 'ingress': end
[23:29:17.561] [bmv2] [D] [thread 28804] [9.0] [cxt 0] Egress port is 0
[23:29:17.561] [bmv2] [D] [thread 28805] [9.0] [cxt 0] Pipeline 'egress': start
[23:29:17.561] [bmv2] [D] [thread 28805] [9.0] [cxt 0] Pipeline 'egress': end
[23:29:17.561] [bmv2] [D] [thread 28805] [9.0] [cxt 0] Deparser 'deparser': start
[23:29:17.561] [bmv2] [T] [thread 28805] [9.0] [cxt 0] Skipping checksum 'cksum' update because condition not met
[23:29:17.561] [bmv2] [D] [thread 28805] [9.0] [cxt 0] Deparsing header 'ethernet'
[23:29:17.561] [bmv2] [D] [thread 28805] [9.0] [cxt 0] Deparser 'deparser': end
[23:29:17.561] [bmv2] [D] [thread 28809] [9.0] [cxt 0] Transmitting packet of size 70 out of port 0
[23:29:17.912] [bmv2] [D] [thread 28804] [10.0] [cxt 0] Processing packet received on port 2
[23:29:17.912] [bmv2] [D] [thread 28804] [10.0] [cxt 0] Parser 'parser': start
[23:29:17.912] [bmv2] [D] [thread 28804] [10.0] [cxt 0] Parser 'parser' entering state 'start'
[23:29:17.912] [bmv2] [D] [thread 28804] [10.0] [cxt 0] Extracting header 'ethernet'
[23:29:17.912] [bmv2] [D] [thread 28804] [10.0] [cxt 0] Parser state 'start': key is 86dd
[23:29:17.912] [bmv2] [T] [thread 28804] [10.0] [cxt 0] Bytes parsed: 14
[23:29:17.912] [bmv2] [D] [thread 28804] [10.0] [cxt 0] Parser 'parser': end
[23:29:17.912] [bmv2] [D] [thread 28804] [10.0] [cxt 0] Pipeline 'ingress': start
[23:29:17.913] [bmv2] [T] [thread 28804] [10.0] [cxt 0] basic.p4(114) Condition "hdr.ipv4.isValid()" (node_2) is false
[23:29:17.913] [bmv2] [D] [thread 28804] [10.0] [cxt 0] Pipeline 'ingress': end
[23:29:17.913] [bmv2] [D] [thread 28804] [10.0] [cxt 0] Egress port is 0
[23:29:17.913] [bmv2] [D] [thread 28805] [10.0] [cxt 0] Pipeline 'egress': start
[23:29:17.913] [bmv2] [D] [thread 28805] [10.0] [cxt 0] Pipeline 'egress': end
[23:29:17.913] [bmv2] [D] [thread 28805] [10.0] [cxt 0] Deparser 'deparser': start
[23:29:17.913] [bmv2] [T] [thread 28805] [10.0] [cxt 0] Skipping checksum 'cksum' update because condition not met
[23:29:17.913] [bmv2] [D] [thread 28805] [10.0] [cxt 0] Deparsing header 'ethernet'
[23:29:17.913] [bmv2] [D] [thread 28805] [10.0] [cxt 0] Deparser 'deparser': end
[23:29:17.913] [bmv2] [D] [thread 28809] [10.0] [cxt 0] Transmitting packet of size 70 out of port 0
[23:29:18.016] [bmv2] [D] [thread 28804] [11.0] [cxt 0] Processing packet received on port 3
[23:29:18.016] [bmv2] [D] [thread 28804] [11.0] [cxt 0] Parser 'parser': start
[23:29:18.016] [bmv2] [D] [thread 28804] [11.0] [cxt 0] Parser 'parser' entering state 'start'
[23:29:18.016] [bmv2] [D] [thread 28804] [11.0] [cxt 0] Extracting header 'ethernet'
[23:29:18.016] [bmv2] [D] [thread 28804] [11.0] [cxt 0] Parser state 'start': key is 86dd
[23:29:18.016] [bmv2] [T] [thread 28804] [11.0] [cxt 0] Bytes parsed: 14
[23:29:18.016] [bmv2] [D] [thread 28804] [11.0] [cxt 0] Parser 'parser': end
[23:29:18.016] [bmv2] [D] [thread 28804] [11.0] [cxt 0] Pipeline 'ingress': start
[23:29:18.016] [bmv2] [T] [thread 28804] [11.0] [cxt 0] basic.p4(114) Condition "hdr.ipv4.isValid()" (node_2) is false
[23:29:18.016] [bmv2] [D] [thread 28804] [11.0] [cxt 0] Pipeline 'ingress': end
[23:29:18.016] [bmv2] [D] [thread 28804] [11.0] [cxt 0] Egress port is 0
[23:29:18.016] [bmv2] [D] [thread 28805] [11.0] [cxt 0] Pipeline 'egress': start
[23:29:18.016] [bmv2] [D] [thread 28805] [11.0] [cxt 0] Pipeline 'egress': end
[23:29:18.016] [bmv2] [D] [thread 28805] [11.0] [cxt 0] Deparser 'deparser': start
[23:29:18.016] [bmv2] [T] [thread 28805] [11.0] [cxt 0] Skipping checksum 'cksum' update because condition not met
[23:29:18.016] [bmv2] [D] [thread 28805] [11.0] [cxt 0] Deparsing header 'ethernet'
[23:29:18.016] [bmv2] [D] [thread 28805] [11.0] [cxt 0] Deparser 'deparser': end
[23:29:18.016] [bmv2] [D] [thread 28809] [11.0] [cxt 0] Transmitting packet of size 70 out of port 0
[23:29:21.465] [bmv2] [D] [thread 28804] [12.0] [cxt 0] Processing packet received on port 3
[23:29:21.465] [bmv2] [D] [thread 28804] [12.0] [cxt 0] Parser 'parser': start
[23:29:21.465] [bmv2] [D] [thread 28804] [12.0] [cxt 0] Parser 'parser' entering state 'start'
[23:29:21.465] [bmv2] [D] [thread 28804] [12.0] [cxt 0] Extracting header 'ethernet'
[23:29:21.465] [bmv2] [D] [thread 28804] [12.0] [cxt 0] Parser state 'start': key is 86dd
[23:29:21.465] [bmv2] [T] [thread 28804] [12.0] [cxt 0] Bytes parsed: 14
[23:29:21.465] [bmv2] [D] [thread 28804] [12.0] [cxt 0] Parser 'parser': end
[23:29:21.465] [bmv2] [D] [thread 28804] [12.0] [cxt 0] Pipeline 'ingress': start
[23:29:21.465] [bmv2] [T] [thread 28804] [12.0] [cxt 0] basic.p4(114) Condition "hdr.ipv4.isValid()" (node_2) is false
[23:29:21.465] [bmv2] [D] [thread 28804] [12.0] [cxt 0] Pipeline 'ingress': end
[23:29:21.465] [bmv2] [D] [thread 28804] [12.0] [cxt 0] Egress port is 0
[23:29:21.465] [bmv2] [D] [thread 28805] [12.0] [cxt 0] Pipeline 'egress': start
[23:29:21.465] [bmv2] [D] [thread 28805] [12.0] [cxt 0] Pipeline 'egress': end
[23:29:21.465] [bmv2] [D] [thread 28805] [12.0] [cxt 0] Deparser 'deparser': start
[23:29:21.465] [bmv2] [T] [thread 28805] [12.0] [cxt 0] Skipping checksum 'cksum' update because condition not met
[23:29:21.465] [bmv2] [D] [thread 28805] [12.0] [cxt 0] Deparsing header 'ethernet'
[23:29:21.465] [bmv2] [D] [thread 28805] [12.0] [cxt 0] Deparser 'deparser': end
[23:29:21.465] [bmv2] [D] [thread 28809] [12.0] [cxt 0] Transmitting packet of size 70 out of port 0
[23:29:21.568] [bmv2] [D] [thread 28804] [13.0] [cxt 0] Processing packet received on port 2
[23:29:21.568] [bmv2] [D] [thread 28804] [13.0] [cxt 0] Parser 'parser': start
[23:29:21.568] [bmv2] [D] [thread 28804] [13.0] [cxt 0] Parser 'parser' entering state 'start'
[23:29:21.568] [bmv2] [D] [thread 28804] [13.0] [cxt 0] Extracting header 'ethernet'
[23:29:21.568] [bmv2] [D] [thread 28804] [13.0] [cxt 0] Parser state 'start': key is 86dd
[23:29:21.568] [bmv2] [T] [thread 28804] [13.0] [cxt 0] Bytes parsed: 14
[23:29:21.568] [bmv2] [D] [thread 28804] [13.0] [cxt 0] Parser 'parser': end
[23:29:21.568] [bmv2] [D] [thread 28804] [13.0] [cxt 0] Pipeline 'ingress': start
[23:29:21.568] [bmv2] [T] [thread 28804] [13.0] [cxt 0] basic.p4(114) Condition "hdr.ipv4.isValid()" (node_2) is false
[23:29:21.568] [bmv2] [D] [thread 28804] [13.0] [cxt 0] Pipeline 'ingress': end
[23:29:21.568] [bmv2] [D] [thread 28804] [13.0] [cxt 0] Egress port is 0
[23:29:21.569] [bmv2] [D] [thread 28805] [13.0] [cxt 0] Pipeline 'egress': start
[23:29:21.569] [bmv2] [D] [thread 28805] [13.0] [cxt 0] Pipeline 'egress': end
[23:29:21.569] [bmv2] [D] [thread 28805] [13.0] [cxt 0] Deparser 'deparser': start
[23:29:21.569] [bmv2] [T] [thread 28805] [13.0] [cxt 0] Skipping checksum 'cksum' update because condition not met
[23:29:21.569] [bmv2] [D] [thread 28805] [13.0] [cxt 0] Deparsing header 'ethernet'
[23:29:21.569] [bmv2] [D] [thread 28805] [13.0] [cxt 0] Deparser 'deparser': end
[23:29:21.569] [bmv2] [D] [thread 28809] [13.0] [cxt 0] Transmitting packet of size 70 out of port 0
[23:29:21.924] [bmv2] [D] [thread 28804] [14.0] [cxt 0] Processing packet received on port 2
[23:29:21.924] [bmv2] [D] [thread 28804] [14.0] [cxt 0] Parser 'parser': start
[23:29:21.924] [bmv2] [D] [thread 28804] [14.0] [cxt 0] Parser 'parser' entering state 'start'
[23:29:21.924] [bmv2] [D] [thread 28804] [14.0] [cxt 0] Extracting header 'ethernet'
[23:29:21.924] [bmv2] [D] [thread 28804] [14.0] [cxt 0] Parser state 'start': key is 86dd
[23:29:21.924] [bmv2] [T] [thread 28804] [14.0] [cxt 0] Bytes parsed: 14
[23:29:21.924] [bmv2] [D] [thread 28804] [14.0] [cxt 0] Parser 'parser': end
[23:29:21.924] [bmv2] [D] [thread 28804] [14.0] [cxt 0] Pipeline 'ingress': start
[23:29:21.924] [bmv2] [T] [thread 28804] [14.0] [cxt 0] basic.p4(114) Condition "hdr.ipv4.isValid()" (node_2) is false
[23:29:21.924] [bmv2] [D] [thread 28804] [14.0] [cxt 0] Pipeline 'ingress': end
[23:29:21.924] [bmv2] [D] [thread 28804] [14.0] [cxt 0] Egress port is 0
[23:29:21.924] [bmv2] [D] [thread 28805] [14.0] [cxt 0] Pipeline 'egress': start
[23:29:21.925] [bmv2] [D] [thread 28805] [14.0] [cxt 0] Pipeline 'egress': end
[23:29:21.925] [bmv2] [D] [thread 28805] [14.0] [cxt 0] Deparser 'deparser': start
[23:29:21.925] [bmv2] [T] [thread 28805] [14.0] [cxt 0] Skipping checksum 'cksum' update because condition not met
[23:29:21.925] [bmv2] [D] [thread 28805] [14.0] [cxt 0] Deparsing header 'ethernet'
[23:29:21.925] [bmv2] [D] [thread 28805] [14.0] [cxt 0] Deparser 'deparser': end
[23:29:21.925] [bmv2] [D] [thread 28809] [14.0] [cxt 0] Transmitting packet of size 70 out of port 0
[23:29:22.024] [bmv2] [D] [thread 28804] [15.0] [cxt 0] Processing packet received on port 3
[23:29:22.025] [bmv2] [D] [thread 28804] [15.0] [cxt 0] Parser 'parser': start
[23:29:22.025] [bmv2] [D] [thread 28804] [15.0] [cxt 0] Parser 'parser' entering state 'start'
[23:29:22.025] [bmv2] [D] [thread 28804] [15.0] [cxt 0] Extracting header 'ethernet'
[23:29:22.025] [bmv2] [D] [thread 28804] [15.0] [cxt 0] Parser state 'start': key is 86dd
[23:29:22.025] [bmv2] [T] [thread 28804] [15.0] [cxt 0] Bytes parsed: 14
[23:29:22.025] [bmv2] [D] [thread 28804] [15.0] [cxt 0] Parser 'parser': end
[23:29:22.025] [bmv2] [D] [thread 28804] [15.0] [cxt 0] Pipeline 'ingress': start
[23:29:22.025] [bmv2] [T] [thread 28804] [15.0] [cxt 0] basic.p4(114) Condition "hdr.ipv4.isValid()" (node_2) is false
[23:29:22.025] [bmv2] [D] [thread 28804] [15.0] [cxt 0] Pipeline 'ingress': end
[23:29:22.025] [bmv2] [D] [thread 28804] [15.0] [cxt 0] Egress port is 0
[23:29:22.025] [bmv2] [D] [thread 28805] [15.0] [cxt 0] Pipeline 'egress': start
[23:29:22.025] [bmv2] [D] [thread 28805] [15.0] [cxt 0] Pipeline 'egress': end
[23:29:22.025] [bmv2] [D] [thread 28805] [15.0] [cxt 0] Deparser 'deparser': start
[23:29:22.025] [bmv2] [T] [thread 28805] [15.0] [cxt 0] Skipping checksum 'cksum' update because condition not met
[23:29:22.025] [bmv2] [D] [thread 28805] [15.0] [cxt 0] Deparsing header 'ethernet'
[23:29:22.025] [bmv2] [D] [thread 28805] [15.0] [cxt 0] Deparser 'deparser': end
[23:29:22.025] [bmv2] [D] [thread 28809] [15.0] [cxt 0] Transmitting packet of size 70 out of port 0
open: No such file or directory
open: No such file or directory
open: No such file or directory
open: No such file or directory
open: No such file or directory
open: No such file or directory
open: No such file or directory
open: No such file or directory
