Calling target program-options parser
[20:30:59.649] [bmv2] [D] [thread 4181] Set default default entry for table 'MyIngress.ipv4_lpm': MyIngress.drop - 
Adding interface s4-eth1 as port 1
[20:30:59.649] [bmv2] [D] [thread 4181] Adding interface s4-eth1 as port 1
Adding interface s4-eth2 as port 2
[20:30:59.674] [bmv2] [D] [thread 4181] Adding interface s4-eth2 as port 2
I0426 20:30:59.687313942    4181 server_builder.cc:247]      Synchronous server. Num CQs: 1, Min pollers: 1, Max Pollers: 2147483647, CQ timeout (msec): 1000
Server listening on 0.0.0.0:50054
[20:30:59.689] [bmv2] [I] [thread 4181] Starting Thrift server on port 9093
[20:30:59.689] [bmv2] [I] [thread 4181] Thrift server was started
[20:30:59.760] [bmv2] [D] [thread 4188] [0.0] [cxt 0] Processing packet received on port 1
[20:30:59.760] [bmv2] [D] [thread 4188] [0.0] [cxt 0] Parser 'parser': start
[20:30:59.760] [bmv2] [D] [thread 4188] [0.0] [cxt 0] Parser 'parser' entering state 'start'
[20:30:59.760] [bmv2] [D] [thread 4188] [0.0] [cxt 0] Extracting header 'ethernet'
[20:30:59.760] [bmv2] [D] [thread 4188] [0.0] [cxt 0] Parser state 'start': key is 86dd
[20:30:59.760] [bmv2] [T] [thread 4188] [0.0] [cxt 0] Bytes parsed: 14
[20:30:59.760] [bmv2] [D] [thread 4188] [0.0] [cxt 0] Parser 'parser': end
[20:30:59.760] [bmv2] [D] [thread 4188] [0.0] [cxt 0] Pipeline 'ingress': start
[20:30:59.760] [bmv2] [T] [thread 4188] [0.0] [cxt 0] basic.p4(114) Condition "hdr.ipv4.isValid()" (node_2) is false
[20:30:59.760] [bmv2] [D] [thread 4188] [0.0] [cxt 0] Pipeline 'ingress': end
[20:30:59.760] [bmv2] [D] [thread 4188] [0.0] [cxt 0] Egress port is 0
[20:30:59.760] [bmv2] [D] [thread 4188] [1.0] [cxt 0] Processing packet received on port 1
[20:30:59.760] [bmv2] [D] [thread 4188] [1.0] [cxt 0] Parser 'parser': start
[20:30:59.760] [bmv2] [D] [thread 4188] [1.0] [cxt 0] Parser 'parser' entering state 'start'
[20:30:59.760] [bmv2] [D] [thread 4188] [1.0] [cxt 0] Extracting header 'ethernet'
[20:30:59.760] [bmv2] [D] [thread 4188] [1.0] [cxt 0] Parser state 'start': key is 86dd
[20:30:59.760] [bmv2] [T] [thread 4188] [1.0] [cxt 0] Bytes parsed: 14
[20:30:59.760] [bmv2] [D] [thread 4188] [1.0] [cxt 0] Parser 'parser': end
[20:30:59.760] [bmv2] [D] [thread 4188] [1.0] [cxt 0] Pipeline 'ingress': start
[20:30:59.760] [bmv2] [T] [thread 4188] [1.0] [cxt 0] basic.p4(114) Condition "hdr.ipv4.isValid()" (node_2) is false
[20:30:59.760] [bmv2] [D] [thread 4188] [1.0] [cxt 0] Pipeline 'ingress': end
[20:30:59.760] [bmv2] [D] [thread 4188] [1.0] [cxt 0] Egress port is 0
[20:30:59.760] [bmv2] [D] [thread 4189] [0.0] [cxt 0] Pipeline 'egress': start
[20:30:59.760] [bmv2] [D] [thread 4189] [0.0] [cxt 0] Pipeline 'egress': end
[20:30:59.760] [bmv2] [D] [thread 4189] [0.0] [cxt 0] Deparser 'deparser': start
[20:30:59.760] [bmv2] [T] [thread 4189] [0.0] [cxt 0] Skipping checksum 'cksum' update because condition not met
[20:30:59.760] [bmv2] [D] [thread 4189] [0.0] [cxt 0] Deparsing header 'ethernet'
[20:30:59.760] [bmv2] [D] [thread 4189] [0.0] [cxt 0] Deparser 'deparser': end
[20:30:59.760] [bmv2] [D] [thread 4189] [1.0] [cxt 0] Pipeline 'egress': start
[20:30:59.760] [bmv2] [D] [thread 4189] [1.0] [cxt 0] Pipeline 'egress': end
[20:30:59.760] [bmv2] [D] [thread 4189] [1.0] [cxt 0] Deparser 'deparser': start
[20:30:59.760] [bmv2] [T] [thread 4189] [1.0] [cxt 0] Skipping checksum 'cksum' update because condition not met
[20:30:59.760] [bmv2] [D] [thread 4189] [1.0] [cxt 0] Deparsing header 'ethernet'
[20:30:59.760] [bmv2] [D] [thread 4189] [1.0] [cxt 0] Deparser 'deparser': end
[20:30:59.760] [bmv2] [D] [thread 4193] [0.0] [cxt 0] Transmitting packet of size 90 out of port 0
[20:30:59.760] [bmv2] [D] [thread 4193] [1.0] [cxt 0] Transmitting packet of size 70 out of port 0
[20:31:00.152] [bmv2] [D] [thread 4188] [2.0] [cxt 0] Processing packet received on port 1
[20:31:00.153] [bmv2] [D] [thread 4188] [2.0] [cxt 0] Parser 'parser': start
[20:31:00.153] [bmv2] [D] [thread 4188] [2.0] [cxt 0] Parser 'parser' entering state 'start'
[20:31:00.153] [bmv2] [D] [thread 4188] [2.0] [cxt 0] Extracting header 'ethernet'
[20:31:00.153] [bmv2] [D] [thread 4188] [2.0] [cxt 0] Parser state 'start': key is 86dd
[20:31:00.153] [bmv2] [T] [thread 4188] [2.0] [cxt 0] Bytes parsed: 14
[20:31:00.153] [bmv2] [D] [thread 4188] [2.0] [cxt 0] Parser 'parser': end
[20:31:00.153] [bmv2] [D] [thread 4188] [2.0] [cxt 0] Pipeline 'ingress': start
[20:31:00.153] [bmv2] [T] [thread 4188] [2.0] [cxt 0] basic.p4(114) Condition "hdr.ipv4.isValid()" (node_2) is false
[20:31:00.153] [bmv2] [D] [thread 4188] [2.0] [cxt 0] Pipeline 'ingress': end
[20:31:00.153] [bmv2] [D] [thread 4188] [2.0] [cxt 0] Egress port is 0
[20:31:00.153] [bmv2] [D] [thread 4189] [2.0] [cxt 0] Pipeline 'egress': start
[20:31:00.153] [bmv2] [D] [thread 4189] [2.0] [cxt 0] Pipeline 'egress': end
[20:31:00.153] [bmv2] [D] [thread 4189] [2.0] [cxt 0] Deparser 'deparser': start
[20:31:00.153] [bmv2] [T] [thread 4189] [2.0] [cxt 0] Skipping checksum 'cksum' update because condition not met
[20:31:00.153] [bmv2] [D] [thread 4189] [2.0] [cxt 0] Deparsing header 'ethernet'
[20:31:00.153] [bmv2] [D] [thread 4189] [2.0] [cxt 0] Deparser 'deparser': end
[20:31:00.153] [bmv2] [D] [thread 4193] [2.0] [cxt 0] Transmitting packet of size 90 out of port 0
[20:31:00.274] [bmv2] [D] [thread 4188] [3.0] [cxt 0] Processing packet received on port 2
[20:31:00.274] [bmv2] [D] [thread 4188] [3.0] [cxt 0] Parser 'parser': start
[20:31:00.274] [bmv2] [D] [thread 4188] [3.0] [cxt 0] Parser 'parser' entering state 'start'
[20:31:00.274] [bmv2] [D] [thread 4188] [3.0] [cxt 0] Extracting header 'ethernet'
[20:31:00.275] [bmv2] [D] [thread 4188] [3.0] [cxt 0] Parser state 'start': key is 86dd
[20:31:00.275] [bmv2] [T] [thread 4188] [3.0] [cxt 0] Bytes parsed: 14
[20:31:00.275] [bmv2] [D] [thread 4188] [3.0] [cxt 0] Parser 'parser': end
[20:31:00.275] [bmv2] [D] [thread 4188] [3.0] [cxt 0] Pipeline 'ingress': start
[20:31:00.275] [bmv2] [T] [thread 4188] [3.0] [cxt 0] basic.p4(114) Condition "hdr.ipv4.isValid()" (node_2) is false
[20:31:00.275] [bmv2] [D] [thread 4188] [3.0] [cxt 0] Pipeline 'ingress': end
[20:31:00.275] [bmv2] [D] [thread 4188] [3.0] [cxt 0] Egress port is 0
[20:31:00.275] [bmv2] [D] [thread 4189] [3.0] [cxt 0] Pipeline 'egress': start
[20:31:00.275] [bmv2] [D] [thread 4189] [3.0] [cxt 0] Pipeline 'egress': end
[20:31:00.275] [bmv2] [D] [thread 4189] [3.0] [cxt 0] Deparser 'deparser': start
[20:31:00.275] [bmv2] [T] [thread 4189] [3.0] [cxt 0] Skipping checksum 'cksum' update because condition not met
[20:31:00.275] [bmv2] [D] [thread 4189] [3.0] [cxt 0] Deparsing header 'ethernet'
[20:31:00.275] [bmv2] [D] [thread 4189] [3.0] [cxt 0] Deparser 'deparser': end
[20:31:00.275] [bmv2] [D] [thread 4193] [3.0] [cxt 0] Transmitting packet of size 90 out of port 0
[20:31:00.578] [bmv2] [D] [thread 4188] [4.0] [cxt 0] Processing packet received on port 1
[20:31:00.578] [bmv2] [D] [thread 4188] [4.0] [cxt 0] Parser 'parser': start
[20:31:00.578] [bmv2] [D] [thread 4188] [4.0] [cxt 0] Parser 'parser' entering state 'start'
[20:31:00.578] [bmv2] [D] [thread 4188] [4.0] [cxt 0] Extracting header 'ethernet'
[20:31:00.578] [bmv2] [D] [thread 4188] [4.0] [cxt 0] Parser state 'start': key is 86dd
[20:31:00.578] [bmv2] [T] [thread 4188] [4.0] [cxt 0] Bytes parsed: 14
[20:31:00.578] [bmv2] [D] [thread 4188] [4.0] [cxt 0] Parser 'parser': end
[20:31:00.578] [bmv2] [D] [thread 4188] [4.0] [cxt 0] Pipeline 'ingress': start
[20:31:00.578] [bmv2] [T] [thread 4188] [4.0] [cxt 0] basic.p4(114) Condition "hdr.ipv4.isValid()" (node_2) is false
[20:31:00.578] [bmv2] [D] [thread 4188] [4.0] [cxt 0] Pipeline 'ingress': end
[20:31:00.578] [bmv2] [D] [thread 4188] [4.0] [cxt 0] Egress port is 0
[20:31:00.578] [bmv2] [D] [thread 4189] [4.0] [cxt 0] Pipeline 'egress': start
[20:31:00.578] [bmv2] [D] [thread 4189] [4.0] [cxt 0] Pipeline 'egress': end
[20:31:00.578] [bmv2] [D] [thread 4189] [4.0] [cxt 0] Deparser 'deparser': start
[20:31:00.578] [bmv2] [T] [thread 4189] [4.0] [cxt 0] Skipping checksum 'cksum' update because condition not met
[20:31:00.578] [bmv2] [D] [thread 4189] [4.0] [cxt 0] Deparsing header 'ethernet'
[20:31:00.578] [bmv2] [D] [thread 4189] [4.0] [cxt 0] Deparser 'deparser': end
[20:31:00.578] [bmv2] [D] [thread 4193] [4.0] [cxt 0] Transmitting packet of size 90 out of port 0
New connection
P4Runtime SetForwardingPipelineConfig
[20:31:01.225] [bmv2] [W] [thread 4233] [P4Runtime] p4::tmp::P4DeviceConfig is deprecated
[20:31:01.226] [bmv2] [D] [thread 4233] Set default default entry for table 'MyIngress.ipv4_lpm': MyIngress.drop - 
P4Runtime Write
device_id: 3
election_id {
  low: 1
}
updates {
  type: MODIFY
  entity {
    table_entry {
      table_id: 33574068
      action {
        action {
          action_id: 16805608
        }
      }
      is_default_action: true
    }
  }
}
[20:31:01.231] [bmv2] [D] [thread 4233] Set default entry for table 'MyIngress.ipv4_lpm': MyIngress.drop - 
P4Runtime Write
device_id: 3
election_id {
  low: 1
}
updates {
  type: INSERT
  entity {
    table_entry {
      table_id: 33574068
      match {
        field_id: 1
        lpm {
          value: "\n\000\001\001"
          prefix_len: 32
        }
      }
      action {
        action {
          action_id: 16799317
          params {
            param_id: 1
            value: "\010\000\000\000\001\000"
          }
          params {
            param_id: 2
            value: "\000\002"
          }
        }
      }
    }
  }
}
[20:31:01.232] [bmv2] [D] [thread 4233] Entry 0 added to table 'MyIngress.ipv4_lpm'
[20:31:01.232] [bmv2] [D] [thread 4233] Dumping entry 0
Match key:
* hdr.ipv4.dstAddr    : LPM       0a000101/32
Action entry: MyIngress.ipv4_forward - 80000000100,2,

P4Runtime Write
device_id: 3
election_id {
  low: 1
}
updates {
  type: INSERT
  entity {
    table_entry {
      table_id: 33574068
      match {
        field_id: 1
        lpm {
          value: "\n\000\002\002"
          prefix_len: 32
        }
      }
      action {
        action {
          action_id: 16799317
          params {
            param_id: 1
            value: "\010\000\000\000\001\000"
          }
          params {
            param_id: 2
            value: "\000\002"
          }
        }
      }
    }
  }
}
[20:31:01.233] [bmv2] [D] [thread 4233] Entry 1 added to table 'MyIngress.ipv4_lpm'
[20:31:01.233] [bmv2] [D] [thread 4233] Dumping entry 1
Match key:
* hdr.ipv4.dstAddr    : LPM       0a000202/32
Action entry: MyIngress.ipv4_forward - 80000000100,2,

P4Runtime Write
device_id: 3
election_id {
  low: 1
}
updates {
  type: INSERT
  entity {
    table_entry {
      table_id: 33574068
      match {
        field_id: 1
        lpm {
          value: "\n\000\003\003"
          prefix_len: 32
        }
      }
      action {
        action {
          action_id: 16799317
          params {
            param_id: 1
            value: "\010\000\000\000\002\000"
          }
          params {
            param_id: 2
            value: "\000\001"
          }
        }
      }
    }
  }
}
[20:31:01.234] [bmv2] [D] [thread 4233] Entry 2 added to table 'MyIngress.ipv4_lpm'
[20:31:01.234] [bmv2] [D] [thread 4233] Dumping entry 2
Match key:
* hdr.ipv4.dstAddr    : LPM       0a000303/32
Action entry: MyIngress.ipv4_forward - 80000000200,1,

P4Runtime Write
device_id: 3
election_id {
  low: 1
}
updates {
  type: INSERT
  entity {
    table_entry {
      table_id: 33574068
      match {
        field_id: 1
        lpm {
          value: "\n\000\004\004"
          prefix_len: 32
        }
      }
      action {
        action {
          action_id: 16799317
          params {
            param_id: 1
            value: "\010\000\000\000\002\000"
          }
          params {
            param_id: 2
            value: "\000\001"
          }
        }
      }
    }
  }
}
[20:31:01.235] [bmv2] [D] [thread 4233] Entry 3 added to table 'MyIngress.ipv4_lpm'
[20:31:01.235] [bmv2] [D] [thread 4233] Dumping entry 3
Match key:
* hdr.ipv4.dstAddr    : LPM       0a000404/32
Action entry: MyIngress.ipv4_forward - 80000000200,1,

Connection removed
[20:31:03.194] [bmv2] [D] [thread 4188] [5.0] [cxt 0] Processing packet received on port 2
[20:31:03.194] [bmv2] [D] [thread 4188] [5.0] [cxt 0] Parser 'parser': start
[20:31:03.194] [bmv2] [D] [thread 4188] [5.0] [cxt 0] Parser 'parser' entering state 'start'
[20:31:03.194] [bmv2] [D] [thread 4188] [5.0] [cxt 0] Extracting header 'ethernet'
[20:31:03.194] [bmv2] [D] [thread 4188] [5.0] [cxt 0] Parser state 'start': key is 86dd
[20:31:03.194] [bmv2] [T] [thread 4188] [5.0] [cxt 0] Bytes parsed: 14
[20:31:03.194] [bmv2] [D] [thread 4188] [5.0] [cxt 0] Parser 'parser': end
[20:31:03.194] [bmv2] [D] [thread 4188] [5.0] [cxt 0] Pipeline 'ingress': start
[20:31:03.194] [bmv2] [T] [thread 4188] [5.0] [cxt 0] basic.p4(114) Condition "hdr.ipv4.isValid()" (node_2) is false
[20:31:03.194] [bmv2] [D] [thread 4188] [5.0] [cxt 0] Pipeline 'ingress': end
[20:31:03.194] [bmv2] [D] [thread 4188] [5.0] [cxt 0] Egress port is 0
[20:31:03.194] [bmv2] [D] [thread 4189] [5.0] [cxt 0] Pipeline 'egress': start
[20:31:03.194] [bmv2] [D] [thread 4189] [5.0] [cxt 0] Pipeline 'egress': end
[20:31:03.194] [bmv2] [D] [thread 4189] [5.0] [cxt 0] Deparser 'deparser': start
[20:31:03.194] [bmv2] [T] [thread 4189] [5.0] [cxt 0] Skipping checksum 'cksum' update because condition not met
[20:31:03.194] [bmv2] [D] [thread 4189] [5.0] [cxt 0] Deparsing header 'ethernet'
[20:31:03.194] [bmv2] [D] [thread 4189] [5.0] [cxt 0] Deparser 'deparser': end
[20:31:03.194] [bmv2] [D] [thread 4193] [5.0] [cxt 0] Transmitting packet of size 70 out of port 0
[20:31:03.434] [bmv2] [D] [thread 4188] [6.0] [cxt 0] Processing packet received on port 2
[20:31:03.434] [bmv2] [D] [thread 4188] [6.0] [cxt 0] Parser 'parser': start
[20:31:03.434] [bmv2] [D] [thread 4188] [6.0] [cxt 0] Parser 'parser' entering state 'start'
[20:31:03.434] [bmv2] [D] [thread 4188] [6.0] [cxt 0] Extracting header 'ethernet'
[20:31:03.434] [bmv2] [D] [thread 4188] [6.0] [cxt 0] Parser state 'start': key is 86dd
[20:31:03.434] [bmv2] [T] [thread 4188] [6.0] [cxt 0] Bytes parsed: 14
[20:31:03.434] [bmv2] [D] [thread 4188] [6.0] [cxt 0] Parser 'parser': end
[20:31:03.434] [bmv2] [D] [thread 4188] [6.0] [cxt 0] Pipeline 'ingress': start
[20:31:03.434] [bmv2] [T] [thread 4188] [6.0] [cxt 0] basic.p4(114) Condition "hdr.ipv4.isValid()" (node_2) is false
[20:31:03.434] [bmv2] [D] [thread 4188] [6.0] [cxt 0] Pipeline 'ingress': end
[20:31:03.434] [bmv2] [D] [thread 4188] [6.0] [cxt 0] Egress port is 0
[20:31:03.434] [bmv2] [D] [thread 4189] [6.0] [cxt 0] Pipeline 'egress': start
[20:31:03.434] [bmv2] [D] [thread 4189] [6.0] [cxt 0] Pipeline 'egress': end
[20:31:03.434] [bmv2] [D] [thread 4189] [6.0] [cxt 0] Deparser 'deparser': start
[20:31:03.434] [bmv2] [T] [thread 4189] [6.0] [cxt 0] Skipping checksum 'cksum' update because condition not met
[20:31:03.434] [bmv2] [D] [thread 4189] [6.0] [cxt 0] Deparsing header 'ethernet'
[20:31:03.434] [bmv2] [D] [thread 4189] [6.0] [cxt 0] Deparser 'deparser': end
[20:31:03.434] [bmv2] [D] [thread 4193] [6.0] [cxt 0] Transmitting packet of size 70 out of port 0
[20:31:03.562] [bmv2] [D] [thread 4188] [7.0] [cxt 0] Processing packet received on port 1
[20:31:03.562] [bmv2] [D] [thread 4188] [7.0] [cxt 0] Parser 'parser': start
[20:31:03.562] [bmv2] [D] [thread 4188] [7.0] [cxt 0] Parser 'parser' entering state 'start'
[20:31:03.562] [bmv2] [D] [thread 4188] [7.0] [cxt 0] Extracting header 'ethernet'
[20:31:03.562] [bmv2] [D] [thread 4188] [7.0] [cxt 0] Parser state 'start': key is 86dd
[20:31:03.562] [bmv2] [T] [thread 4188] [7.0] [cxt 0] Bytes parsed: 14
[20:31:03.562] [bmv2] [D] [thread 4188] [7.0] [cxt 0] Parser 'parser': end
[20:31:03.562] [bmv2] [D] [thread 4188] [7.0] [cxt 0] Pipeline 'ingress': start
[20:31:03.562] [bmv2] [T] [thread 4188] [7.0] [cxt 0] basic.p4(114) Condition "hdr.ipv4.isValid()" (node_2) is false
[20:31:03.562] [bmv2] [D] [thread 4188] [7.0] [cxt 0] Pipeline 'ingress': end
[20:31:03.562] [bmv2] [D] [thread 4188] [7.0] [cxt 0] Egress port is 0
[20:31:03.562] [bmv2] [D] [thread 4189] [7.0] [cxt 0] Pipeline 'egress': start
[20:31:03.562] [bmv2] [D] [thread 4189] [7.0] [cxt 0] Pipeline 'egress': end
[20:31:03.562] [bmv2] [D] [thread 4189] [7.0] [cxt 0] Deparser 'deparser': start
[20:31:03.562] [bmv2] [T] [thread 4189] [7.0] [cxt 0] Skipping checksum 'cksum' update because condition not met
[20:31:03.562] [bmv2] [D] [thread 4189] [7.0] [cxt 0] Deparsing header 'ethernet'
[20:31:03.562] [bmv2] [D] [thread 4189] [7.0] [cxt 0] Deparser 'deparser': end
[20:31:03.562] [bmv2] [D] [thread 4193] [7.0] [cxt 0] Transmitting packet of size 70 out of port 0
[20:31:03.827] [bmv2] [D] [thread 4188] [8.0] [cxt 0] Processing packet received on port 1
[20:31:03.827] [bmv2] [D] [thread 4188] [8.0] [cxt 0] Parser 'parser': start
[20:31:03.827] [bmv2] [D] [thread 4188] [8.0] [cxt 0] Parser 'parser' entering state 'start'
[20:31:03.827] [bmv2] [D] [thread 4188] [8.0] [cxt 0] Extracting header 'ethernet'
[20:31:03.827] [bmv2] [D] [thread 4188] [8.0] [cxt 0] Parser state 'start': key is 86dd
[20:31:03.827] [bmv2] [T] [thread 4188] [8.0] [cxt 0] Bytes parsed: 14
[20:31:03.827] [bmv2] [D] [thread 4188] [8.0] [cxt 0] Parser 'parser': end
[20:31:03.827] [bmv2] [D] [thread 4188] [8.0] [cxt 0] Pipeline 'ingress': start
[20:31:03.827] [bmv2] [T] [thread 4188] [8.0] [cxt 0] basic.p4(114) Condition "hdr.ipv4.isValid()" (node_2) is false
[20:31:03.827] [bmv2] [D] [thread 4188] [8.0] [cxt 0] Pipeline 'ingress': end
[20:31:03.827] [bmv2] [D] [thread 4188] [8.0] [cxt 0] Egress port is 0
[20:31:03.827] [bmv2] [D] [thread 4189] [8.0] [cxt 0] Pipeline 'egress': start
[20:31:03.827] [bmv2] [D] [thread 4189] [8.0] [cxt 0] Pipeline 'egress': end
[20:31:03.827] [bmv2] [D] [thread 4189] [8.0] [cxt 0] Deparser 'deparser': start
[20:31:03.827] [bmv2] [T] [thread 4189] [8.0] [cxt 0] Skipping checksum 'cksum' update because condition not met
[20:31:03.828] [bmv2] [D] [thread 4189] [8.0] [cxt 0] Deparsing header 'ethernet'
[20:31:03.828] [bmv2] [D] [thread 4189] [8.0] [cxt 0] Deparser 'deparser': end
[20:31:03.828] [bmv2] [D] [thread 4193] [8.0] [cxt 0] Transmitting packet of size 70 out of port 0
[20:31:07.202] [bmv2] [D] [thread 4188] [9.0] [cxt 0] Processing packet received on port 2
[20:31:07.202] [bmv2] [D] [thread 4188] [9.0] [cxt 0] Parser 'parser': start
[20:31:07.202] [bmv2] [D] [thread 4188] [9.0] [cxt 0] Parser 'parser' entering state 'start'
[20:31:07.202] [bmv2] [D] [thread 4188] [9.0] [cxt 0] Extracting header 'ethernet'
[20:31:07.202] [bmv2] [D] [thread 4188] [9.0] [cxt 0] Parser state 'start': key is 86dd
[20:31:07.202] [bmv2] [T] [thread 4188] [9.0] [cxt 0] Bytes parsed: 14
[20:31:07.202] [bmv2] [D] [thread 4188] [9.0] [cxt 0] Parser 'parser': end
[20:31:07.202] [bmv2] [D] [thread 4188] [9.0] [cxt 0] Pipeline 'ingress': start
[20:31:07.202] [bmv2] [T] [thread 4188] [9.0] [cxt 0] basic.p4(114) Condition "hdr.ipv4.isValid()" (node_2) is false
[20:31:07.202] [bmv2] [D] [thread 4188] [9.0] [cxt 0] Pipeline 'ingress': end
[20:31:07.202] [bmv2] [D] [thread 4188] [9.0] [cxt 0] Egress port is 0
[20:31:07.202] [bmv2] [D] [thread 4189] [9.0] [cxt 0] Pipeline 'egress': start
[20:31:07.202] [bmv2] [D] [thread 4189] [9.0] [cxt 0] Pipeline 'egress': end
[20:31:07.202] [bmv2] [D] [thread 4189] [9.0] [cxt 0] Deparser 'deparser': start
[20:31:07.202] [bmv2] [T] [thread 4189] [9.0] [cxt 0] Skipping checksum 'cksum' update because condition not met
[20:31:07.202] [bmv2] [D] [thread 4189] [9.0] [cxt 0] Deparsing header 'ethernet'
[20:31:07.202] [bmv2] [D] [thread 4189] [9.0] [cxt 0] Deparser 'deparser': end
[20:31:07.202] [bmv2] [D] [thread 4193] [9.0] [cxt 0] Transmitting packet of size 70 out of port 0
[20:31:07.442] [bmv2] [D] [thread 4188] [10.0] [cxt 0] Processing packet received on port 2
[20:31:07.442] [bmv2] [D] [thread 4188] [10.0] [cxt 0] Parser 'parser': start
[20:31:07.442] [bmv2] [D] [thread 4188] [10.0] [cxt 0] Parser 'parser' entering state 'start'
[20:31:07.442] [bmv2] [D] [thread 4188] [10.0] [cxt 0] Extracting header 'ethernet'
[20:31:07.442] [bmv2] [D] [thread 4188] [10.0] [cxt 0] Parser state 'start': key is 86dd
[20:31:07.442] [bmv2] [T] [thread 4188] [10.0] [cxt 0] Bytes parsed: 14
[20:31:07.442] [bmv2] [D] [thread 4188] [10.0] [cxt 0] Parser 'parser': end
[20:31:07.442] [bmv2] [D] [thread 4188] [10.0] [cxt 0] Pipeline 'ingress': start
[20:31:07.442] [bmv2] [T] [thread 4188] [10.0] [cxt 0] basic.p4(114) Condition "hdr.ipv4.isValid()" (node_2) is false
[20:31:07.442] [bmv2] [D] [thread 4188] [10.0] [cxt 0] Pipeline 'ingress': end
[20:31:07.442] [bmv2] [D] [thread 4188] [10.0] [cxt 0] Egress port is 0
[20:31:07.442] [bmv2] [D] [thread 4189] [10.0] [cxt 0] Pipeline 'egress': start
[20:31:07.442] [bmv2] [D] [thread 4189] [10.0] [cxt 0] Pipeline 'egress': end
[20:31:07.442] [bmv2] [D] [thread 4189] [10.0] [cxt 0] Deparser 'deparser': start
[20:31:07.442] [bmv2] [T] [thread 4189] [10.0] [cxt 0] Skipping checksum 'cksum' update because condition not met
[20:31:07.442] [bmv2] [D] [thread 4189] [10.0] [cxt 0] Deparsing header 'ethernet'
[20:31:07.442] [bmv2] [D] [thread 4189] [10.0] [cxt 0] Deparser 'deparser': end
[20:31:07.442] [bmv2] [D] [thread 4193] [10.0] [cxt 0] Transmitting packet of size 70 out of port 0
[20:31:07.583] [bmv2] [D] [thread 4188] [11.0] [cxt 0] Processing packet received on port 1
[20:31:07.583] [bmv2] [D] [thread 4188] [11.0] [cxt 0] Parser 'parser': start
[20:31:07.583] [bmv2] [D] [thread 4188] [11.0] [cxt 0] Parser 'parser' entering state 'start'
[20:31:07.583] [bmv2] [D] [thread 4188] [11.0] [cxt 0] Extracting header 'ethernet'
[20:31:07.583] [bmv2] [D] [thread 4188] [11.0] [cxt 0] Parser state 'start': key is 86dd
[20:31:07.583] [bmv2] [T] [thread 4188] [11.0] [cxt 0] Bytes parsed: 14
[20:31:07.583] [bmv2] [D] [thread 4188] [11.0] [cxt 0] Parser 'parser': end
[20:31:07.583] [bmv2] [D] [thread 4188] [11.0] [cxt 0] Pipeline 'ingress': start
[20:31:07.583] [bmv2] [T] [thread 4188] [11.0] [cxt 0] basic.p4(114) Condition "hdr.ipv4.isValid()" (node_2) is false
[20:31:07.583] [bmv2] [D] [thread 4188] [11.0] [cxt 0] Pipeline 'ingress': end
[20:31:07.583] [bmv2] [D] [thread 4188] [11.0] [cxt 0] Egress port is 0
[20:31:07.583] [bmv2] [D] [thread 4189] [11.0] [cxt 0] Pipeline 'egress': start
[20:31:07.583] [bmv2] [D] [thread 4189] [11.0] [cxt 0] Pipeline 'egress': end
[20:31:07.583] [bmv2] [D] [thread 4189] [11.0] [cxt 0] Deparser 'deparser': start
[20:31:07.583] [bmv2] [T] [thread 4189] [11.0] [cxt 0] Skipping checksum 'cksum' update because condition not met
[20:31:07.583] [bmv2] [D] [thread 4189] [11.0] [cxt 0] Deparsing header 'ethernet'
[20:31:07.583] [bmv2] [D] [thread 4189] [11.0] [cxt 0] Deparser 'deparser': end
[20:31:07.583] [bmv2] [D] [thread 4193] [11.0] [cxt 0] Transmitting packet of size 70 out of port 0
[20:31:07.834] [bmv2] [D] [thread 4188] [12.0] [cxt 0] Processing packet received on port 1
[20:31:07.834] [bmv2] [D] [thread 4188] [12.0] [cxt 0] Parser 'parser': start
[20:31:07.834] [bmv2] [D] [thread 4188] [12.0] [cxt 0] Parser 'parser' entering state 'start'
[20:31:07.834] [bmv2] [D] [thread 4188] [12.0] [cxt 0] Extracting header 'ethernet'
[20:31:07.834] [bmv2] [D] [thread 4188] [12.0] [cxt 0] Parser state 'start': key is 86dd
[20:31:07.834] [bmv2] [T] [thread 4188] [12.0] [cxt 0] Bytes parsed: 14
[20:31:07.834] [bmv2] [D] [thread 4188] [12.0] [cxt 0] Parser 'parser': end
[20:31:07.834] [bmv2] [D] [thread 4188] [12.0] [cxt 0] Pipeline 'ingress': start
[20:31:07.834] [bmv2] [T] [thread 4188] [12.0] [cxt 0] basic.p4(114) Condition "hdr.ipv4.isValid()" (node_2) is false
[20:31:07.834] [bmv2] [D] [thread 4188] [12.0] [cxt 0] Pipeline 'ingress': end
[20:31:07.834] [bmv2] [D] [thread 4188] [12.0] [cxt 0] Egress port is 0
[20:31:07.834] [bmv2] [D] [thread 4189] [12.0] [cxt 0] Pipeline 'egress': start
[20:31:07.835] [bmv2] [D] [thread 4189] [12.0] [cxt 0] Pipeline 'egress': end
[20:31:07.835] [bmv2] [D] [thread 4189] [12.0] [cxt 0] Deparser 'deparser': start
[20:31:07.835] [bmv2] [T] [thread 4189] [12.0] [cxt 0] Skipping checksum 'cksum' update because condition not met
[20:31:07.835] [bmv2] [D] [thread 4189] [12.0] [cxt 0] Deparsing header 'ethernet'
[20:31:07.835] [bmv2] [D] [thread 4189] [12.0] [cxt 0] Deparser 'deparser': end
[20:31:07.835] [bmv2] [D] [thread 4193] [12.0] [cxt 0] Transmitting packet of size 70 out of port 0
open: No such file or directory
open: No such file or directory
open: No such file or directory
open: No such file or directory
